2025-04-12 12:17:18.690 [info] [main] Log level: Info
2025-04-12 12:17:18.690 [info] [main] Validating found git in: "git"
2025-04-12 12:17:18.690 [info] [main] Using git "2.49.0" from "git"
2025-04-12 12:17:18.690 [info] [Model][doInitialScan] Initial repository scan started
2025-04-12 12:17:18.690 [info] > git rev-parse --show-toplevel [5ms]
2025-04-12 12:17:18.690 [info] fatal: not a git repository (or any parent up to mount point /)
Stopping at filesystem boundary (GIT_DISCOVERY_ACROSS_FILESYSTEM not set).
2025-04-12 12:17:18.690 [info] > git rev-parse --show-toplevel [211ms]
2025-04-12 12:17:18.690 [info] fatal: not a git repository (or any parent up to mount point /)
Stopping at filesystem boundary (GIT_DISCOVERY_ACROSS_FILESYSTEM not set).
2025-04-12 12:17:18.692 [info] > git rev-parse --show-toplevel [15ms]
2025-04-12 12:17:18.692 [info] fatal: not a git repository (or any parent up to mount point /)
Stopping at filesystem boundary (GIT_DISCOVERY_ACROSS_FILESYSTEM not set).
2025-04-12 12:17:18.797 [info] > git rev-parse --show-toplevel [12ms]
2025-04-12 12:17:18.797 [info] fatal: not a git repository (or any parent up to mount point /)
Stopping at filesystem boundary (GIT_DISCOVERY_ACROSS_FILESYSTEM not set).
2025-04-12 12:17:18.798 [info] [Model][doInitialScan] Initial repository scan completed - repositories (0), closed repositories (0), parent repositories (0), unsafe repositories (0)
2025-04-12 12:17:18.807 [info] > git rev-parse --show-toplevel [3ms]
2025-04-12 12:17:18.807 [info] fatal: not a git repository (or any parent up to mount point /)
Stopping at filesystem boundary (GIT_DISCOVERY_ACROSS_FILESYSTEM not set).
2025-04-12 12:17:20.836 [info] > git rev-parse --show-toplevel [5ms]
2025-04-12 12:17:20.836 [info] fatal: not a git repository (or any parent up to mount point /)
Stopping at filesystem boundary (GIT_DISCOVERY_ACROSS_FILESYSTEM not set).
