2025-04-14 11:21:59.644 [info] [main] Log level: Info
2025-04-14 11:21:59.644 [info] [main] Validating found git in: "git"
2025-04-14 11:21:59.644 [info] [main] Using git "2.49.0" from "git"
2025-04-14 11:21:59.644 [info] [Model][doInitialScan] Initial repository scan started
2025-04-14 11:21:59.644 [info] > git rev-parse --show-toplevel [3ms]
2025-04-14 11:21:59.644 [info] fatal: not a git repository (or any parent up to mount point /)
Stopping at filesystem boundary (GIT_DISCOVERY_ACROSS_FILESYSTEM not set).
2025-04-14 11:21:59.650 [info] > git rev-parse --show-toplevel [1ms]
2025-04-14 11:21:59.650 [info] fatal: not a git repository (or any parent up to mount point /)
Stopping at filesystem boundary (GIT_DISCOVERY_ACROSS_FILESYSTEM not set).
2025-04-14 11:21:59.657 [info] > git rev-parse --show-toplevel [2ms]
2025-04-14 11:21:59.657 [info] fatal: not a git repository (or any parent up to mount point /)
Stopping at filesystem boundary (GIT_DISCOVERY_ACROSS_FILESYSTEM not set).
2025-04-14 11:21:59.867 [info] > git rev-parse --show-toplevel [205ms]
2025-04-14 11:21:59.867 [info] fatal: not a git repository (or any parent up to mount point /)
Stopping at filesystem boundary (GIT_DISCOVERY_ACROSS_FILESYSTEM not set).
2025-04-14 11:21:59.867 [info] [Model][doInitialScan] Initial repository scan completed - repositories (0), closed repositories (0), parent repositories (0), unsafe repositories (0)
2025-04-14 11:22:00.248 [info] > git rev-parse --show-toplevel [259ms]
2025-04-14 11:22:00.248 [info] fatal: not a git repository (or any parent up to mount point /)
Stopping at filesystem boundary (GIT_DISCOVERY_ACROSS_FILESYSTEM not set).
2025-04-14 11:22:00.385 [info] > git rev-parse --show-toplevel [13ms]
2025-04-14 11:22:00.385 [info] fatal: not a git repository (or any parent up to mount point /)
Stopping at filesystem boundary (GIT_DISCOVERY_ACROSS_FILESYSTEM not set).
2025-04-14 11:22:00.700 [info] > git rev-parse --show-toplevel [2ms]
2025-04-14 11:22:00.700 [info] fatal: not a git repository (or any parent up to mount point /)
Stopping at filesystem boundary (GIT_DISCOVERY_ACROSS_FILESYSTEM not set).
2025-04-14 14:59:09.366 [info] > git rev-parse --show-toplevel [2ms]
2025-04-14 14:59:09.366 [info] fatal: not a git repository (or any parent up to mount point /)
Stopping at filesystem boundary (GIT_DISCOVERY_ACROSS_FILESYSTEM not set).
2025-04-14 14:59:11.067 [info] > git rev-parse --show-toplevel [2ms]
2025-04-14 14:59:11.067 [info] fatal: not a git repository (or any parent up to mount point /)
Stopping at filesystem boundary (GIT_DISCOVERY_ACROSS_FILESYSTEM not set).
2025-04-14 14:59:51.089 [info] > git rev-parse --show-toplevel [2ms]
2025-04-14 14:59:51.089 [info] fatal: not a git repository (or any parent up to mount point /)
Stopping at filesystem boundary (GIT_DISCOVERY_ACROSS_FILESYSTEM not set).
2025-04-14 15:00:14.363 [info] > git rev-parse --show-toplevel [3ms]
2025-04-14 15:00:14.363 [info] fatal: not a git repository (or any parent up to mount point /)
Stopping at filesystem boundary (GIT_DISCOVERY_ACROSS_FILESYSTEM not set).
2025-04-14 15:00:24.936 [info] > git rev-parse --show-toplevel [2ms]
2025-04-14 15:00:24.936 [info] fatal: not a git repository (or any parent up to mount point /)
Stopping at filesystem boundary (GIT_DISCOVERY_ACROSS_FILESYSTEM not set).
2025-04-14 15:00:25.416 [info] > git rev-parse --show-toplevel [1ms]
2025-04-14 15:00:25.416 [info] fatal: not a git repository (or any parent up to mount point /)
Stopping at filesystem boundary (GIT_DISCOVERY_ACROSS_FILESYSTEM not set).
2025-04-14 15:00:33.147 [info] > git rev-parse --show-toplevel [3ms]
2025-04-14 15:00:33.147 [info] fatal: not a git repository (or any parent up to mount point /)
Stopping at filesystem boundary (GIT_DISCOVERY_ACROSS_FILESYSTEM not set).
2025-04-14 15:00:39.823 [info] > git rev-parse --show-toplevel [2ms]
2025-04-14 15:00:39.823 [info] fatal: not a git repository (or any parent up to mount point /)
Stopping at filesystem boundary (GIT_DISCOVERY_ACROSS_FILESYSTEM not set).
2025-04-14 15:00:44.130 [info] > git rev-parse --show-toplevel [2ms]
2025-04-14 15:00:44.130 [info] fatal: not a git repository (or any parent up to mount point /)
Stopping at filesystem boundary (GIT_DISCOVERY_ACROSS_FILESYSTEM not set).
2025-04-14 15:01:21.241 [info] > git rev-parse --show-toplevel [1ms]
2025-04-14 15:01:21.241 [info] fatal: not a git repository (or any parent up to mount point /)
Stopping at filesystem boundary (GIT_DISCOVERY_ACROSS_FILESYSTEM not set).
2025-04-14 15:01:25.155 [info] > git rev-parse --show-toplevel [2ms]
2025-04-14 15:01:25.155 [info] fatal: not a git repository (or any parent up to mount point /)
Stopping at filesystem boundary (GIT_DISCOVERY_ACROSS_FILESYSTEM not set).
2025-04-14 15:01:29.695 [info] > git rev-parse --show-toplevel [2ms]
2025-04-14 15:01:29.695 [info] fatal: not a git repository (or any parent up to mount point /)
Stopping at filesystem boundary (GIT_DISCOVERY_ACROSS_FILESYSTEM not set).
2025-04-14 15:01:36.208 [info] > git rev-parse --show-toplevel [2ms]
2025-04-14 15:01:36.208 [info] fatal: not a git repository (or any parent up to mount point /)
Stopping at filesystem boundary (GIT_DISCOVERY_ACROSS_FILESYSTEM not set).
2025-04-14 15:01:44.310 [info] > git rev-parse --show-toplevel [2ms]
2025-04-14 15:01:44.310 [info] fatal: not a git repository (or any parent up to mount point /)
Stopping at filesystem boundary (GIT_DISCOVERY_ACROSS_FILESYSTEM not set).
2025-04-14 15:01:47.303 [info] > git rev-parse --show-toplevel [2ms]
2025-04-14 15:01:47.303 [info] fatal: not a git repository (or any parent up to mount point /)
Stopping at filesystem boundary (GIT_DISCOVERY_ACROSS_FILESYSTEM not set).
2025-04-14 15:02:31.161 [info] > git rev-parse --show-toplevel [1ms]
2025-04-14 15:02:31.161 [info] fatal: not a git repository (or any parent up to mount point /)
Stopping at filesystem boundary (GIT_DISCOVERY_ACROSS_FILESYSTEM not set).
2025-04-14 15:03:27.263 [info] > git rev-parse --show-toplevel [1ms]
2025-04-14 15:03:27.263 [info] fatal: not a git repository (or any parent up to mount point /)
Stopping at filesystem boundary (GIT_DISCOVERY_ACROSS_FILESYSTEM not set).
2025-04-14 15:03:34.273 [info] > git rev-parse --show-toplevel [2ms]
2025-04-14 15:03:34.273 [info] fatal: not a git repository (or any parent up to mount point /)
Stopping at filesystem boundary (GIT_DISCOVERY_ACROSS_FILESYSTEM not set).
2025-04-14 15:04:04.114 [info] > git rev-parse --show-toplevel [2ms]
2025-04-14 15:04:04.114 [info] fatal: not a git repository (or any parent up to mount point /)
Stopping at filesystem boundary (GIT_DISCOVERY_ACROSS_FILESYSTEM not set).
2025-04-14 15:04:13.462 [info] > git rev-parse --show-toplevel [1ms]
2025-04-14 15:04:13.463 [info] fatal: not a git repository (or any parent up to mount point /)
Stopping at filesystem boundary (GIT_DISCOVERY_ACROSS_FILESYSTEM not set).
2025-04-14 15:04:17.341 [info] > git rev-parse --show-toplevel [1ms]
2025-04-14 15:04:17.341 [info] fatal: not a git repository (or any parent up to mount point /)
Stopping at filesystem boundary (GIT_DISCOVERY_ACROSS_FILESYSTEM not set).
2025-04-14 15:04:17.745 [info] > git rev-parse --show-toplevel [2ms]
2025-04-14 15:04:17.745 [info] fatal: not a git repository (or any parent up to mount point /)
Stopping at filesystem boundary (GIT_DISCOVERY_ACROSS_FILESYSTEM not set).
2025-04-14 15:05:08.636 [info] > git rev-parse --show-toplevel [2ms]
2025-04-14 15:05:08.636 [info] fatal: not a git repository (or any parent up to mount point /)
Stopping at filesystem boundary (GIT_DISCOVERY_ACROSS_FILESYSTEM not set).
2025-04-14 15:05:09.453 [info] > git rev-parse --show-toplevel [2ms]
2025-04-14 15:05:09.453 [info] fatal: not a git repository (or any parent up to mount point /)
Stopping at filesystem boundary (GIT_DISCOVERY_ACROSS_FILESYSTEM not set).
2025-04-14 15:05:10.556 [info] > git rev-parse --show-toplevel [2ms]
2025-04-14 15:05:10.556 [info] fatal: not a git repository (or any parent up to mount point /)
Stopping at filesystem boundary (GIT_DISCOVERY_ACROSS_FILESYSTEM not set).
2025-04-14 15:05:10.908 [info] > git rev-parse --show-toplevel [1ms]
2025-04-14 15:05:10.909 [info] fatal: not a git repository (or any parent up to mount point /)
Stopping at filesystem boundary (GIT_DISCOVERY_ACROSS_FILESYSTEM not set).
2025-04-14 15:05:11.470 [info] > git rev-parse --show-toplevel [2ms]
2025-04-14 15:05:11.470 [info] fatal: not a git repository (or any parent up to mount point /)
Stopping at filesystem boundary (GIT_DISCOVERY_ACROSS_FILESYSTEM not set).
2025-04-14 15:05:11.853 [info] > git rev-parse --show-toplevel [3ms]
2025-04-14 15:05:11.853 [info] fatal: not a git repository (or any parent up to mount point /)
Stopping at filesystem boundary (GIT_DISCOVERY_ACROSS_FILESYSTEM not set).
2025-04-14 15:05:12.399 [info] > git rev-parse --show-toplevel [2ms]
2025-04-14 15:05:12.399 [info] fatal: not a git repository (or any parent up to mount point /)
Stopping at filesystem boundary (GIT_DISCOVERY_ACROSS_FILESYSTEM not set).
2025-04-14 15:05:13.155 [info] > git rev-parse --show-toplevel [2ms]
2025-04-14 15:05:13.155 [info] fatal: not a git repository (or any parent up to mount point /)
Stopping at filesystem boundary (GIT_DISCOVERY_ACROSS_FILESYSTEM not set).
2025-04-14 15:05:13.539 [info] > git rev-parse --show-toplevel [2ms]
2025-04-14 15:05:13.539 [info] fatal: not a git repository (or any parent up to mount point /)
Stopping at filesystem boundary (GIT_DISCOVERY_ACROSS_FILESYSTEM not set).
2025-04-14 15:09:09.690 [info] > git rev-parse --show-toplevel [2ms]
2025-04-14 15:09:09.690 [info] fatal: not a git repository (or any parent up to mount point /)
Stopping at filesystem boundary (GIT_DISCOVERY_ACROSS_FILESYSTEM not set).
2025-04-14 15:11:10.438 [info] > git rev-parse --show-toplevel [4ms]
2025-04-14 15:11:10.438 [info] fatal: not a git repository (or any parent up to mount point /)
Stopping at filesystem boundary (GIT_DISCOVERY_ACROSS_FILESYSTEM not set).
2025-04-14 15:12:35.969 [info] > git rev-parse --show-toplevel [2ms]
2025-04-14 15:12:35.969 [info] fatal: not a git repository (or any parent up to mount point /)
Stopping at filesystem boundary (GIT_DISCOVERY_ACROSS_FILESYSTEM not set).
2025-04-14 15:16:05.224 [info] > git rev-parse --show-toplevel [2ms]
2025-04-14 15:16:05.224 [info] fatal: not a git repository (or any parent up to mount point /)
Stopping at filesystem boundary (GIT_DISCOVERY_ACROSS_FILESYSTEM not set).
2025-04-14 15:16:07.687 [info] > git rev-parse --show-toplevel [1ms]
2025-04-14 15:16:07.687 [info] fatal: not a git repository (or any parent up to mount point /)
Stopping at filesystem boundary (GIT_DISCOVERY_ACROSS_FILESYSTEM not set).
2025-04-14 15:16:12.950 [info] > git rev-parse --show-toplevel [1ms]
2025-04-14 15:16:12.950 [info] fatal: not a git repository (or any parent up to mount point /)
Stopping at filesystem boundary (GIT_DISCOVERY_ACROSS_FILESYSTEM not set).
2025-04-14 15:16:26.974 [info] > git rev-parse --show-toplevel [1ms]
2025-04-14 15:16:26.974 [info] fatal: not a git repository (or any parent up to mount point /)
Stopping at filesystem boundary (GIT_DISCOVERY_ACROSS_FILESYSTEM not set).
2025-04-14 15:22:20.573 [info] > git rev-parse --show-toplevel [2ms]
2025-04-14 15:22:20.573 [info] fatal: not a git repository (or any parent up to mount point /)
Stopping at filesystem boundary (GIT_DISCOVERY_ACROSS_FILESYSTEM not set).
2025-04-14 15:24:24.075 [info] > git rev-parse --show-toplevel [1ms]
2025-04-14 15:24:24.075 [info] fatal: not a git repository (or any parent up to mount point /)
Stopping at filesystem boundary (GIT_DISCOVERY_ACROSS_FILESYSTEM not set).
2025-04-14 15:26:56.641 [info] > git rev-parse --show-toplevel [1ms]
2025-04-14 15:26:56.641 [info] fatal: not a git repository (or any parent up to mount point /)
Stopping at filesystem boundary (GIT_DISCOVERY_ACROSS_FILESYSTEM not set).
2025-04-14 15:27:22.537 [info] > git rev-parse --show-toplevel [3ms]
2025-04-14 15:27:22.537 [info] fatal: not a git repository (or any parent up to mount point /)
Stopping at filesystem boundary (GIT_DISCOVERY_ACROSS_FILESYSTEM not set).
2025-04-14 15:38:03.805 [info] > git rev-parse --show-toplevel [1ms]
2025-04-14 15:38:03.805 [info] fatal: not a git repository (or any parent up to mount point /)
Stopping at filesystem boundary (GIT_DISCOVERY_ACROSS_FILESYSTEM not set).
2025-04-14 15:38:37.284 [info] > git rev-parse --show-toplevel [1ms]
2025-04-14 15:38:37.284 [info] fatal: not a git repository (or any parent up to mount point /)
Stopping at filesystem boundary (GIT_DISCOVERY_ACROSS_FILESYSTEM not set).
2025-04-14 15:39:38.593 [info] > git rev-parse --show-toplevel [1ms]
2025-04-14 15:39:38.593 [info] fatal: not a git repository (or any parent up to mount point /)
Stopping at filesystem boundary (GIT_DISCOVERY_ACROSS_FILESYSTEM not set).
2025-04-14 15:39:40.773 [info] > git rev-parse --show-toplevel [1ms]
2025-04-14 15:39:40.773 [info] fatal: not a git repository (or any parent up to mount point /)
Stopping at filesystem boundary (GIT_DISCOVERY_ACROSS_FILESYSTEM not set).
2025-04-14 15:40:06.762 [info] > git rev-parse --show-toplevel [1ms]
2025-04-14 15:40:06.762 [info] fatal: not a git repository (or any parent up to mount point /)
Stopping at filesystem boundary (GIT_DISCOVERY_ACROSS_FILESYSTEM not set).
2025-04-14 16:32:39.294 [info] > git rev-parse --show-toplevel [2ms]
2025-04-14 16:32:39.295 [info] fatal: not a git repository (or any parent up to mount point /)
Stopping at filesystem boundary (GIT_DISCOVERY_ACROSS_FILESYSTEM not set).
2025-04-14 16:32:40.853 [info] > git rev-parse --show-toplevel [1ms]
2025-04-14 16:32:40.853 [info] fatal: not a git repository (or any parent up to mount point /)
Stopping at filesystem boundary (GIT_DISCOVERY_ACROSS_FILESYSTEM not set).
2025-04-14 16:32:41.199 [info] > git rev-parse --show-toplevel [1ms]
2025-04-14 16:32:41.199 [info] fatal: not a git repository (or any parent up to mount point /)
Stopping at filesystem boundary (GIT_DISCOVERY_ACROSS_FILESYSTEM not set).
2025-04-14 16:34:00.129 [info] > git rev-parse --show-toplevel [2ms]
2025-04-14 16:34:00.129 [info] fatal: not a git repository (or any parent up to mount point /)
Stopping at filesystem boundary (GIT_DISCOVERY_ACROSS_FILESYSTEM not set).
2025-04-14 16:34:01.266 [info] > git rev-parse --show-toplevel [2ms]
2025-04-14 16:34:01.266 [info] fatal: not a git repository (or any parent up to mount point /)
Stopping at filesystem boundary (GIT_DISCOVERY_ACROSS_FILESYSTEM not set).
2025-04-14 16:35:34.067 [info] > git rev-parse --show-toplevel [1ms]
2025-04-14 16:35:34.067 [info] fatal: not a git repository (or any parent up to mount point /)
Stopping at filesystem boundary (GIT_DISCOVERY_ACROSS_FILESYSTEM not set).
2025-04-14 16:37:07.169 [info] > git rev-parse --show-toplevel [2ms]
2025-04-14 16:37:07.169 [info] fatal: not a git repository (or any parent up to mount point /)
Stopping at filesystem boundary (GIT_DISCOVERY_ACROSS_FILESYSTEM not set).
2025-04-14 16:40:55.845 [info] > git rev-parse --show-toplevel [2ms]
2025-04-14 16:40:55.845 [info] fatal: not a git repository (or any parent up to mount point /)
Stopping at filesystem boundary (GIT_DISCOVERY_ACROSS_FILESYSTEM not set).
2025-04-14 16:41:24.702 [info] > git rev-parse --show-toplevel [1ms]
2025-04-14 16:41:24.703 [info] fatal: not a git repository (or any parent up to mount point /)
Stopping at filesystem boundary (GIT_DISCOVERY_ACROSS_FILESYSTEM not set).
2025-04-14 16:43:11.621 [info] > git rev-parse --show-toplevel [2ms]
2025-04-14 16:43:11.621 [info] fatal: not a git repository (or any parent up to mount point /)
Stopping at filesystem boundary (GIT_DISCOVERY_ACROSS_FILESYSTEM not set).
2025-04-14 16:43:29.620 [info] > git rev-parse --show-toplevel [1ms]
2025-04-14 16:43:29.620 [info] fatal: not a git repository (or any parent up to mount point /)
Stopping at filesystem boundary (GIT_DISCOVERY_ACROSS_FILESYSTEM not set).
2025-04-14 16:44:12.245 [info] > git rev-parse --show-toplevel [2ms]
2025-04-14 16:44:12.245 [info] fatal: not a git repository (or any parent up to mount point /)
Stopping at filesystem boundary (GIT_DISCOVERY_ACROSS_FILESYSTEM not set).
2025-04-14 16:45:09.277 [info] > git rev-parse --show-toplevel [2ms]
2025-04-14 16:45:09.277 [info] fatal: not a git repository (or any parent up to mount point /)
Stopping at filesystem boundary (GIT_DISCOVERY_ACROSS_FILESYSTEM not set).
2025-04-14 16:45:14.014 [info] > git rev-parse --show-toplevel [2ms]
2025-04-14 16:45:14.014 [info] fatal: not a git repository (or any parent up to mount point /)
Stopping at filesystem boundary (GIT_DISCOVERY_ACROSS_FILESYSTEM not set).
2025-04-14 16:47:28.559 [info] > git rev-parse --show-toplevel [2ms]
2025-04-14 16:47:28.559 [info] fatal: not a git repository (or any parent up to mount point /)
Stopping at filesystem boundary (GIT_DISCOVERY_ACROSS_FILESYSTEM not set).
2025-04-14 16:47:31.182 [info] > git rev-parse --show-toplevel [3ms]
2025-04-14 16:47:31.182 [info] fatal: not a git repository (or any parent up to mount point /)
Stopping at filesystem boundary (GIT_DISCOVERY_ACROSS_FILESYSTEM not set).
2025-04-14 16:47:31.190 [info] > git rev-parse --show-toplevel [1ms]
2025-04-14 16:47:31.190 [info] fatal: not a git repository (or any parent up to mount point /)
Stopping at filesystem boundary (GIT_DISCOVERY_ACROSS_FILESYSTEM not set).
2025-04-14 16:47:32.589 [info] > git rev-parse --show-toplevel [1ms]
2025-04-14 16:47:32.589 [info] fatal: not a git repository (or any parent up to mount point /)
Stopping at filesystem boundary (GIT_DISCOVERY_ACROSS_FILESYSTEM not set).
2025-04-14 16:47:32.608 [info] > git rev-parse --show-toplevel [2ms]
2025-04-14 16:47:32.608 [info] fatal: not a git repository (or any parent up to mount point /)
Stopping at filesystem boundary (GIT_DISCOVERY_ACROSS_FILESYSTEM not set).
2025-04-14 16:47:32.615 [info] > git rev-parse --show-toplevel [1ms]
2025-04-14 16:47:32.616 [info] fatal: not a git repository (or any parent up to mount point /)
Stopping at filesystem boundary (GIT_DISCOVERY_ACROSS_FILESYSTEM not set).
2025-04-14 16:47:34.605 [info] > git rev-parse --show-toplevel [1ms]
2025-04-14 16:47:34.605 [info] fatal: not a git repository (or any parent up to mount point /)
Stopping at filesystem boundary (GIT_DISCOVERY_ACROSS_FILESYSTEM not set).
2025-04-14 16:47:34.630 [info] > git rev-parse --show-toplevel [2ms]
2025-04-14 16:47:34.630 [info] fatal: not a git repository (or any parent up to mount point /)
Stopping at filesystem boundary (GIT_DISCOVERY_ACROSS_FILESYSTEM not set).
2025-04-14 16:47:34.639 [info] > git rev-parse --show-toplevel [1ms]
2025-04-14 16:47:34.639 [info] fatal: not a git repository (or any parent up to mount point /)
Stopping at filesystem boundary (GIT_DISCOVERY_ACROSS_FILESYSTEM not set).
2025-04-14 16:47:34.647 [info] > git rev-parse --show-toplevel [1ms]
2025-04-14 16:47:34.647 [info] fatal: not a git repository (or any parent up to mount point /)
Stopping at filesystem boundary (GIT_DISCOVERY_ACROSS_FILESYSTEM not set).
2025-04-14 16:47:38.297 [info] > git rev-parse --show-toplevel [1ms]
2025-04-14 16:47:38.297 [info] fatal: not a git repository (or any parent up to mount point /)
Stopping at filesystem boundary (GIT_DISCOVERY_ACROSS_FILESYSTEM not set).
2025-04-14 16:47:38.306 [info] > git rev-parse --show-toplevel [1ms]
2025-04-14 16:47:38.306 [info] fatal: not a git repository (or any parent up to mount point /)
Stopping at filesystem boundary (GIT_DISCOVERY_ACROSS_FILESYSTEM not set).
2025-04-14 16:47:38.314 [info] > git rev-parse --show-toplevel [0ms]
2025-04-14 16:47:38.314 [info] fatal: not a git repository (or any parent up to mount point /)
Stopping at filesystem boundary (GIT_DISCOVERY_ACROSS_FILESYSTEM not set).
2025-04-14 16:47:38.823 [info] > git rev-parse --show-toplevel [1ms]
2025-04-14 16:47:38.823 [info] fatal: not a git repository (or any parent up to mount point /)
Stopping at filesystem boundary (GIT_DISCOVERY_ACROSS_FILESYSTEM not set).
2025-04-14 16:47:38.832 [info] > git rev-parse --show-toplevel [1ms]
2025-04-14 16:47:38.832 [info] fatal: not a git repository (or any parent up to mount point /)
Stopping at filesystem boundary (GIT_DISCOVERY_ACROSS_FILESYSTEM not set).
2025-04-14 16:47:38.840 [info] > git rev-parse --show-toplevel [1ms]
2025-04-14 16:47:38.840 [info] fatal: not a git repository (or any parent up to mount point /)
Stopping at filesystem boundary (GIT_DISCOVERY_ACROSS_FILESYSTEM not set).
2025-04-14 16:47:38.848 [info] > git rev-parse --show-toplevel [1ms]
2025-04-14 16:47:38.848 [info] fatal: not a git repository (or any parent up to mount point /)
Stopping at filesystem boundary (GIT_DISCOVERY_ACROSS_FILESYSTEM not set).
2025-04-14 16:47:40.395 [info] > git rev-parse --show-toplevel [2ms]
2025-04-14 16:47:40.395 [info] fatal: not a git repository (or any parent up to mount point /)
Stopping at filesystem boundary (GIT_DISCOVERY_ACROSS_FILESYSTEM not set).
2025-04-14 16:47:40.403 [info] > git rev-parse --show-toplevel [2ms]
2025-04-14 16:47:40.403 [info] fatal: not a git repository (or any parent up to mount point /)
Stopping at filesystem boundary (GIT_DISCOVERY_ACROSS_FILESYSTEM not set).
2025-04-14 16:47:40.410 [info] > git rev-parse --show-toplevel [1ms]
2025-04-14 16:47:40.410 [info] fatal: not a git repository (or any parent up to mount point /)
Stopping at filesystem boundary (GIT_DISCOVERY_ACROSS_FILESYSTEM not set).
2025-04-14 16:47:41.618 [info] > git rev-parse --show-toplevel [1ms]
2025-04-14 16:47:41.618 [info] fatal: not a git repository (or any parent up to mount point /)
Stopping at filesystem boundary (GIT_DISCOVERY_ACROSS_FILESYSTEM not set).
2025-04-14 16:47:41.625 [info] > git rev-parse --show-toplevel [1ms]
2025-04-14 16:47:41.625 [info] fatal: not a git repository (or any parent up to mount point /)
Stopping at filesystem boundary (GIT_DISCOVERY_ACROSS_FILESYSTEM not set).
2025-04-14 16:47:42.555 [info] > git rev-parse --show-toplevel [1ms]
2025-04-14 16:47:42.555 [info] fatal: not a git repository (or any parent up to mount point /)
Stopping at filesystem boundary (GIT_DISCOVERY_ACROSS_FILESYSTEM not set).
2025-04-14 16:48:36.547 [info] > git rev-parse --show-toplevel [1ms]
2025-04-14 16:48:36.547 [info] fatal: not a git repository (or any parent up to mount point /)
Stopping at filesystem boundary (GIT_DISCOVERY_ACROSS_FILESYSTEM not set).
2025-04-14 16:48:39.129 [info] > git rev-parse --show-toplevel [2ms]
2025-04-14 16:48:39.129 [info] fatal: not a git repository (or any parent up to mount point /)
Stopping at filesystem boundary (GIT_DISCOVERY_ACROSS_FILESYSTEM not set).
2025-04-14 17:07:04.052 [info] > git rev-parse --show-toplevel [1ms]
2025-04-14 17:07:04.052 [info] fatal: not a git repository (or any parent up to mount point /)
Stopping at filesystem boundary (GIT_DISCOVERY_ACROSS_FILESYSTEM not set).
2025-04-14 17:07:04.298 [info] > git rev-parse --show-toplevel [1ms]
2025-04-14 17:07:04.298 [info] fatal: not a git repository (or any parent up to mount point /)
Stopping at filesystem boundary (GIT_DISCOVERY_ACROSS_FILESYSTEM not set).
2025-04-14 17:07:16.379 [info] > git rev-parse --show-toplevel [2ms]
2025-04-14 17:07:16.379 [info] fatal: not a git repository (or any parent up to mount point /)
Stopping at filesystem boundary (GIT_DISCOVERY_ACROSS_FILESYSTEM not set).
2025-04-14 17:07:17.126 [info] > git rev-parse --show-toplevel [2ms]
2025-04-14 17:07:17.126 [info] fatal: not a git repository (or any parent up to mount point /)
Stopping at filesystem boundary (GIT_DISCOVERY_ACROSS_FILESYSTEM not set).
2025-04-14 17:10:59.040 [info] > git rev-parse --show-toplevel [2ms]
2025-04-14 17:10:59.040 [info] fatal: not a git repository (or any parent up to mount point /)
Stopping at filesystem boundary (GIT_DISCOVERY_ACROSS_FILESYSTEM not set).
2025-04-14 17:10:59.677 [info] > git rev-parse --show-toplevel [2ms]
2025-04-14 17:10:59.677 [info] fatal: not a git repository (or any parent up to mount point /)
Stopping at filesystem boundary (GIT_DISCOVERY_ACROSS_FILESYSTEM not set).
2025-04-14 18:45:30.291 [info] > git rev-parse --show-toplevel [1ms]
2025-04-14 18:45:30.291 [info] fatal: not a git repository (or any parent up to mount point /)
Stopping at filesystem boundary (GIT_DISCOVERY_ACROSS_FILESYSTEM not set).
2025-04-14 18:45:31.403 [info] > git rev-parse --show-toplevel [2ms]
2025-04-14 18:45:31.403 [info] fatal: not a git repository (or any parent up to mount point /)
Stopping at filesystem boundary (GIT_DISCOVERY_ACROSS_FILESYSTEM not set).
2025-04-14 18:45:32.174 [info] > git rev-parse --show-toplevel [1ms]
2025-04-14 18:45:32.174 [info] fatal: not a git repository (or any parent up to mount point /)
Stopping at filesystem boundary (GIT_DISCOVERY_ACROSS_FILESYSTEM not set).
2025-04-14 18:45:32.671 [info] > git rev-parse --show-toplevel [1ms]
2025-04-14 18:45:32.671 [info] fatal: not a git repository (or any parent up to mount point /)
Stopping at filesystem boundary (GIT_DISCOVERY_ACROSS_FILESYSTEM not set).
2025-04-14 18:46:33.867 [info] > git rev-parse --show-toplevel [1ms]
2025-04-14 18:46:33.867 [info] fatal: not a git repository (or any parent up to mount point /)
Stopping at filesystem boundary (GIT_DISCOVERY_ACROSS_FILESYSTEM not set).
2025-04-14 18:47:05.059 [info] > git rev-parse --show-toplevel [2ms]
2025-04-14 18:47:05.059 [info] fatal: not a git repository (or any parent up to mount point /)
Stopping at filesystem boundary (GIT_DISCOVERY_ACROSS_FILESYSTEM not set).
2025-04-14 18:47:08.065 [info] > git rev-parse --show-toplevel [2ms]
2025-04-14 18:47:08.065 [info] fatal: not a git repository (or any parent up to mount point /)
Stopping at filesystem boundary (GIT_DISCOVERY_ACROSS_FILESYSTEM not set).
2025-04-14 18:47:08.593 [info] > git rev-parse --show-toplevel [1ms]
2025-04-14 18:47:08.593 [info] fatal: not a git repository (or any parent up to mount point /)
Stopping at filesystem boundary (GIT_DISCOVERY_ACROSS_FILESYSTEM not set).
2025-04-14 18:47:15.297 [info] > git rev-parse --show-toplevel [2ms]
2025-04-14 18:47:15.297 [info] fatal: not a git repository (or any parent up to mount point /)
Stopping at filesystem boundary (GIT_DISCOVERY_ACROSS_FILESYSTEM not set).
2025-04-14 18:47:30.729 [info] > git rev-parse --show-toplevel [2ms]
2025-04-14 18:47:30.729 [info] fatal: not a git repository (or any parent up to mount point /)
Stopping at filesystem boundary (GIT_DISCOVERY_ACROSS_FILESYSTEM not set).
2025-04-14 18:50:17.465 [info] > git rev-parse --show-toplevel [2ms]
2025-04-14 18:50:17.465 [info] fatal: not a git repository (or any parent up to mount point /)
Stopping at filesystem boundary (GIT_DISCOVERY_ACROSS_FILESYSTEM not set).
2025-04-14 18:50:20.820 [info] > git rev-parse --show-toplevel [2ms]
2025-04-14 18:50:20.820 [info] fatal: not a git repository (or any parent up to mount point /)
Stopping at filesystem boundary (GIT_DISCOVERY_ACROSS_FILESYSTEM not set).
2025-04-14 18:50:57.794 [info] > git rev-parse --show-toplevel [2ms]
2025-04-14 18:50:57.794 [info] fatal: not a git repository (or any parent up to mount point /)
Stopping at filesystem boundary (GIT_DISCOVERY_ACROSS_FILESYSTEM not set).
2025-04-14 18:50:59.928 [info] > git rev-parse --show-toplevel [2ms]
2025-04-14 18:50:59.928 [info] fatal: not a git repository (or any parent up to mount point /)
Stopping at filesystem boundary (GIT_DISCOVERY_ACROSS_FILESYSTEM not set).
2025-04-14 18:51:01.605 [info] > git rev-parse --show-toplevel [2ms]
2025-04-14 18:51:01.605 [info] fatal: not a git repository (or any parent up to mount point /)
Stopping at filesystem boundary (GIT_DISCOVERY_ACROSS_FILESYSTEM not set).
2025-04-14 18:52:37.858 [info] > git rev-parse --show-toplevel [2ms]
2025-04-14 18:52:37.858 [info] fatal: not a git repository (or any parent up to mount point /)
Stopping at filesystem boundary (GIT_DISCOVERY_ACROSS_FILESYSTEM not set).
2025-04-14 18:54:18.142 [info] > git rev-parse --show-toplevel [3ms]
2025-04-14 18:54:18.142 [info] fatal: not a git repository (or any parent up to mount point /)
Stopping at filesystem boundary (GIT_DISCOVERY_ACROSS_FILESYSTEM not set).
2025-04-14 18:54:18.962 [info] > git rev-parse --show-toplevel [2ms]
2025-04-14 18:54:18.962 [info] fatal: not a git repository (or any parent up to mount point /)
Stopping at filesystem boundary (GIT_DISCOVERY_ACROSS_FILESYSTEM not set).
2025-04-14 18:54:19.801 [info] > git rev-parse --show-toplevel [1ms]
2025-04-14 18:54:19.801 [info] fatal: not a git repository (or any parent up to mount point /)
Stopping at filesystem boundary (GIT_DISCOVERY_ACROSS_FILESYSTEM not set).
2025-04-14 18:54:21.401 [info] > git rev-parse --show-toplevel [1ms]
2025-04-14 18:54:21.401 [info] fatal: not a git repository (or any parent up to mount point /)
Stopping at filesystem boundary (GIT_DISCOVERY_ACROSS_FILESYSTEM not set).
2025-04-14 18:54:22.686 [info] > git rev-parse --show-toplevel [1ms]
2025-04-14 18:54:22.686 [info] fatal: not a git repository (or any parent up to mount point /)
Stopping at filesystem boundary (GIT_DISCOVERY_ACROSS_FILESYSTEM not set).
2025-04-14 18:54:37.037 [info] > git rev-parse --show-toplevel [2ms]
2025-04-14 18:54:37.037 [info] fatal: not a git repository (or any parent up to mount point /)
Stopping at filesystem boundary (GIT_DISCOVERY_ACROSS_FILESYSTEM not set).
2025-04-14 18:54:44.013 [info] > git rev-parse --show-toplevel [2ms]
2025-04-14 18:54:44.013 [info] fatal: not a git repository (or any parent up to mount point /)
Stopping at filesystem boundary (GIT_DISCOVERY_ACROSS_FILESYSTEM not set).
2025-04-14 18:54:49.981 [info] > git rev-parse --show-toplevel [2ms]
2025-04-14 18:54:49.981 [info] fatal: not a git repository (or any parent up to mount point /)
Stopping at filesystem boundary (GIT_DISCOVERY_ACROSS_FILESYSTEM not set).
2025-04-14 18:55:17.797 [info] > git rev-parse --show-toplevel [2ms]
2025-04-14 18:55:17.797 [info] fatal: not a git repository (or any parent up to mount point /)
Stopping at filesystem boundary (GIT_DISCOVERY_ACROSS_FILESYSTEM not set).
