2025-04-15 12:39:28.828 [info] Extension host with pid 32796 started
2025-04-15 12:39:28.828 [info] Skipping acquiring lock for /home/hibrys/.config/VSCodium/User/workspaceStorage/e6cf319257890282c4ddcf1d0dfd1177.
2025-04-15 12:39:28.967 [info] ExtensionService#_doActivateExtension vscode.emmet, startup: false, activationEvent: 'onLanguage'
2025-04-15 12:39:29.006 [info] ExtensionService#_doActivateExtension vscode.git-base, startup: true, activationEvent: '*', root cause: vscode.git
2025-04-15 12:39:29.008 [info] ExtensionService#_doActivateExtension CoenraadS.bracket-pair-colorizer-2, startup: true, activationEvent: '*'
2025-04-15 12:39:29.019 [error] Activating extension CoenraadS.bracket-pair-colorizer-2 failed due to an error:
2025-04-15 12:39:29.019 [error] Error: Cannot find module '/usr/share/vscodium/resources/app/node_modules.asar/vscode-textmate'
Require stack:
- /home/hibrys/.vscode-oss/extensions/coenraads.bracket-pair-colorizer-2-0.1.4-universal/out/src/textMateLoader.js
- /home/hibrys/.vscode-oss/extensions/coenraads.bracket-pair-colorizer-2-0.1.4-universal/out/src/settings.js
- /home/hibrys/.vscode-oss/extensions/coenraads.bracket-pair-colorizer-2-0.1.4-universal/out/src/documentDecorationManager.js
- /home/hibrys/.vscode-oss/extensions/coenraads.bracket-pair-colorizer-2-0.1.4-universal/out/src/extension.js
- /usr/share/vscodium/resources/app/out/vs/workbench/api/node/extensionHostProcess.js
	at Module._resolveFilename (node:internal/modules/cjs/loader:1232:15)
	at n._resolveFilename (node:electron/js2c/utility_init:2:16068)
	at t._resolveFilename (file:///usr/share/vscodium/resources/app/out/vs/workbench/api/node/extensionHostProcess.js:182:28855)
	at Module._load (node:internal/modules/cjs/loader:1058:27)
	at c._load (node:electron/js2c/node_init:2:16955)
	at e._load (file:///usr/share/vscodium/resources/app/out/vs/workbench/api/node/extensionHostProcess.js:190:12065)
	at t._load (file:///usr/share/vscodium/resources/app/out/vs/workbench/api/node/extensionHostProcess.js:182:28573)
	at i._load (file:///usr/share/vscodium/resources/app/out/vs/workbench/api/node/extensionHostProcess.js:174:22523)
	at Module.require (node:internal/modules/cjs/loader:1318:19)
	at require (node:internal/modules/helpers:179:18)
	at TextMateLoader.getNodeModule (/home/hibrys/.vscode-oss/extensions/coenraads.bracket-pair-colorizer-2-0.1.4-universal/out/src/textMateLoader.js:106:16)
	at TextMateLoader.loadTextMate (/home/hibrys/.vscode-oss/extensions/coenraads.bracket-pair-colorizer-2-0.1.4-universal/out/src/textMateLoader.js:109:21)
	at new TextMateLoader (/home/hibrys/.vscode-oss/extensions/coenraads.bracket-pair-colorizer-2-0.1.4-universal/out/src/textMateLoader.js:18:27)
	at new Settings (/home/hibrys/.vscode-oss/extensions/coenraads.bracket-pair-colorizer-2-0.1.4-universal/out/src/settings.js:10:31)
	at new DocumentDecorationManager (/home/hibrys/.vscode-oss/extensions/coenraads.bracket-pair-colorizer-2-0.1.4-universal/out/src/documentDecorationManager.js:9:25)
	at activate (/home/hibrys/.vscode-oss/extensions/coenraads.bracket-pair-colorizer-2-0.1.4-universal/out/src/extension.js:6:37)
	at V0._callActivateOptional (file:///usr/share/vscodium/resources/app/out/vs/workbench/api/node/extensionHostProcess.js:116:18635)
	at V0._callActivate (file:///usr/share/vscodium/resources/app/out/vs/workbench/api/node/extensionHostProcess.js:116:18304)
	at file:///usr/share/vscodium/resources/app/out/vs/workbench/api/node/extensionHostProcess.js:116:16238
	at async p0._activate (file:///usr/share/vscodium/resources/app/out/vs/workbench/api/node/extensionHostProcess.js:112:16323)
	at async p0._waitForDepsThenActivate (file:///usr/share/vscodium/resources/app/out/vs/workbench/api/node/extensionHostProcess.js:112:16265)
	at async p0._initialize (file:///usr/share/vscodium/resources/app/out/vs/workbench/api/node/extensionHostProcess.js:112:15628)
2025-04-15 12:39:29.038 [info] ExtensionService#_doActivateExtension vscode.git, startup: true, activationEvent: '*'
2025-04-15 12:39:29.093 [info] ExtensionService#_doActivateExtension vscode.github, startup: true, activationEvent: '*'
2025-04-15 12:39:29.146 [info] Eager extensions activated
2025-04-15 12:39:29.192 [info] ExtensionService#_doActivateExtension vscode.debug-auto-launch, startup: false, activationEvent: 'onStartupFinished'
2025-04-15 12:39:29.194 [info] ExtensionService#_doActivateExtension vscode.merge-conflict, startup: false, activationEvent: 'onStartupFinished'
2025-04-15 12:39:29.211 [info] ExtensionService#_doActivateExtension dbaeumer.vscode-eslint, startup: false, activationEvent: 'onStartupFinished'
2025-04-15 12:39:29.241 [info] ExtensionService#_doActivateExtension esbenp.prettier-vscode, startup: false, activationEvent: 'onStartupFinished'
2025-04-15 12:39:29.302 [info] ExtensionService#_doActivateExtension PKief.material-icon-theme, startup: false, activationEvent: 'onStartupFinished'
2025-04-15 12:39:29.323 [info] ExtensionService#_doActivateExtension ritwickdey.LiveServer, startup: false, activationEvent: 'onStartupFinished'
2025-04-15 12:39:29.328 [info] ExtensionService#_doActivateExtension usernamehw.errorlens, startup: false, activationEvent: 'onStartupFinished'
2025-04-15 12:39:29.335 [info] ExtensionService#_doActivateExtension WallabyJs.console-ninja, startup: false, activationEvent: 'onStartupFinished'
2025-04-15 12:39:29.396 [info] ExtensionService#_doActivateExtension WallabyJs.wallaby-vscode, startup: false, activationEvent: 'onStartupFinished'
2025-04-15 12:39:31.159 [info] ExtensionService#_doActivateExtension vscode.configuration-editing, startup: false, activationEvent: 'onLanguage:jsonc'
2025-04-15 12:39:31.165 [info] ExtensionService#_doActivateExtension vscode.json-language-features, startup: false, activationEvent: 'onLanguage:jsonc'
2025-04-15 12:39:31.205 [info] ExtensionService#_doActivateExtension vscode.typescript-language-features, startup: false, activationEvent: 'onLanguage:jsonc'
2025-04-15 12:39:59.394 [info] Extension host terminating: renderer closed the MessagePort
2025-04-15 12:39:59.406 [error] Canceled: Canceled
	at new dL (file:///usr/share/vscodium/resources/app/out/vs/workbench/api/node/extensionHostProcess.js:29:119343)
	at jy._remoteCall (file:///usr/share/vscodium/resources/app/out/vs/workbench/api/node/extensionHostProcess.js:29:125638)
	at s.<computed>.n.charCodeAt.s.<computed> (file:///usr/share/vscodium/resources/app/out/vs/workbench/api/node/extensionHostProcess.js:29:122397)
	at E0._doExecuteCommand (file:///usr/share/vscodium/resources/app/out/vs/workbench/api/node/extensionHostProcess.js:112:48594)
	at E0.executeCommand (file:///usr/share/vscodium/resources/app/out/vs/workbench/api/node/extensionHostProcess.js:112:48033)
	at r.registerCommand.description (file:///usr/share/vscodium/resources/app/out/vs/workbench/api/node/extensionHostProcess.js:112:47297)
	at E0._executeContributedCommand (file:///usr/share/vscodium/resources/app/out/vs/workbench/api/node/extensionHostProcess.js:112:49163)
	at E0._doExecuteCommand (file:///usr/share/vscodium/resources/app/out/vs/workbench/api/node/extensionHostProcess.js:112:48166)
	at E0.executeCommand (file:///usr/share/vscodium/resources/app/out/vs/workbench/api/node/extensionHostProcess.js:112:48033)
	at Object.executeCommand (file:///usr/share/vscodium/resources/app/out/vs/workbench/api/node/extensionHostProcess.js:172:42287)
	at zc._stop (/home/hibrys/.vscode-oss/extensions/wallabyjs.console-ninja-1.0.427-universal/out/extension/index.js:1:1168439)
	at zc.dispose (/home/hibrys/.vscode-oss/extensions/wallabyjs.console-ninja-1.0.427-universal/out/extension/index.js:1:1199515)
	at di (file:///usr/share/vscodium/resources/app/out/vs/workbench/api/node/extensionHostProcess.js:25:701)
	at file:///usr/share/vscodium/resources/app/out/vs/workbench/api/node/extensionHostProcess.js:116:18394
	at file:///usr/share/vscodium/resources/app/out/vs/workbench/api/node/extensionHostProcess.js:25:1011
	at Object.dispose (file:///usr/share/vscodium/resources/app/out/vs/workbench/api/node/extensionHostProcess.js:8:705)
	at zz._deactivate (file:///usr/share/vscodium/resources/app/out/vs/workbench/api/node/extensionHostProcess.js:116:14729)
	at file:///usr/share/vscodium/resources/app/out/vs/workbench/api/node/extensionHostProcess.js:116:12015
	at Array.map (<anonymous>)
	at zz._deactivateAll (file:///usr/share/vscodium/resources/app/out/vs/workbench/api/node/extensionHostProcess.js:116:12003)
	at zz.terminate (file:///usr/share/vscodium/resources/app/out/vs/workbench/api/node/extensionHostProcess.js:116:12356)
	at F7.terminate (file:///usr/share/vscodium/resources/app/out/vs/workbench/api/node/extensionHostProcess.js:117:1602)
	at rs (file:///usr/share/vscodium/resources/app/out/vs/workbench/api/node/extensionHostProcess.js:190:16341)
	at MessagePortMain.<anonymous> (file:///usr/share/vscodium/resources/app/out/vs/workbench/api/node/extensionHostProcess.js:190:12797)
	at MessagePortMain.emit (node:events:518:28)
	at MessagePortMain._internalPort.emit (node:electron/js2c/utility_init:2:2949) setContext undefined
2025-04-15 12:39:59.406 [error] Canceled: Canceled
	at new dL (file:///usr/share/vscodium/resources/app/out/vs/workbench/api/node/extensionHostProcess.js:29:119343)
	at jy._remoteCall (file:///usr/share/vscodium/resources/app/out/vs/workbench/api/node/extensionHostProcess.js:29:125638)
	at s.<computed>.n.charCodeAt.s.<computed> (file:///usr/share/vscodium/resources/app/out/vs/workbench/api/node/extensionHostProcess.js:29:122397)
	at E0._doExecuteCommand (file:///usr/share/vscodium/resources/app/out/vs/workbench/api/node/extensionHostProcess.js:112:48594)
	at E0.executeCommand (file:///usr/share/vscodium/resources/app/out/vs/workbench/api/node/extensionHostProcess.js:112:48033)
	at r.registerCommand.description (file:///usr/share/vscodium/resources/app/out/vs/workbench/api/node/extensionHostProcess.js:112:47297)
	at E0._executeContributedCommand (file:///usr/share/vscodium/resources/app/out/vs/workbench/api/node/extensionHostProcess.js:112:49163)
	at E0._doExecuteCommand (file:///usr/share/vscodium/resources/app/out/vs/workbench/api/node/extensionHostProcess.js:112:48166)
	at E0.executeCommand (file:///usr/share/vscodium/resources/app/out/vs/workbench/api/node/extensionHostProcess.js:112:48033)
	at Object.executeCommand (file:///usr/share/vscodium/resources/app/out/vs/workbench/api/node/extensionHostProcess.js:172:42287)
	at _0x335a1d._setContext (/home/hibrys/.vscode-oss/extensions/wallabyjs.wallaby-vscode-1.0.435-universal/dist/index.js:15:493139)
	at _0x335a1d.stop (/home/hibrys/.vscode-oss/extensions/wallabyjs.wallaby-vscode-1.0.435-universal/dist/index.js:15:442504)
	at Object.dispose (/home/hibrys/.vscode-oss/extensions/wallabyjs.wallaby-vscode-1.0.435-universal/dist/index.js:15:340120)
	at /home/hibrys/.vscode-oss/extensions/wallabyjs.wallaby-vscode-1.0.435-universal/dist/index.js:15:2344
	at Array.forEach (<anonymous>)
	at De.dispose (/home/hibrys/.vscode-oss/extensions/wallabyjs.wallaby-vscode-1.0.435-universal/dist/index.js:15:2305)
	at _0x335a1d.dispose (/home/hibrys/.vscode-oss/extensions/wallabyjs.wallaby-vscode-1.0.435-universal/dist/index.js:15:358980)
	at Object.dispose (/home/hibrys/.vscode-oss/extensions/wallabyjs.wallaby-vscode-1.0.435-universal/dist/index.js:15:511172)
	at /home/hibrys/.vscode-oss/extensions/wallabyjs.wallaby-vscode-1.0.435-universal/dist/index.js:15:2344
	at Array.forEach (<anonymous>)
	at De.dispose (/home/hibrys/.vscode-oss/extensions/wallabyjs.wallaby-vscode-1.0.435-universal/dist/index.js:15:2305)
	at _0x20dfa1.deactivate (/home/hibrys/.vscode-oss/extensions/wallabyjs.wallaby-vscode-1.0.435-universal/dist/index.js:15:532756)
	at Object.dispose (/home/hibrys/.vscode-oss/extensions/wallabyjs.wallaby-vscode-1.0.435-universal/dist/index.js:15:506882)
	at di (file:///usr/share/vscodium/resources/app/out/vs/workbench/api/node/extensionHostProcess.js:25:701)
	at file:///usr/share/vscodium/resources/app/out/vs/workbench/api/node/extensionHostProcess.js:116:18394
	at file:///usr/share/vscodium/resources/app/out/vs/workbench/api/node/extensionHostProcess.js:25:1011
	at Object.dispose (file:///usr/share/vscodium/resources/app/out/vs/workbench/api/node/extensionHostProcess.js:8:705)
	at zz._deactivate (file:///usr/share/vscodium/resources/app/out/vs/workbench/api/node/extensionHostProcess.js:116:14729)
	at file:///usr/share/vscodium/resources/app/out/vs/workbench/api/node/extensionHostProcess.js:116:12015
	at Array.map (<anonymous>)
	at zz._deactivateAll (file:///usr/share/vscodium/resources/app/out/vs/workbench/api/node/extensionHostProcess.js:116:12003)
	at zz.terminate (file:///usr/share/vscodium/resources/app/out/vs/workbench/api/node/extensionHostProcess.js:116:12356)
	at F7.terminate (file:///usr/share/vscodium/resources/app/out/vs/workbench/api/node/extensionHostProcess.js:117:1602)
	at rs (file:///usr/share/vscodium/resources/app/out/vs/workbench/api/node/extensionHostProcess.js:190:16341)
	at MessagePortMain.<anonymous> (file:///usr/share/vscodium/resources/app/out/vs/workbench/api/node/extensionHostProcess.js:190:12797)
	at MessagePortMain.emit (node:events:518:28)
	at MessagePortMain._internalPort.emit (node:electron/js2c/utility_init:2:2949) setContext undefined
2025-04-15 12:39:59.407 [info] Extension host with pid 32796 exiting with code 0
