2025-04-13 13:52:51.721 [info] [main] Log level: Info
2025-04-13 13:52:51.721 [info] [main] Validating found git in: "git"
2025-04-13 13:52:51.739 [info] [main] Using git "2.49.0" from "git"
2025-04-13 13:52:51.739 [info] [Model][doInitialScan] Initial repository scan started
2025-04-13 13:52:51.754 [info] > git rev-parse --show-toplevel [4ms]
2025-04-13 13:52:51.755 [info] fatal: not a git repository (or any parent up to mount point /)
Stopping at filesystem boundary (GIT_DISCOVERY_ACROSS_FILESYSTEM not set).
2025-04-13 13:52:51.963 [info] > git rev-parse --show-toplevel [202ms]
2025-04-13 13:52:51.963 [info] fatal: not a git repository (or any parent up to mount point /)
Stopping at filesystem boundary (GIT_DISCOVERY_ACROSS_FILESYSTEM not set).
2025-04-13 13:52:52.235 [info] > git rev-parse --show-toplevel [205ms]
2025-04-13 13:52:52.235 [info] fatal: not a git repository (or any parent up to mount point /)
Stopping at filesystem boundary (GIT_DISCOVERY_ACROSS_FILESYSTEM not set).
2025-04-13 13:52:52.448 [info] > git rev-parse --show-toplevel [110ms]
2025-04-13 13:52:52.448 [info] fatal: not a git repository (or any parent up to mount point /)
Stopping at filesystem boundary (GIT_DISCOVERY_ACROSS_FILESYSTEM not set).
2025-04-13 13:52:52.449 [info] [Model][doInitialScan] Initial repository scan completed - repositories (0), closed repositories (0), parent repositories (0), unsafe repositories (0)
2025-04-13 13:52:52.470 [info] > git rev-parse --show-toplevel [5ms]
2025-04-13 13:52:52.470 [info] fatal: not a git repository (or any parent up to mount point /)
Stopping at filesystem boundary (GIT_DISCOVERY_ACROSS_FILESYSTEM not set).
2025-04-13 13:52:52.567 [info] > git rev-parse --show-toplevel [3ms]
2025-04-13 13:52:52.567 [info] fatal: not a git repository (or any parent up to mount point /)
Stopping at filesystem boundary (GIT_DISCOVERY_ACROSS_FILESYSTEM not set).
2025-04-13 13:57:02.762 [info] > git rev-parse --show-toplevel [2ms]
2025-04-13 13:57:02.762 [info] fatal: not a git repository (or any parent up to mount point /)
Stopping at filesystem boundary (GIT_DISCOVERY_ACROSS_FILESYSTEM not set).
2025-04-13 13:57:19.245 [info] > git rev-parse --show-toplevel [2ms]
2025-04-13 13:57:19.245 [info] fatal: not a git repository (or any parent up to mount point /)
Stopping at filesystem boundary (GIT_DISCOVERY_ACROSS_FILESYSTEM not set).
2025-04-13 13:57:38.723 [info] > git rev-parse --show-toplevel [1ms]
2025-04-13 13:57:38.723 [info] fatal: not a git repository (or any parent up to mount point /)
Stopping at filesystem boundary (GIT_DISCOVERY_ACROSS_FILESYSTEM not set).
2025-04-13 13:57:45.700 [info] > git rev-parse --show-toplevel [2ms]
2025-04-13 13:57:45.700 [info] fatal: not a git repository (or any parent up to mount point /)
Stopping at filesystem boundary (GIT_DISCOVERY_ACROSS_FILESYSTEM not set).
2025-04-13 13:57:51.243 [info] > git rev-parse --show-toplevel [1ms]
2025-04-13 13:57:51.243 [info] fatal: not a git repository (or any parent up to mount point /)
Stopping at filesystem boundary (GIT_DISCOVERY_ACROSS_FILESYSTEM not set).
2025-04-13 13:57:51.695 [info] > git rev-parse --show-toplevel [2ms]
2025-04-13 13:57:51.695 [info] fatal: not a git repository (or any parent up to mount point /)
Stopping at filesystem boundary (GIT_DISCOVERY_ACROSS_FILESYSTEM not set).
2025-04-13 13:57:52.517 [info] > git rev-parse --show-toplevel [2ms]
2025-04-13 13:57:52.517 [info] fatal: not a git repository (or any parent up to mount point /)
Stopping at filesystem boundary (GIT_DISCOVERY_ACROSS_FILESYSTEM not set).
2025-04-13 13:58:51.170 [info] > git rev-parse --show-toplevel [1ms]
2025-04-13 13:58:51.170 [info] fatal: not a git repository (or any parent up to mount point /)
Stopping at filesystem boundary (GIT_DISCOVERY_ACROSS_FILESYSTEM not set).
2025-04-13 13:59:05.917 [info] > git rev-parse --show-toplevel [1ms]
2025-04-13 13:59:05.917 [info] fatal: not a git repository (or any parent up to mount point /)
Stopping at filesystem boundary (GIT_DISCOVERY_ACROSS_FILESYSTEM not set).
2025-04-13 13:59:10.858 [info] > git rev-parse --show-toplevel [1ms]
2025-04-13 13:59:10.858 [info] fatal: not a git repository (or any parent up to mount point /)
Stopping at filesystem boundary (GIT_DISCOVERY_ACROSS_FILESYSTEM not set).
2025-04-13 13:59:20.696 [info] > git rev-parse --show-toplevel [1ms]
2025-04-13 13:59:20.697 [info] fatal: not a git repository (or any parent up to mount point /)
Stopping at filesystem boundary (GIT_DISCOVERY_ACROSS_FILESYSTEM not set).
2025-04-13 13:59:28.840 [info] > git rev-parse --show-toplevel [2ms]
2025-04-13 13:59:28.840 [info] fatal: not a git repository (or any parent up to mount point /)
Stopping at filesystem boundary (GIT_DISCOVERY_ACROSS_FILESYSTEM not set).
2025-04-13 13:59:32.705 [info] > git rev-parse --show-toplevel [3ms]
2025-04-13 13:59:32.705 [info] fatal: not a git repository (or any parent up to mount point /)
Stopping at filesystem boundary (GIT_DISCOVERY_ACROSS_FILESYSTEM not set).
2025-04-13 13:59:34.004 [info] > git rev-parse --show-toplevel [1ms]
2025-04-13 13:59:34.004 [info] fatal: not a git repository (or any parent up to mount point /)
Stopping at filesystem boundary (GIT_DISCOVERY_ACROSS_FILESYSTEM not set).
2025-04-13 14:00:11.185 [info] > git rev-parse --show-toplevel [2ms]
2025-04-13 14:00:11.185 [info] fatal: not a git repository (or any parent up to mount point /)
Stopping at filesystem boundary (GIT_DISCOVERY_ACROSS_FILESYSTEM not set).
2025-04-13 14:01:52.659 [info] > git rev-parse --show-toplevel [1ms]
2025-04-13 14:01:52.659 [info] fatal: not a git repository (or any parent up to mount point /)
Stopping at filesystem boundary (GIT_DISCOVERY_ACROSS_FILESYSTEM not set).
2025-04-13 14:01:55.788 [info] > git rev-parse --show-toplevel [2ms]
2025-04-13 14:01:55.788 [info] fatal: not a git repository (or any parent up to mount point /)
Stopping at filesystem boundary (GIT_DISCOVERY_ACROSS_FILESYSTEM not set).
2025-04-13 14:01:56.714 [info] > git rev-parse --show-toplevel [2ms]
2025-04-13 14:01:56.714 [info] fatal: not a git repository (or any parent up to mount point /)
Stopping at filesystem boundary (GIT_DISCOVERY_ACROSS_FILESYSTEM not set).
2025-04-13 14:01:57.848 [info] > git rev-parse --show-toplevel [1ms]
2025-04-13 14:01:57.848 [info] fatal: not a git repository (or any parent up to mount point /)
Stopping at filesystem boundary (GIT_DISCOVERY_ACROSS_FILESYSTEM not set).
2025-04-13 14:01:58.285 [info] > git rev-parse --show-toplevel [1ms]
2025-04-13 14:01:58.285 [info] fatal: not a git repository (or any parent up to mount point /)
Stopping at filesystem boundary (GIT_DISCOVERY_ACROSS_FILESYSTEM not set).
2025-04-13 14:03:25.327 [info] > git rev-parse --show-toplevel [2ms]
2025-04-13 14:03:25.327 [info] fatal: not a git repository (or any parent up to mount point /)
Stopping at filesystem boundary (GIT_DISCOVERY_ACROSS_FILESYSTEM not set).
2025-04-13 14:04:33.089 [info] > git rev-parse --show-toplevel [2ms]
2025-04-13 14:04:33.089 [info] fatal: not a git repository (or any parent up to mount point /)
Stopping at filesystem boundary (GIT_DISCOVERY_ACROSS_FILESYSTEM not set).
2025-04-13 14:24:11.820 [info] > git rev-parse --show-toplevel [3ms]
2025-04-13 14:24:11.820 [info] fatal: not a git repository (or any parent up to mount point /)
Stopping at filesystem boundary (GIT_DISCOVERY_ACROSS_FILESYSTEM not set).
2025-04-13 14:26:16.868 [info] > git rev-parse --show-toplevel [2ms]
2025-04-13 14:26:16.868 [info] fatal: not a git repository (or any parent up to mount point /)
Stopping at filesystem boundary (GIT_DISCOVERY_ACROSS_FILESYSTEM not set).
2025-04-13 14:26:54.020 [info] > git rev-parse --show-toplevel [2ms]
2025-04-13 14:26:54.020 [info] fatal: not a git repository (or any parent up to mount point /)
Stopping at filesystem boundary (GIT_DISCOVERY_ACROSS_FILESYSTEM not set).
2025-04-13 14:27:28.734 [info] > git rev-parse --show-toplevel [2ms]
2025-04-13 14:27:28.734 [info] fatal: not a git repository (or any parent up to mount point /)
Stopping at filesystem boundary (GIT_DISCOVERY_ACROSS_FILESYSTEM not set).
2025-04-13 14:27:47.829 [info] > git rev-parse --show-toplevel [2ms]
2025-04-13 14:27:47.829 [info] fatal: not a git repository (or any parent up to mount point /)
Stopping at filesystem boundary (GIT_DISCOVERY_ACROSS_FILESYSTEM not set).
2025-04-13 14:27:49.296 [info] > git rev-parse --show-toplevel [2ms]
2025-04-13 14:27:49.296 [info] fatal: not a git repository (or any parent up to mount point /)
Stopping at filesystem boundary (GIT_DISCOVERY_ACROSS_FILESYSTEM not set).
2025-04-13 14:27:52.916 [info] > git rev-parse --show-toplevel [2ms]
2025-04-13 14:27:52.916 [info] fatal: not a git repository (or any parent up to mount point /)
Stopping at filesystem boundary (GIT_DISCOVERY_ACROSS_FILESYSTEM not set).
2025-04-13 14:27:58.502 [info] > git rev-parse --show-toplevel [1ms]
2025-04-13 14:27:58.502 [info] fatal: not a git repository (or any parent up to mount point /)
Stopping at filesystem boundary (GIT_DISCOVERY_ACROSS_FILESYSTEM not set).
2025-04-13 14:28:02.392 [info] > git rev-parse --show-toplevel [2ms]
2025-04-13 14:28:02.392 [info] fatal: not a git repository (or any parent up to mount point /)
Stopping at filesystem boundary (GIT_DISCOVERY_ACROSS_FILESYSTEM not set).
2025-04-13 14:28:03.541 [info] > git rev-parse --show-toplevel [1ms]
2025-04-13 14:28:03.541 [info] fatal: not a git repository (or any parent up to mount point /)
Stopping at filesystem boundary (GIT_DISCOVERY_ACROSS_FILESYSTEM not set).
2025-04-13 14:28:06.197 [info] > git rev-parse --show-toplevel [3ms]
2025-04-13 14:28:06.197 [info] fatal: not a git repository (or any parent up to mount point /)
Stopping at filesystem boundary (GIT_DISCOVERY_ACROSS_FILESYSTEM not set).
2025-04-13 14:29:06.993 [info] > git rev-parse --show-toplevel [2ms]
2025-04-13 14:29:06.993 [info] fatal: not a git repository (or any parent up to mount point /)
Stopping at filesystem boundary (GIT_DISCOVERY_ACROSS_FILESYSTEM not set).
2025-04-13 14:29:07.236 [info] > git rev-parse --show-toplevel [2ms]
2025-04-13 14:29:07.236 [info] fatal: not a git repository (or any parent up to mount point /)
Stopping at filesystem boundary (GIT_DISCOVERY_ACROSS_FILESYSTEM not set).
2025-04-13 14:29:07.716 [info] > git rev-parse --show-toplevel [2ms]
2025-04-13 14:29:07.716 [info] fatal: not a git repository (or any parent up to mount point /)
Stopping at filesystem boundary (GIT_DISCOVERY_ACROSS_FILESYSTEM not set).
2025-04-13 14:36:15.559 [info] > git rev-parse --show-toplevel [1ms]
2025-04-13 14:36:15.559 [info] fatal: not a git repository (or any parent up to mount point /)
Stopping at filesystem boundary (GIT_DISCOVERY_ACROSS_FILESYSTEM not set).
