2025-04-12 10:57:31.577 [info] [main] Log level: Info
2025-04-12 10:57:31.577 [info] [main] Validating found git in: "git"
2025-04-12 10:57:31.577 [info] [main] Using git "2.49.0" from "git"
2025-04-12 10:57:31.577 [info] [Model][doInitialScan] Initial repository scan started
2025-04-12 10:57:31.577 [info] > git rev-parse --show-toplevel [6ms]
2025-04-12 10:57:31.577 [info] fatal: not a git repository (or any parent up to mount point /)
Stopping at filesystem boundary (GIT_DISCOVERY_ACROSS_FILESYSTEM not set).
2025-04-12 10:57:31.786 [info] > git rev-parse --show-toplevel [210ms]
2025-04-12 10:57:31.786 [info] fatal: not a git repository (or any parent up to mount point /)
Stopping at filesystem boundary (GIT_DISCOVERY_ACROSS_FILESYSTEM not set).
2025-04-12 10:57:32.142 [info] > git rev-parse --show-toplevel [253ms]
2025-04-12 10:57:32.142 [info] fatal: not a git repository (or any parent up to mount point /)
Stopping at filesystem boundary (GIT_DISCOVERY_ACROSS_FILESYSTEM not set).
2025-04-12 10:57:32.273 [info] > git rev-parse --show-toplevel [17ms]
2025-04-12 10:57:32.273 [info] fatal: not a git repository (or any parent up to mount point /)
Stopping at filesystem boundary (GIT_DISCOVERY_ACROSS_FILESYSTEM not set).
2025-04-12 10:57:32.281 [info] > git rev-parse --show-toplevel [1ms]
2025-04-12 10:57:32.281 [info] fatal: not a git repository (or any parent up to mount point /)
Stopping at filesystem boundary (GIT_DISCOVERY_ACROSS_FILESYSTEM not set).
2025-04-12 10:57:32.281 [info] [Model][doInitialScan] Initial repository scan completed - repositories (0), closed repositories (0), parent repositories (0), unsafe repositories (0)
2025-04-12 10:57:32.307 [info] > git rev-parse --show-toplevel [14ms]
2025-04-12 10:57:32.307 [info] fatal: not a git repository (or any parent up to mount point /)
Stopping at filesystem boundary (GIT_DISCOVERY_ACROSS_FILESYSTEM not set).
2025-04-12 10:57:32.314 [info] > git rev-parse --show-toplevel [1ms]
2025-04-12 10:57:32.314 [info] fatal: not a git repository (or any parent up to mount point /)
Stopping at filesystem boundary (GIT_DISCOVERY_ACROSS_FILESYSTEM not set).
2025-04-12 10:57:32.897 [info] > git rev-parse --show-toplevel [1ms]
2025-04-12 10:57:32.897 [info] fatal: not a git repository (or any parent up to mount point /)
Stopping at filesystem boundary (GIT_DISCOVERY_ACROSS_FILESYSTEM not set).
2025-04-12 10:58:20.522 [info] > git rev-parse --show-toplevel [4ms]
2025-04-12 10:58:20.522 [info] fatal: not a git repository (or any parent up to mount point /)
Stopping at filesystem boundary (GIT_DISCOVERY_ACROSS_FILESYSTEM not set).
2025-04-12 10:58:22.937 [info] > git rev-parse --show-toplevel [2ms]
2025-04-12 10:58:22.937 [info] fatal: not a git repository (or any parent up to mount point /)
Stopping at filesystem boundary (GIT_DISCOVERY_ACROSS_FILESYSTEM not set).
2025-04-12 11:00:43.793 [info] > git rev-parse --show-toplevel [1ms]
2025-04-12 11:00:43.793 [info] fatal: not a git repository (or any parent up to mount point /)
Stopping at filesystem boundary (GIT_DISCOVERY_ACROSS_FILESYSTEM not set).
2025-04-12 11:01:21.345 [info] > git rev-parse --show-toplevel [3ms]
2025-04-12 11:01:21.345 [info] fatal: not a git repository (or any parent up to mount point /)
Stopping at filesystem boundary (GIT_DISCOVERY_ACROSS_FILESYSTEM not set).
2025-04-12 11:01:25.781 [info] > git rev-parse --show-toplevel [2ms]
2025-04-12 11:01:25.781 [info] fatal: not a git repository (or any parent up to mount point /)
Stopping at filesystem boundary (GIT_DISCOVERY_ACROSS_FILESYSTEM not set).
2025-04-12 11:01:46.974 [info] > git rev-parse --show-toplevel [3ms]
2025-04-12 11:01:46.974 [info] fatal: not a git repository (or any parent up to mount point /)
Stopping at filesystem boundary (GIT_DISCOVERY_ACROSS_FILESYSTEM not set).
2025-04-12 11:02:02.159 [info] > git rev-parse --show-toplevel [4ms]
2025-04-12 11:02:02.159 [info] fatal: not a git repository (or any parent up to mount point /)
Stopping at filesystem boundary (GIT_DISCOVERY_ACROSS_FILESYSTEM not set).
2025-04-12 11:02:21.196 [info] > git rev-parse --show-toplevel [3ms]
2025-04-12 11:02:21.196 [info] fatal: not a git repository (or any parent up to mount point /)
Stopping at filesystem boundary (GIT_DISCOVERY_ACROSS_FILESYSTEM not set).
2025-04-12 11:02:22.493 [info] > git rev-parse --show-toplevel [2ms]
2025-04-12 11:02:22.493 [info] fatal: not a git repository (or any parent up to mount point /)
Stopping at filesystem boundary (GIT_DISCOVERY_ACROSS_FILESYSTEM not set).
2025-04-12 11:02:22.905 [info] > git rev-parse --show-toplevel [1ms]
2025-04-12 11:02:22.905 [info] fatal: not a git repository (or any parent up to mount point /)
Stopping at filesystem boundary (GIT_DISCOVERY_ACROSS_FILESYSTEM not set).
2025-04-12 11:02:23.236 [info] > git rev-parse --show-toplevel [2ms]
2025-04-12 11:02:23.236 [info] fatal: not a git repository (or any parent up to mount point /)
Stopping at filesystem boundary (GIT_DISCOVERY_ACROSS_FILESYSTEM not set).
2025-04-12 11:02:27.183 [info] > git rev-parse --show-toplevel [1ms]
2025-04-12 11:02:27.184 [info] fatal: not a git repository (or any parent up to mount point /)
Stopping at filesystem boundary (GIT_DISCOVERY_ACROSS_FILESYSTEM not set).
2025-04-12 11:02:28.751 [info] > git rev-parse --show-toplevel [2ms]
2025-04-12 11:02:28.751 [info] fatal: not a git repository (or any parent up to mount point /)
Stopping at filesystem boundary (GIT_DISCOVERY_ACROSS_FILESYSTEM not set).
2025-04-12 11:02:33.642 [info] > git rev-parse --show-toplevel [2ms]
2025-04-12 11:02:33.642 [info] fatal: not a git repository (or any parent up to mount point /)
Stopping at filesystem boundary (GIT_DISCOVERY_ACROSS_FILESYSTEM not set).
2025-04-12 11:02:38.203 [info] > git rev-parse --show-toplevel [2ms]
2025-04-12 11:02:38.203 [info] fatal: not a git repository (or any parent up to mount point /)
Stopping at filesystem boundary (GIT_DISCOVERY_ACROSS_FILESYSTEM not set).
2025-04-12 11:02:39.262 [info] > git rev-parse --show-toplevel [1ms]
2025-04-12 11:02:39.262 [info] fatal: not a git repository (or any parent up to mount point /)
Stopping at filesystem boundary (GIT_DISCOVERY_ACROSS_FILESYSTEM not set).
2025-04-12 11:02:40.930 [info] > git rev-parse --show-toplevel [2ms]
2025-04-12 11:02:40.930 [info] fatal: not a git repository (or any parent up to mount point /)
Stopping at filesystem boundary (GIT_DISCOVERY_ACROSS_FILESYSTEM not set).
2025-04-12 11:02:45.446 [info] > git rev-parse --show-toplevel [2ms]
2025-04-12 11:02:45.446 [info] fatal: not a git repository (or any parent up to mount point /)
Stopping at filesystem boundary (GIT_DISCOVERY_ACROSS_FILESYSTEM not set).
2025-04-12 11:02:45.834 [info] > git rev-parse --show-toplevel [2ms]
2025-04-12 11:02:45.834 [info] fatal: not a git repository (or any parent up to mount point /)
Stopping at filesystem boundary (GIT_DISCOVERY_ACROSS_FILESYSTEM not set).
2025-04-12 11:02:46.126 [info] > git rev-parse --show-toplevel [3ms]
2025-04-12 11:02:46.126 [info] fatal: not a git repository (or any parent up to mount point /)
Stopping at filesystem boundary (GIT_DISCOVERY_ACROSS_FILESYSTEM not set).
2025-04-12 11:02:46.911 [info] > git rev-parse --show-toplevel [3ms]
2025-04-12 11:02:46.911 [info] fatal: not a git repository (or any parent up to mount point /)
Stopping at filesystem boundary (GIT_DISCOVERY_ACROSS_FILESYSTEM not set).
2025-04-12 11:02:47.521 [info] > git rev-parse --show-toplevel [2ms]
2025-04-12 11:02:47.521 [info] fatal: not a git repository (or any parent up to mount point /)
Stopping at filesystem boundary (GIT_DISCOVERY_ACROSS_FILESYSTEM not set).
2025-04-12 11:02:47.972 [info] > git rev-parse --show-toplevel [2ms]
2025-04-12 11:02:47.972 [info] fatal: not a git repository (or any parent up to mount point /)
Stopping at filesystem boundary (GIT_DISCOVERY_ACROSS_FILESYSTEM not set).
2025-04-12 11:02:52.938 [info] > git rev-parse --show-toplevel [2ms]
2025-04-12 11:02:52.938 [info] fatal: not a git repository (or any parent up to mount point /)
Stopping at filesystem boundary (GIT_DISCOVERY_ACROSS_FILESYSTEM not set).
2025-04-12 11:02:57.139 [info] > git rev-parse --show-toplevel [1ms]
2025-04-12 11:02:57.139 [info] fatal: not a git repository (or any parent up to mount point /)
Stopping at filesystem boundary (GIT_DISCOVERY_ACROSS_FILESYSTEM not set).
2025-04-12 11:02:59.998 [info] > git rev-parse --show-toplevel [1ms]
2025-04-12 11:02:59.998 [info] fatal: not a git repository (or any parent up to mount point /)
Stopping at filesystem boundary (GIT_DISCOVERY_ACROSS_FILESYSTEM not set).
2025-04-12 11:03:00.530 [info] > git rev-parse --show-toplevel [2ms]
2025-04-12 11:03:00.530 [info] fatal: not a git repository (or any parent up to mount point /)
Stopping at filesystem boundary (GIT_DISCOVERY_ACROSS_FILESYSTEM not set).
2025-04-12 11:03:00.884 [info] > git rev-parse --show-toplevel [2ms]
2025-04-12 11:03:00.884 [info] fatal: not a git repository (or any parent up to mount point /)
Stopping at filesystem boundary (GIT_DISCOVERY_ACROSS_FILESYSTEM not set).
2025-04-12 11:03:01.187 [info] > git rev-parse --show-toplevel [2ms]
2025-04-12 11:03:01.187 [info] fatal: not a git repository (or any parent up to mount point /)
Stopping at filesystem boundary (GIT_DISCOVERY_ACROSS_FILESYSTEM not set).
2025-04-12 11:03:01.586 [info] > git rev-parse --show-toplevel [1ms]
2025-04-12 11:03:01.586 [info] fatal: not a git repository (or any parent up to mount point /)
Stopping at filesystem boundary (GIT_DISCOVERY_ACROSS_FILESYSTEM not set).
2025-04-12 11:03:03.795 [info] > git rev-parse --show-toplevel [2ms]
2025-04-12 11:03:03.795 [info] fatal: not a git repository (or any parent up to mount point /)
Stopping at filesystem boundary (GIT_DISCOVERY_ACROSS_FILESYSTEM not set).
2025-04-12 11:03:04.137 [info] > git rev-parse --show-toplevel [3ms]
2025-04-12 11:03:04.137 [info] fatal: not a git repository (or any parent up to mount point /)
Stopping at filesystem boundary (GIT_DISCOVERY_ACROSS_FILESYSTEM not set).
2025-04-12 11:03:05.382 [info] > git rev-parse --show-toplevel [1ms]
2025-04-12 11:03:05.382 [info] fatal: not a git repository (or any parent up to mount point /)
Stopping at filesystem boundary (GIT_DISCOVERY_ACROSS_FILESYSTEM not set).
2025-04-12 11:03:56.261 [info] > git rev-parse --show-toplevel [2ms]
2025-04-12 11:03:56.261 [info] fatal: not a git repository (or any parent up to mount point /)
Stopping at filesystem boundary (GIT_DISCOVERY_ACROSS_FILESYSTEM not set).
2025-04-12 11:03:56.857 [info] > git rev-parse --show-toplevel [3ms]
2025-04-12 11:03:56.857 [info] fatal: not a git repository (or any parent up to mount point /)
Stopping at filesystem boundary (GIT_DISCOVERY_ACROSS_FILESYSTEM not set).
2025-04-12 11:03:57.323 [info] > git rev-parse --show-toplevel [1ms]
2025-04-12 11:03:57.323 [info] fatal: not a git repository (or any parent up to mount point /)
Stopping at filesystem boundary (GIT_DISCOVERY_ACROSS_FILESYSTEM not set).
2025-04-12 11:03:57.709 [info] > git rev-parse --show-toplevel [2ms]
2025-04-12 11:03:57.709 [info] fatal: not a git repository (or any parent up to mount point /)
Stopping at filesystem boundary (GIT_DISCOVERY_ACROSS_FILESYSTEM not set).
2025-04-12 11:03:58.601 [info] > git rev-parse --show-toplevel [1ms]
2025-04-12 11:03:58.601 [info] fatal: not a git repository (or any parent up to mount point /)
Stopping at filesystem boundary (GIT_DISCOVERY_ACROSS_FILESYSTEM not set).
2025-04-12 11:04:38.694 [info] > git rev-parse --show-toplevel [1ms]
2025-04-12 11:04:38.694 [info] fatal: not a git repository (or any parent up to mount point /)
Stopping at filesystem boundary (GIT_DISCOVERY_ACROSS_FILESYSTEM not set).
2025-04-12 11:04:42.317 [info] > git rev-parse --show-toplevel [1ms]
2025-04-12 11:04:42.317 [info] fatal: not a git repository (or any parent up to mount point /)
Stopping at filesystem boundary (GIT_DISCOVERY_ACROSS_FILESYSTEM not set).
2025-04-12 11:04:43.042 [info] > git rev-parse --show-toplevel [2ms]
2025-04-12 11:04:43.042 [info] fatal: not a git repository (or any parent up to mount point /)
Stopping at filesystem boundary (GIT_DISCOVERY_ACROSS_FILESYSTEM not set).
2025-04-12 11:04:50.016 [info] > git rev-parse --show-toplevel [2ms]
2025-04-12 11:04:50.016 [info] fatal: not a git repository (or any parent up to mount point /)
Stopping at filesystem boundary (GIT_DISCOVERY_ACROSS_FILESYSTEM not set).
2025-04-12 11:04:51.860 [info] > git rev-parse --show-toplevel [2ms]
2025-04-12 11:04:51.860 [info] fatal: not a git repository (or any parent up to mount point /)
Stopping at filesystem boundary (GIT_DISCOVERY_ACROSS_FILESYSTEM not set).
2025-04-12 11:04:53.460 [info] > git rev-parse --show-toplevel [2ms]
2025-04-12 11:04:53.460 [info] fatal: not a git repository (or any parent up to mount point /)
Stopping at filesystem boundary (GIT_DISCOVERY_ACROSS_FILESYSTEM not set).
