2025-04-10 06:46:11.555 [info] [main] Log level: Info
2025-04-10 06:46:11.556 [info] [main] Validating found git in: "git"
2025-04-10 06:46:11.556 [info] [main] Using git "2.49.0" from "git"
2025-04-10 06:46:11.556 [info] [Model][doInitialScan] Initial repository scan started
2025-04-10 06:46:11.556 [info] > git rev-parse --show-toplevel [2ms]
2025-04-10 06:46:11.556 [info] fatal: not a git repository (or any parent up to mount point /)
Stopping at filesystem boundary (GIT_DISCOVERY_ACROSS_FILESYSTEM not set).
2025-04-10 06:46:11.556 [info] > git rev-parse --show-toplevel [1ms]
2025-04-10 06:46:11.556 [info] fatal: not a git repository (or any parent up to mount point /)
Stopping at filesystem boundary (GIT_DISCOVERY_ACROSS_FILESYSTEM not set).
2025-04-10 06:46:11.563 [info] > git rev-parse --show-toplevel [1ms]
2025-04-10 06:46:11.563 [info] fatal: not a git repository (or any parent up to mount point /)
Stopping at filesystem boundary (GIT_DISCOVERY_ACROSS_FILESYSTEM not set).
2025-04-10 06:46:11.570 [info] > git rev-parse --show-toplevel [2ms]
2025-04-10 06:46:11.570 [info] fatal: not a git repository (or any parent up to mount point /)
Stopping at filesystem boundary (GIT_DISCOVERY_ACROSS_FILESYSTEM not set).
2025-04-10 06:46:11.581 [info] > git rev-parse --show-toplevel [6ms]
2025-04-10 06:46:11.581 [info] fatal: not a git repository (or any parent up to mount point /)
Stopping at filesystem boundary (GIT_DISCOVERY_ACROSS_FILESYSTEM not set).
2025-04-10 06:46:11.589 [info] > git rev-parse --show-toplevel [2ms]
2025-04-10 06:46:11.589 [info] fatal: not a git repository (or any parent up to mount point /)
Stopping at filesystem boundary (GIT_DISCOVERY_ACROSS_FILESYSTEM not set).
2025-04-10 06:46:11.986 [info] > git rev-parse --show-toplevel [207ms]
2025-04-10 06:46:11.986 [info] fatal: not a git repository (or any parent up to mount point /)
Stopping at filesystem boundary (GIT_DISCOVERY_ACROSS_FILESYSTEM not set).
2025-04-10 06:46:11.986 [info] [Model][doInitialScan] Initial repository scan completed - repositories (0), closed repositories (0), parent repositories (0), unsafe repositories (0)
2025-04-10 06:46:12.140 [info] > git rev-parse --show-toplevel [110ms]
2025-04-10 06:46:12.140 [info] fatal: not a git repository (or any parent up to mount point /)
Stopping at filesystem boundary (GIT_DISCOVERY_ACROSS_FILESYSTEM not set).
2025-04-10 06:46:12.159 [info] > git rev-parse --show-toplevel [3ms]
2025-04-10 06:46:12.159 [info] fatal: not a git repository (or any parent up to mount point /)
Stopping at filesystem boundary (GIT_DISCOVERY_ACROSS_FILESYSTEM not set).
2025-04-10 06:46:12.326 [info] > git rev-parse --show-toplevel [2ms]
2025-04-10 06:46:12.326 [info] fatal: not a git repository (or any parent up to mount point /)
Stopping at filesystem boundary (GIT_DISCOVERY_ACROSS_FILESYSTEM not set).
2025-04-10 06:46:12.915 [info] > git rev-parse --show-toplevel [1ms]
2025-04-10 06:46:12.915 [info] fatal: not a git repository (or any parent up to mount point /)
Stopping at filesystem boundary (GIT_DISCOVERY_ACROSS_FILESYSTEM not set).
2025-04-10 06:46:17.676 [info] [main] Log level: Info
2025-04-10 06:46:17.676 [info] [main] Validating found git in: "git"
2025-04-10 06:46:17.676 [info] [main] Using git "2.49.0" from "git"
2025-04-10 06:46:17.676 [info] [Model][doInitialScan] Initial repository scan started
2025-04-10 06:46:17.676 [info] > git rev-parse --show-toplevel [5ms]
2025-04-10 06:46:17.676 [info] fatal: not a git repository (or any parent up to mount point /)
Stopping at filesystem boundary (GIT_DISCOVERY_ACROSS_FILESYSTEM not set).
2025-04-10 06:46:17.804 [info] > git rev-parse --show-toplevel [212ms]
2025-04-10 06:46:17.804 [info] fatal: not a git repository (or any parent up to mount point /)
Stopping at filesystem boundary (GIT_DISCOVERY_ACROSS_FILESYSTEM not set).
2025-04-10 06:46:17.955 [info] > git rev-parse --show-toplevel [98ms]
2025-04-10 06:46:17.955 [info] fatal: not a git repository (or any parent up to mount point /)
Stopping at filesystem boundary (GIT_DISCOVERY_ACROSS_FILESYSTEM not set).
2025-04-10 06:46:17.978 [info] > git rev-parse --show-toplevel [8ms]
2025-04-10 06:46:17.978 [info] fatal: not a git repository (or any parent up to mount point /)
Stopping at filesystem boundary (GIT_DISCOVERY_ACROSS_FILESYSTEM not set).
2025-04-10 06:46:17.978 [info] [Model][doInitialScan] Initial repository scan completed - repositories (0), closed repositories (0), parent repositories (0), unsafe repositories (0)
2025-04-10 06:46:18.722 [info] > git rev-parse --show-toplevel [1ms]
2025-04-10 06:46:18.722 [info] fatal: not a git repository (or any parent up to mount point /)
Stopping at filesystem boundary (GIT_DISCOVERY_ACROSS_FILESYSTEM not set).
2025-04-10 06:47:00.673 [info] > git rev-parse --show-toplevel [2ms]
2025-04-10 06:47:00.674 [info] fatal: not a git repository (or any parent up to mount point /)
Stopping at filesystem boundary (GIT_DISCOVERY_ACROSS_FILESYSTEM not set).
2025-04-10 06:47:02.806 [info] > git rev-parse --show-toplevel [3ms]
2025-04-10 06:47:02.806 [info] fatal: not a git repository (or any parent up to mount point /)
Stopping at filesystem boundary (GIT_DISCOVERY_ACROSS_FILESYSTEM not set).
2025-04-10 06:47:03.255 [info] > git rev-parse --show-toplevel [1ms]
2025-04-10 06:47:03.255 [info] fatal: not a git repository (or any parent up to mount point /)
Stopping at filesystem boundary (GIT_DISCOVERY_ACROSS_FILESYSTEM not set).
2025-04-10 06:47:07.272 [info] > git rev-parse --show-toplevel [1ms]
2025-04-10 06:47:07.272 [info] fatal: not a git repository (or any parent up to mount point /)
Stopping at filesystem boundary (GIT_DISCOVERY_ACROSS_FILESYSTEM not set).
2025-04-10 06:47:11.189 [info] > git rev-parse --show-toplevel [1ms]
2025-04-10 06:47:11.189 [info] fatal: not a git repository (or any parent up to mount point /)
Stopping at filesystem boundary (GIT_DISCOVERY_ACROSS_FILESYSTEM not set).
2025-04-10 06:47:11.985 [info] > git rev-parse --show-toplevel [2ms]
2025-04-10 06:47:11.985 [info] fatal: not a git repository (or any parent up to mount point /)
Stopping at filesystem boundary (GIT_DISCOVERY_ACROSS_FILESYSTEM not set).
2025-04-10 06:47:14.508 [info] > git rev-parse --show-toplevel [2ms]
2025-04-10 06:47:14.508 [info] fatal: not a git repository (or any parent up to mount point /)
Stopping at filesystem boundary (GIT_DISCOVERY_ACROSS_FILESYSTEM not set).
2025-04-10 06:47:15.709 [info] > git rev-parse --show-toplevel [3ms]
2025-04-10 06:47:15.709 [info] fatal: not a git repository (or any parent up to mount point /)
Stopping at filesystem boundary (GIT_DISCOVERY_ACROSS_FILESYSTEM not set).
2025-04-10 06:47:16.191 [info] > git rev-parse --show-toplevel [2ms]
2025-04-10 06:47:16.191 [info] fatal: not a git repository (or any parent up to mount point /)
Stopping at filesystem boundary (GIT_DISCOVERY_ACROSS_FILESYSTEM not set).
2025-04-10 06:47:17.152 [info] > git rev-parse --show-toplevel [2ms]
2025-04-10 06:47:17.152 [info] fatal: not a git repository (or any parent up to mount point /)
Stopping at filesystem boundary (GIT_DISCOVERY_ACROSS_FILESYSTEM not set).
2025-04-10 06:47:17.602 [info] > git rev-parse --show-toplevel [1ms]
2025-04-10 06:47:17.602 [info] fatal: not a git repository (or any parent up to mount point /)
Stopping at filesystem boundary (GIT_DISCOVERY_ACROSS_FILESYSTEM not set).
2025-04-10 06:50:10.108 [info] > git rev-parse --show-toplevel [2ms]
2025-04-10 06:50:10.108 [info] fatal: not a git repository (or any parent up to mount point /)
Stopping at filesystem boundary (GIT_DISCOVERY_ACROSS_FILESYSTEM not set).
2025-04-10 06:50:18.375 [info] > git rev-parse --show-toplevel [3ms]
2025-04-10 06:50:18.375 [info] fatal: not a git repository (or any parent up to mount point /)
Stopping at filesystem boundary (GIT_DISCOVERY_ACROSS_FILESYSTEM not set).
2025-04-10 06:50:41.697 [info] > git rev-parse --show-toplevel [1ms]
2025-04-10 06:50:41.697 [info] fatal: not a git repository (or any parent up to mount point /)
Stopping at filesystem boundary (GIT_DISCOVERY_ACROSS_FILESYSTEM not set).
2025-04-10 06:51:12.203 [info] > git rev-parse --show-toplevel [2ms]
2025-04-10 06:51:12.203 [info] fatal: not a git repository (or any parent up to mount point /)
Stopping at filesystem boundary (GIT_DISCOVERY_ACROSS_FILESYSTEM not set).
2025-04-10 06:51:13.387 [info] > git rev-parse --show-toplevel [2ms]
2025-04-10 06:51:13.387 [info] fatal: not a git repository (or any parent up to mount point /)
Stopping at filesystem boundary (GIT_DISCOVERY_ACROSS_FILESYSTEM not set).
2025-04-10 06:51:42.781 [info] > git rev-parse --show-toplevel [1ms]
2025-04-10 06:51:42.781 [info] fatal: not a git repository (or any parent up to mount point /)
Stopping at filesystem boundary (GIT_DISCOVERY_ACROSS_FILESYSTEM not set).
2025-04-10 06:51:43.167 [info] > git rev-parse --show-toplevel [1ms]
2025-04-10 06:51:43.167 [info] fatal: not a git repository (or any parent up to mount point /)
Stopping at filesystem boundary (GIT_DISCOVERY_ACROSS_FILESYSTEM not set).
2025-04-10 06:52:05.854 [info] > git rev-parse --show-toplevel [1ms]
2025-04-10 06:52:05.854 [info] fatal: not a git repository (or any parent up to mount point /)
Stopping at filesystem boundary (GIT_DISCOVERY_ACROSS_FILESYSTEM not set).
2025-04-10 06:52:06.366 [info] > git rev-parse --show-toplevel [1ms]
2025-04-10 06:52:06.366 [info] fatal: not a git repository (or any parent up to mount point /)
Stopping at filesystem boundary (GIT_DISCOVERY_ACROSS_FILESYSTEM not set).
2025-04-10 06:52:27.935 [info] > git rev-parse --show-toplevel [2ms]
2025-04-10 06:52:27.935 [info] fatal: not a git repository (or any parent up to mount point /)
Stopping at filesystem boundary (GIT_DISCOVERY_ACROSS_FILESYSTEM not set).
2025-04-10 06:52:35.356 [info] > git rev-parse --show-toplevel [1ms]
2025-04-10 06:52:35.356 [info] fatal: not a git repository (or any parent up to mount point /)
Stopping at filesystem boundary (GIT_DISCOVERY_ACROSS_FILESYSTEM not set).
2025-04-10 06:52:40.184 [info] > git rev-parse --show-toplevel [2ms]
2025-04-10 06:52:40.184 [info] fatal: not a git repository (or any parent up to mount point /)
Stopping at filesystem boundary (GIT_DISCOVERY_ACROSS_FILESYSTEM not set).
2025-04-10 06:52:48.531 [info] > git rev-parse --show-toplevel [2ms]
2025-04-10 06:52:48.531 [info] fatal: not a git repository (or any parent up to mount point /)
Stopping at filesystem boundary (GIT_DISCOVERY_ACROSS_FILESYSTEM not set).
2025-04-10 06:53:10.814 [info] > git rev-parse --show-toplevel [3ms]
2025-04-10 06:53:10.814 [info] fatal: not a git repository (or any parent up to mount point /)
Stopping at filesystem boundary (GIT_DISCOVERY_ACROSS_FILESYSTEM not set).
2025-04-10 06:53:57.118 [info] > git rev-parse --show-toplevel [2ms]
2025-04-10 06:53:57.118 [info] fatal: not a git repository (or any parent up to mount point /)
Stopping at filesystem boundary (GIT_DISCOVERY_ACROSS_FILESYSTEM not set).
2025-04-10 06:54:12.444 [info] > git rev-parse --show-toplevel [2ms]
2025-04-10 06:54:12.444 [info] fatal: not a git repository (or any parent up to mount point /)
Stopping at filesystem boundary (GIT_DISCOVERY_ACROSS_FILESYSTEM not set).
2025-04-10 06:54:26.344 [info] > git rev-parse --show-toplevel [1ms]
2025-04-10 06:54:26.344 [info] fatal: not a git repository (or any parent up to mount point /)
Stopping at filesystem boundary (GIT_DISCOVERY_ACROSS_FILESYSTEM not set).
2025-04-10 06:54:53.912 [info] > git rev-parse --show-toplevel [2ms]
2025-04-10 06:54:53.912 [info] fatal: not a git repository (or any parent up to mount point /)
Stopping at filesystem boundary (GIT_DISCOVERY_ACROSS_FILESYSTEM not set).
2025-04-10 06:54:55.317 [info] > git rev-parse --show-toplevel [2ms]
2025-04-10 06:54:55.317 [info] fatal: not a git repository (or any parent up to mount point /)
Stopping at filesystem boundary (GIT_DISCOVERY_ACROSS_FILESYSTEM not set).
2025-04-10 06:57:30.786 [info] > git rev-parse --show-toplevel [1ms]
2025-04-10 06:57:30.786 [info] fatal: not a git repository (or any parent up to mount point /)
Stopping at filesystem boundary (GIT_DISCOVERY_ACROSS_FILESYSTEM not set).
2025-04-10 06:58:17.789 [info] > git rev-parse --show-toplevel [2ms]
2025-04-10 06:58:17.789 [info] fatal: not a git repository (or any parent up to mount point /)
Stopping at filesystem boundary (GIT_DISCOVERY_ACROSS_FILESYSTEM not set).
2025-04-10 06:58:22.659 [info] > git rev-parse --show-toplevel [2ms]
2025-04-10 06:58:22.659 [info] fatal: not a git repository (or any parent up to mount point /)
Stopping at filesystem boundary (GIT_DISCOVERY_ACROSS_FILESYSTEM not set).
2025-04-10 06:59:04.630 [info] > git rev-parse --show-toplevel [2ms]
2025-04-10 06:59:04.630 [info] fatal: not a git repository (or any parent up to mount point /)
Stopping at filesystem boundary (GIT_DISCOVERY_ACROSS_FILESYSTEM not set).
2025-04-10 07:00:16.382 [info] > git rev-parse --show-toplevel [1ms]
2025-04-10 07:00:16.382 [info] fatal: not a git repository (or any parent up to mount point /)
Stopping at filesystem boundary (GIT_DISCOVERY_ACROSS_FILESYSTEM not set).
2025-04-10 07:00:56.762 [info] > git rev-parse --show-toplevel [1ms]
2025-04-10 07:00:56.762 [info] fatal: not a git repository (or any parent up to mount point /)
Stopping at filesystem boundary (GIT_DISCOVERY_ACROSS_FILESYSTEM not set).
2025-04-10 07:00:59.590 [info] > git rev-parse --show-toplevel [2ms]
2025-04-10 07:00:59.590 [info] fatal: not a git repository (or any parent up to mount point /)
Stopping at filesystem boundary (GIT_DISCOVERY_ACROSS_FILESYSTEM not set).
2025-04-10 07:01:01.294 [info] > git rev-parse --show-toplevel [1ms]
2025-04-10 07:01:01.294 [info] fatal: not a git repository (or any parent up to mount point /)
Stopping at filesystem boundary (GIT_DISCOVERY_ACROSS_FILESYSTEM not set).
2025-04-10 07:01:02.423 [info] > git rev-parse --show-toplevel [1ms]
2025-04-10 07:01:02.423 [info] fatal: not a git repository (or any parent up to mount point /)
Stopping at filesystem boundary (GIT_DISCOVERY_ACROSS_FILESYSTEM not set).
2025-04-10 07:01:03.367 [info] > git rev-parse --show-toplevel [2ms]
2025-04-10 07:01:03.367 [info] fatal: not a git repository (or any parent up to mount point /)
Stopping at filesystem boundary (GIT_DISCOVERY_ACROSS_FILESYSTEM not set).
2025-04-10 07:01:18.924 [info] > git rev-parse --show-toplevel [1ms]
2025-04-10 07:01:18.924 [info] fatal: not a git repository (or any parent up to mount point /)
Stopping at filesystem boundary (GIT_DISCOVERY_ACROSS_FILESYSTEM not set).
2025-04-10 07:01:27.108 [info] > git rev-parse --show-toplevel [2ms]
2025-04-10 07:01:27.108 [info] fatal: not a git repository (or any parent up to mount point /)
Stopping at filesystem boundary (GIT_DISCOVERY_ACROSS_FILESYSTEM not set).
2025-04-10 07:01:27.781 [info] > git rev-parse --show-toplevel [2ms]
2025-04-10 07:01:27.781 [info] fatal: not a git repository (or any parent up to mount point /)
Stopping at filesystem boundary (GIT_DISCOVERY_ACROSS_FILESYSTEM not set).
2025-04-10 07:01:43.084 [info] > git rev-parse --show-toplevel [1ms]
2025-04-10 07:01:43.084 [info] fatal: not a git repository (or any parent up to mount point /)
Stopping at filesystem boundary (GIT_DISCOVERY_ACROSS_FILESYSTEM not set).
2025-04-10 07:01:47.356 [info] > git rev-parse --show-toplevel [2ms]
2025-04-10 07:01:47.356 [info] fatal: not a git repository (or any parent up to mount point /)
Stopping at filesystem boundary (GIT_DISCOVERY_ACROSS_FILESYSTEM not set).
2025-04-10 07:02:00.022 [info] > git rev-parse --show-toplevel [2ms]
2025-04-10 07:02:00.022 [info] fatal: not a git repository (or any parent up to mount point /)
Stopping at filesystem boundary (GIT_DISCOVERY_ACROSS_FILESYSTEM not set).
2025-04-10 07:02:04.733 [info] > git rev-parse --show-toplevel [2ms]
2025-04-10 07:02:04.733 [info] fatal: not a git repository (or any parent up to mount point /)
Stopping at filesystem boundary (GIT_DISCOVERY_ACROSS_FILESYSTEM not set).
2025-04-10 07:02:24.035 [info] > git rev-parse --show-toplevel [2ms]
2025-04-10 07:02:24.035 [info] fatal: not a git repository (or any parent up to mount point /)
Stopping at filesystem boundary (GIT_DISCOVERY_ACROSS_FILESYSTEM not set).
2025-04-10 07:02:34.422 [info] > git rev-parse --show-toplevel [2ms]
2025-04-10 07:02:34.422 [info] fatal: not a git repository (or any parent up to mount point /)
Stopping at filesystem boundary (GIT_DISCOVERY_ACROSS_FILESYSTEM not set).
2025-04-10 07:02:36.331 [info] > git rev-parse --show-toplevel [1ms]
2025-04-10 07:02:36.331 [info] fatal: not a git repository (or any parent up to mount point /)
Stopping at filesystem boundary (GIT_DISCOVERY_ACROSS_FILESYSTEM not set).
2025-04-10 07:02:59.391 [info] > git rev-parse --show-toplevel [1ms]
2025-04-10 07:02:59.391 [info] fatal: not a git repository (or any parent up to mount point /)
Stopping at filesystem boundary (GIT_DISCOVERY_ACROSS_FILESYSTEM not set).
2025-04-10 07:03:05.421 [info] > git rev-parse --show-toplevel [1ms]
2025-04-10 07:03:05.421 [info] fatal: not a git repository (or any parent up to mount point /)
Stopping at filesystem boundary (GIT_DISCOVERY_ACROSS_FILESYSTEM not set).
2025-04-10 07:03:44.953 [info] > git rev-parse --show-toplevel [3ms]
2025-04-10 07:03:44.953 [info] fatal: not a git repository (or any parent up to mount point /)
Stopping at filesystem boundary (GIT_DISCOVERY_ACROSS_FILESYSTEM not set).
2025-04-10 07:03:46.092 [info] > git rev-parse --show-toplevel [2ms]
2025-04-10 07:03:46.092 [info] fatal: not a git repository (or any parent up to mount point /)
Stopping at filesystem boundary (GIT_DISCOVERY_ACROSS_FILESYSTEM not set).
2025-04-10 07:03:57.162 [info] > git rev-parse --show-toplevel [1ms]
2025-04-10 07:03:57.162 [info] fatal: not a git repository (or any parent up to mount point /)
Stopping at filesystem boundary (GIT_DISCOVERY_ACROSS_FILESYSTEM not set).
2025-04-10 07:04:07.050 [info] > git rev-parse --show-toplevel [1ms]
2025-04-10 07:04:07.051 [info] fatal: not a git repository (or any parent up to mount point /)
Stopping at filesystem boundary (GIT_DISCOVERY_ACROSS_FILESYSTEM not set).
2025-04-10 07:04:14.918 [info] > git rev-parse --show-toplevel [1ms]
2025-04-10 07:04:14.918 [info] fatal: not a git repository (or any parent up to mount point /)
Stopping at filesystem boundary (GIT_DISCOVERY_ACROSS_FILESYSTEM not set).
2025-04-10 07:04:45.794 [info] > git rev-parse --show-toplevel [1ms]
2025-04-10 07:04:45.794 [info] fatal: not a git repository (or any parent up to mount point /)
Stopping at filesystem boundary (GIT_DISCOVERY_ACROSS_FILESYSTEM not set).
2025-04-10 07:04:55.281 [info] > git rev-parse --show-toplevel [1ms]
2025-04-10 07:04:55.281 [info] fatal: not a git repository (or any parent up to mount point /)
Stopping at filesystem boundary (GIT_DISCOVERY_ACROSS_FILESYSTEM not set).
2025-04-10 07:05:03.060 [info] > git rev-parse --show-toplevel [1ms]
2025-04-10 07:05:03.061 [info] fatal: not a git repository (or any parent up to mount point /)
Stopping at filesystem boundary (GIT_DISCOVERY_ACROSS_FILESYSTEM not set).
2025-04-10 07:05:03.747 [info] > git rev-parse --show-toplevel [2ms]
2025-04-10 07:05:03.747 [info] fatal: not a git repository (or any parent up to mount point /)
Stopping at filesystem boundary (GIT_DISCOVERY_ACROSS_FILESYSTEM not set).
2025-04-10 07:05:04.633 [info] > git rev-parse --show-toplevel [2ms]
2025-04-10 07:05:04.633 [info] fatal: not a git repository (or any parent up to mount point /)
Stopping at filesystem boundary (GIT_DISCOVERY_ACROSS_FILESYSTEM not set).
2025-04-10 07:05:15.135 [info] > git rev-parse --show-toplevel [1ms]
2025-04-10 07:05:15.135 [info] fatal: not a git repository (or any parent up to mount point /)
Stopping at filesystem boundary (GIT_DISCOVERY_ACROSS_FILESYSTEM not set).
2025-04-10 07:05:47.811 [info] > git rev-parse --show-toplevel [2ms]
2025-04-10 07:05:47.811 [info] fatal: not a git repository (or any parent up to mount point /)
Stopping at filesystem boundary (GIT_DISCOVERY_ACROSS_FILESYSTEM not set).
2025-04-10 07:06:35.023 [info] > git rev-parse --show-toplevel [1ms]
2025-04-10 07:06:35.024 [info] fatal: not a git repository (or any parent up to mount point /)
Stopping at filesystem boundary (GIT_DISCOVERY_ACROSS_FILESYSTEM not set).
2025-04-10 07:06:42.328 [info] > git rev-parse --show-toplevel [1ms]
2025-04-10 07:06:42.328 [info] fatal: not a git repository (or any parent up to mount point /)
Stopping at filesystem boundary (GIT_DISCOVERY_ACROSS_FILESYSTEM not set).
2025-04-10 07:07:00.888 [info] > git rev-parse --show-toplevel [1ms]
2025-04-10 07:07:00.888 [info] fatal: not a git repository (or any parent up to mount point /)
Stopping at filesystem boundary (GIT_DISCOVERY_ACROSS_FILESYSTEM not set).
2025-04-10 07:07:21.401 [info] > git rev-parse --show-toplevel [2ms]
2025-04-10 07:07:21.401 [info] fatal: not a git repository (or any parent up to mount point /)
Stopping at filesystem boundary (GIT_DISCOVERY_ACROSS_FILESYSTEM not set).
2025-04-10 07:08:16.337 [info] > git rev-parse --show-toplevel [2ms]
2025-04-10 07:08:16.337 [info] fatal: not a git repository (or any parent up to mount point /)
Stopping at filesystem boundary (GIT_DISCOVERY_ACROSS_FILESYSTEM not set).
2025-04-10 07:08:27.284 [info] > git rev-parse --show-toplevel [1ms]
2025-04-10 07:08:27.284 [info] fatal: not a git repository (or any parent up to mount point /)
Stopping at filesystem boundary (GIT_DISCOVERY_ACROSS_FILESYSTEM not set).
2025-04-10 07:08:27.974 [info] > git rev-parse --show-toplevel [2ms]
2025-04-10 07:08:27.974 [info] fatal: not a git repository (or any parent up to mount point /)
Stopping at filesystem boundary (GIT_DISCOVERY_ACROSS_FILESYSTEM not set).
2025-04-10 07:08:44.575 [info] > git rev-parse --show-toplevel [2ms]
2025-04-10 07:08:44.575 [info] fatal: not a git repository (or any parent up to mount point /)
Stopping at filesystem boundary (GIT_DISCOVERY_ACROSS_FILESYSTEM not set).
2025-04-10 07:09:10.727 [info] > git rev-parse --show-toplevel [2ms]
2025-04-10 07:09:10.727 [info] fatal: not a git repository (or any parent up to mount point /)
Stopping at filesystem boundary (GIT_DISCOVERY_ACROSS_FILESYSTEM not set).
2025-04-10 07:11:00.392 [info] > git rev-parse --show-toplevel [1ms]
2025-04-10 07:11:00.392 [info] fatal: not a git repository (or any parent up to mount point /)
Stopping at filesystem boundary (GIT_DISCOVERY_ACROSS_FILESYSTEM not set).
2025-04-10 07:11:09.214 [info] > git rev-parse --show-toplevel [1ms]
2025-04-10 07:11:09.214 [info] fatal: not a git repository (or any parent up to mount point /)
Stopping at filesystem boundary (GIT_DISCOVERY_ACROSS_FILESYSTEM not set).
2025-04-10 07:11:09.875 [info] > git rev-parse --show-toplevel [2ms]
2025-04-10 07:11:09.875 [info] fatal: not a git repository (or any parent up to mount point /)
Stopping at filesystem boundary (GIT_DISCOVERY_ACROSS_FILESYSTEM not set).
2025-04-10 07:11:18.243 [info] > git rev-parse --show-toplevel [1ms]
2025-04-10 07:11:18.243 [info] fatal: not a git repository (or any parent up to mount point /)
Stopping at filesystem boundary (GIT_DISCOVERY_ACROSS_FILESYSTEM not set).
2025-04-10 07:11:18.618 [info] > git rev-parse --show-toplevel [2ms]
2025-04-10 07:11:18.618 [info] fatal: not a git repository (or any parent up to mount point /)
Stopping at filesystem boundary (GIT_DISCOVERY_ACROSS_FILESYSTEM not set).
2025-04-10 07:11:22.079 [info] > git rev-parse --show-toplevel [1ms]
2025-04-10 07:11:22.079 [info] fatal: not a git repository (or any parent up to mount point /)
Stopping at filesystem boundary (GIT_DISCOVERY_ACROSS_FILESYSTEM not set).
2025-04-10 07:11:36.333 [info] > git rev-parse --show-toplevel [1ms]
2025-04-10 07:11:36.333 [info] fatal: not a git repository (or any parent up to mount point /)
Stopping at filesystem boundary (GIT_DISCOVERY_ACROSS_FILESYSTEM not set).
2025-04-10 07:11:37.947 [info] > git rev-parse --show-toplevel [2ms]
2025-04-10 07:11:37.947 [info] fatal: not a git repository (or any parent up to mount point /)
Stopping at filesystem boundary (GIT_DISCOVERY_ACROSS_FILESYSTEM not set).
2025-04-10 07:11:54.506 [info] > git rev-parse --show-toplevel [2ms]
2025-04-10 07:11:54.506 [info] fatal: not a git repository (or any parent up to mount point /)
Stopping at filesystem boundary (GIT_DISCOVERY_ACROSS_FILESYSTEM not set).
2025-04-10 07:11:56.244 [info] > git rev-parse --show-toplevel [2ms]
2025-04-10 07:11:56.244 [info] fatal: not a git repository (or any parent up to mount point /)
Stopping at filesystem boundary (GIT_DISCOVERY_ACROSS_FILESYSTEM not set).
2025-04-10 07:12:58.499 [info] > git rev-parse --show-toplevel [1ms]
2025-04-10 07:12:58.499 [info] fatal: not a git repository (or any parent up to mount point /)
Stopping at filesystem boundary (GIT_DISCOVERY_ACROSS_FILESYSTEM not set).
2025-04-10 07:13:42.660 [info] > git rev-parse --show-toplevel [1ms]
2025-04-10 07:13:42.660 [info] fatal: not a git repository (or any parent up to mount point /)
Stopping at filesystem boundary (GIT_DISCOVERY_ACROSS_FILESYSTEM not set).
2025-04-10 07:13:43.236 [info] > git rev-parse --show-toplevel [1ms]
2025-04-10 07:13:43.236 [info] fatal: not a git repository (or any parent up to mount point /)
Stopping at filesystem boundary (GIT_DISCOVERY_ACROSS_FILESYSTEM not set).
2025-04-10 07:14:03.840 [info] > git rev-parse --show-toplevel [2ms]
2025-04-10 07:14:03.840 [info] fatal: not a git repository (or any parent up to mount point /)
Stopping at filesystem boundary (GIT_DISCOVERY_ACROSS_FILESYSTEM not set).
2025-04-10 07:14:39.928 [info] > git rev-parse --show-toplevel [2ms]
2025-04-10 07:14:39.928 [info] fatal: not a git repository (or any parent up to mount point /)
Stopping at filesystem boundary (GIT_DISCOVERY_ACROSS_FILESYSTEM not set).
2025-04-10 07:14:56.142 [info] > git rev-parse --show-toplevel [3ms]
2025-04-10 07:14:56.142 [info] fatal: not a git repository (or any parent up to mount point /)
Stopping at filesystem boundary (GIT_DISCOVERY_ACROSS_FILESYSTEM not set).
2025-04-10 07:15:00.298 [info] > git rev-parse --show-toplevel [2ms]
2025-04-10 07:15:00.298 [info] fatal: not a git repository (or any parent up to mount point /)
Stopping at filesystem boundary (GIT_DISCOVERY_ACROSS_FILESYSTEM not set).
2025-04-10 07:15:06.524 [info] > git rev-parse --show-toplevel [1ms]
2025-04-10 07:15:06.524 [info] fatal: not a git repository (or any parent up to mount point /)
Stopping at filesystem boundary (GIT_DISCOVERY_ACROSS_FILESYSTEM not set).
2025-04-10 07:15:37.435 [info] > git rev-parse --show-toplevel [1ms]
2025-04-10 07:15:37.435 [info] fatal: not a git repository (or any parent up to mount point /)
Stopping at filesystem boundary (GIT_DISCOVERY_ACROSS_FILESYSTEM not set).
2025-04-10 07:16:39.534 [info] > git rev-parse --show-toplevel [1ms]
2025-04-10 07:16:39.534 [info] fatal: not a git repository (or any parent up to mount point /)
Stopping at filesystem boundary (GIT_DISCOVERY_ACROSS_FILESYSTEM not set).
2025-04-10 07:16:48.592 [info] > git rev-parse --show-toplevel [1ms]
2025-04-10 07:16:48.592 [info] fatal: not a git repository (or any parent up to mount point /)
Stopping at filesystem boundary (GIT_DISCOVERY_ACROSS_FILESYSTEM not set).
2025-04-10 07:18:44.894 [info] > git rev-parse --show-toplevel [1ms]
2025-04-10 07:18:44.894 [info] fatal: not a git repository (or any parent up to mount point /)
Stopping at filesystem boundary (GIT_DISCOVERY_ACROSS_FILESYSTEM not set).
2025-04-10 07:18:49.760 [info] > git rev-parse --show-toplevel [1ms]
2025-04-10 07:18:49.760 [info] fatal: not a git repository (or any parent up to mount point /)
Stopping at filesystem boundary (GIT_DISCOVERY_ACROSS_FILESYSTEM not set).
2025-04-10 07:18:50.541 [info] > git rev-parse --show-toplevel [2ms]
2025-04-10 07:18:50.541 [info] fatal: not a git repository (or any parent up to mount point /)
Stopping at filesystem boundary (GIT_DISCOVERY_ACROSS_FILESYSTEM not set).
2025-04-10 07:18:51.191 [info] > git rev-parse --show-toplevel [1ms]
2025-04-10 07:18:51.191 [info] fatal: not a git repository (or any parent up to mount point /)
Stopping at filesystem boundary (GIT_DISCOVERY_ACROSS_FILESYSTEM not set).
2025-04-10 07:19:59.244 [info] > git rev-parse --show-toplevel [1ms]
2025-04-10 07:19:59.244 [info] fatal: not a git repository (or any parent up to mount point /)
Stopping at filesystem boundary (GIT_DISCOVERY_ACROSS_FILESYSTEM not set).
2025-04-10 07:19:59.507 [info] > git rev-parse --show-toplevel [2ms]
2025-04-10 07:19:59.507 [info] fatal: not a git repository (or any parent up to mount point /)
Stopping at filesystem boundary (GIT_DISCOVERY_ACROSS_FILESYSTEM not set).
2025-04-10 07:20:13.632 [info] > git rev-parse --show-toplevel [2ms]
2025-04-10 07:20:13.632 [info] fatal: not a git repository (or any parent up to mount point /)
Stopping at filesystem boundary (GIT_DISCOVERY_ACROSS_FILESYSTEM not set).
2025-04-10 07:20:33.422 [info] > git rev-parse --show-toplevel [1ms]
2025-04-10 07:20:33.422 [info] fatal: not a git repository (or any parent up to mount point /)
Stopping at filesystem boundary (GIT_DISCOVERY_ACROSS_FILESYSTEM not set).
2025-04-10 07:21:10.594 [info] > git rev-parse --show-toplevel [2ms]
2025-04-10 07:21:10.594 [info] fatal: not a git repository (or any parent up to mount point /)
Stopping at filesystem boundary (GIT_DISCOVERY_ACROSS_FILESYSTEM not set).
2025-04-10 07:21:39.028 [info] > git rev-parse --show-toplevel [2ms]
2025-04-10 07:21:39.028 [info] fatal: not a git repository (or any parent up to mount point /)
Stopping at filesystem boundary (GIT_DISCOVERY_ACROSS_FILESYSTEM not set).
2025-04-10 07:22:41.354 [info] > git rev-parse --show-toplevel [1ms]
2025-04-10 07:22:41.354 [info] fatal: not a git repository (or any parent up to mount point /)
Stopping at filesystem boundary (GIT_DISCOVERY_ACROSS_FILESYSTEM not set).
2025-04-10 07:23:20.837 [info] > git rev-parse --show-toplevel [2ms]
2025-04-10 07:23:20.837 [info] fatal: not a git repository (or any parent up to mount point /)
Stopping at filesystem boundary (GIT_DISCOVERY_ACROSS_FILESYSTEM not set).
2025-04-10 07:25:54.831 [info] > git rev-parse --show-toplevel [1ms]
2025-04-10 07:25:54.831 [info] fatal: not a git repository (or any parent up to mount point /)
Stopping at filesystem boundary (GIT_DISCOVERY_ACROSS_FILESYSTEM not set).
2025-04-10 07:25:56.598 [info] > git rev-parse --show-toplevel [2ms]
2025-04-10 07:25:56.598 [info] fatal: not a git repository (or any parent up to mount point /)
Stopping at filesystem boundary (GIT_DISCOVERY_ACROSS_FILESYSTEM not set).
2025-04-10 07:26:24.255 [info] > git rev-parse --show-toplevel [2ms]
2025-04-10 07:26:24.255 [info] fatal: not a git repository (or any parent up to mount point /)
Stopping at filesystem boundary (GIT_DISCOVERY_ACROSS_FILESYSTEM not set).
2025-04-10 07:26:36.246 [info] > git rev-parse --show-toplevel [2ms]
2025-04-10 07:26:36.246 [info] fatal: not a git repository (or any parent up to mount point /)
Stopping at filesystem boundary (GIT_DISCOVERY_ACROSS_FILESYSTEM not set).
2025-04-10 07:27:04.890 [info] > git rev-parse --show-toplevel [2ms]
2025-04-10 07:27:04.890 [info] fatal: not a git repository (or any parent up to mount point /)
Stopping at filesystem boundary (GIT_DISCOVERY_ACROSS_FILESYSTEM not set).
2025-04-10 07:27:05.686 [info] > git rev-parse --show-toplevel [1ms]
2025-04-10 07:27:05.686 [info] fatal: not a git repository (or any parent up to mount point /)
Stopping at filesystem boundary (GIT_DISCOVERY_ACROSS_FILESYSTEM not set).
2025-04-10 07:27:06.150 [info] > git rev-parse --show-toplevel [3ms]
2025-04-10 07:27:06.150 [info] fatal: not a git repository (or any parent up to mount point /)
Stopping at filesystem boundary (GIT_DISCOVERY_ACROSS_FILESYSTEM not set).
2025-04-10 07:27:44.702 [info] > git rev-parse --show-toplevel [2ms]
2025-04-10 07:27:44.702 [info] fatal: not a git repository (or any parent up to mount point /)
Stopping at filesystem boundary (GIT_DISCOVERY_ACROSS_FILESYSTEM not set).
2025-04-10 07:29:49.136 [info] > git rev-parse --show-toplevel [1ms]
2025-04-10 07:29:49.136 [info] fatal: not a git repository (or any parent up to mount point /)
Stopping at filesystem boundary (GIT_DISCOVERY_ACROSS_FILESYSTEM not set).
2025-04-10 07:30:48.723 [info] > git rev-parse --show-toplevel [2ms]
2025-04-10 07:30:48.723 [info] fatal: not a git repository (or any parent up to mount point /)
Stopping at filesystem boundary (GIT_DISCOVERY_ACROSS_FILESYSTEM not set).
2025-04-10 07:31:25.443 [info] > git rev-parse --show-toplevel [1ms]
2025-04-10 07:31:25.443 [info] fatal: not a git repository (or any parent up to mount point /)
Stopping at filesystem boundary (GIT_DISCOVERY_ACROSS_FILESYSTEM not set).
2025-04-10 07:31:51.321 [info] > git rev-parse --show-toplevel [1ms]
2025-04-10 07:31:51.321 [info] fatal: not a git repository (or any parent up to mount point /)
Stopping at filesystem boundary (GIT_DISCOVERY_ACROSS_FILESYSTEM not set).
2025-04-10 07:32:43.224 [info] > git rev-parse --show-toplevel [1ms]
2025-04-10 07:32:43.224 [info] fatal: not a git repository (or any parent up to mount point /)
Stopping at filesystem boundary (GIT_DISCOVERY_ACROSS_FILESYSTEM not set).
2025-04-10 07:32:44.623 [info] > git rev-parse --show-toplevel [1ms]
2025-04-10 07:32:44.623 [info] fatal: not a git repository (or any parent up to mount point /)
Stopping at filesystem boundary (GIT_DISCOVERY_ACROSS_FILESYSTEM not set).
2025-04-10 07:32:46.626 [info] > git rev-parse --show-toplevel [2ms]
2025-04-10 07:32:46.626 [info] fatal: not a git repository (or any parent up to mount point /)
Stopping at filesystem boundary (GIT_DISCOVERY_ACROSS_FILESYSTEM not set).
2025-04-10 07:32:47.750 [info] > git rev-parse --show-toplevel [2ms]
2025-04-10 07:32:47.750 [info] fatal: not a git repository (or any parent up to mount point /)
Stopping at filesystem boundary (GIT_DISCOVERY_ACROSS_FILESYSTEM not set).
2025-04-10 07:32:48.922 [info] > git rev-parse --show-toplevel [2ms]
2025-04-10 07:32:48.922 [info] fatal: not a git repository (or any parent up to mount point /)
Stopping at filesystem boundary (GIT_DISCOVERY_ACROSS_FILESYSTEM not set).
2025-04-10 07:32:50.747 [info] > git rev-parse --show-toplevel [2ms]
2025-04-10 07:32:50.747 [info] fatal: not a git repository (or any parent up to mount point /)
Stopping at filesystem boundary (GIT_DISCOVERY_ACROSS_FILESYSTEM not set).
2025-04-10 07:32:53.476 [info] > git rev-parse --show-toplevel [3ms]
2025-04-10 07:32:53.476 [info] fatal: not a git repository (or any parent up to mount point /)
Stopping at filesystem boundary (GIT_DISCOVERY_ACROSS_FILESYSTEM not set).
2025-04-10 07:32:55.544 [info] > git rev-parse --show-toplevel [1ms]
2025-04-10 07:32:55.544 [info] fatal: not a git repository (or any parent up to mount point /)
Stopping at filesystem boundary (GIT_DISCOVERY_ACROSS_FILESYSTEM not set).
2025-04-10 07:32:55.866 [info] > git rev-parse --show-toplevel [1ms]
2025-04-10 07:32:55.866 [info] fatal: not a git repository (or any parent up to mount point /)
Stopping at filesystem boundary (GIT_DISCOVERY_ACROSS_FILESYSTEM not set).
2025-04-10 07:32:58.047 [info] > git rev-parse --show-toplevel [1ms]
2025-04-10 07:32:58.047 [info] fatal: not a git repository (or any parent up to mount point /)
Stopping at filesystem boundary (GIT_DISCOVERY_ACROSS_FILESYSTEM not set).
2025-04-10 07:34:38.972 [info] > git rev-parse --show-toplevel [2ms]
2025-04-10 07:34:38.972 [info] fatal: not a git repository (or any parent up to mount point /)
Stopping at filesystem boundary (GIT_DISCOVERY_ACROSS_FILESYSTEM not set).
2025-04-10 07:34:39.449 [info] > git rev-parse --show-toplevel [1ms]
2025-04-10 07:34:39.449 [info] fatal: not a git repository (or any parent up to mount point /)
Stopping at filesystem boundary (GIT_DISCOVERY_ACROSS_FILESYSTEM not set).
2025-04-10 07:35:17.593 [info] > git rev-parse --show-toplevel [2ms]
2025-04-10 07:35:17.593 [info] fatal: not a git repository (or any parent up to mount point /)
Stopping at filesystem boundary (GIT_DISCOVERY_ACROSS_FILESYSTEM not set).
2025-04-10 07:35:25.513 [info] > git rev-parse --show-toplevel [1ms]
2025-04-10 07:35:25.513 [info] fatal: not a git repository (or any parent up to mount point /)
Stopping at filesystem boundary (GIT_DISCOVERY_ACROSS_FILESYSTEM not set).
2025-04-10 07:35:35.924 [info] > git rev-parse --show-toplevel [2ms]
2025-04-10 07:35:35.924 [info] fatal: not a git repository (or any parent up to mount point /)
Stopping at filesystem boundary (GIT_DISCOVERY_ACROSS_FILESYSTEM not set).
2025-04-10 07:36:06.080 [info] > git rev-parse --show-toplevel [2ms]
2025-04-10 07:36:06.080 [info] fatal: not a git repository (or any parent up to mount point /)
Stopping at filesystem boundary (GIT_DISCOVERY_ACROSS_FILESYSTEM not set).
2025-04-10 07:37:14.611 [info] > git rev-parse --show-toplevel [1ms]
2025-04-10 07:37:14.611 [info] fatal: not a git repository (or any parent up to mount point /)
Stopping at filesystem boundary (GIT_DISCOVERY_ACROSS_FILESYSTEM not set).
2025-04-10 07:37:15.353 [info] > git rev-parse --show-toplevel [1ms]
2025-04-10 07:37:15.353 [info] fatal: not a git repository (or any parent up to mount point /)
Stopping at filesystem boundary (GIT_DISCOVERY_ACROSS_FILESYSTEM not set).
2025-04-10 07:37:16.028 [info] > git rev-parse --show-toplevel [1ms]
2025-04-10 07:37:16.028 [info] fatal: not a git repository (or any parent up to mount point /)
Stopping at filesystem boundary (GIT_DISCOVERY_ACROSS_FILESYSTEM not set).
2025-04-10 07:37:16.487 [info] > git rev-parse --show-toplevel [2ms]
2025-04-10 07:37:16.487 [info] fatal: not a git repository (or any parent up to mount point /)
Stopping at filesystem boundary (GIT_DISCOVERY_ACROSS_FILESYSTEM not set).
2025-04-10 07:37:17.491 [info] > git rev-parse --show-toplevel [1ms]
2025-04-10 07:37:17.491 [info] fatal: not a git repository (or any parent up to mount point /)
Stopping at filesystem boundary (GIT_DISCOVERY_ACROSS_FILESYSTEM not set).
2025-04-10 07:37:18.179 [info] > git rev-parse --show-toplevel [2ms]
2025-04-10 07:37:18.179 [info] fatal: not a git repository (or any parent up to mount point /)
Stopping at filesystem boundary (GIT_DISCOVERY_ACROSS_FILESYSTEM not set).
2025-04-10 07:37:20.650 [info] > git rev-parse --show-toplevel [2ms]
2025-04-10 07:37:20.650 [info] fatal: not a git repository (or any parent up to mount point /)
Stopping at filesystem boundary (GIT_DISCOVERY_ACROSS_FILESYSTEM not set).
2025-04-10 07:37:23.178 [info] > git rev-parse --show-toplevel [1ms]
2025-04-10 07:37:23.178 [info] fatal: not a git repository (or any parent up to mount point /)
Stopping at filesystem boundary (GIT_DISCOVERY_ACROSS_FILESYSTEM not set).
2025-04-10 07:37:32.008 [info] > git rev-parse --show-toplevel [1ms]
2025-04-10 07:37:32.008 [info] fatal: not a git repository (or any parent up to mount point /)
Stopping at filesystem boundary (GIT_DISCOVERY_ACROSS_FILESYSTEM not set).
2025-04-10 07:37:40.769 [info] > git rev-parse --show-toplevel [2ms]
2025-04-10 07:37:40.769 [info] fatal: not a git repository (or any parent up to mount point /)
Stopping at filesystem boundary (GIT_DISCOVERY_ACROSS_FILESYSTEM not set).
2025-04-10 07:37:46.430 [info] > git rev-parse --show-toplevel [1ms]
2025-04-10 07:37:46.430 [info] fatal: not a git repository (or any parent up to mount point /)
Stopping at filesystem boundary (GIT_DISCOVERY_ACROSS_FILESYSTEM not set).
2025-04-10 07:37:49.480 [info] > git rev-parse --show-toplevel [2ms]
2025-04-10 07:37:49.480 [info] fatal: not a git repository (or any parent up to mount point /)
Stopping at filesystem boundary (GIT_DISCOVERY_ACROSS_FILESYSTEM not set).
2025-04-10 07:38:10.068 [info] > git rev-parse --show-toplevel [1ms]
2025-04-10 07:38:10.068 [info] fatal: not a git repository (or any parent up to mount point /)
Stopping at filesystem boundary (GIT_DISCOVERY_ACROSS_FILESYSTEM not set).
2025-04-10 07:38:17.378 [info] > git rev-parse --show-toplevel [2ms]
2025-04-10 07:38:17.378 [info] fatal: not a git repository (or any parent up to mount point /)
Stopping at filesystem boundary (GIT_DISCOVERY_ACROSS_FILESYSTEM not set).
2025-04-10 07:38:32.419 [info] > git rev-parse --show-toplevel [1ms]
2025-04-10 07:38:32.419 [info] fatal: not a git repository (or any parent up to mount point /)
Stopping at filesystem boundary (GIT_DISCOVERY_ACROSS_FILESYSTEM not set).
2025-04-10 07:38:32.848 [info] > git rev-parse --show-toplevel [1ms]
2025-04-10 07:38:32.848 [info] fatal: not a git repository (or any parent up to mount point /)
Stopping at filesystem boundary (GIT_DISCOVERY_ACROSS_FILESYSTEM not set).
2025-04-10 07:38:39.017 [info] > git rev-parse --show-toplevel [2ms]
2025-04-10 07:38:39.017 [info] fatal: not a git repository (or any parent up to mount point /)
Stopping at filesystem boundary (GIT_DISCOVERY_ACROSS_FILESYSTEM not set).
2025-04-10 07:38:58.391 [info] > git rev-parse --show-toplevel [1ms]
2025-04-10 07:38:58.391 [info] fatal: not a git repository (or any parent up to mount point /)
Stopping at filesystem boundary (GIT_DISCOVERY_ACROSS_FILESYSTEM not set).
2025-04-10 07:39:01.133 [info] > git rev-parse --show-toplevel [2ms]
2025-04-10 07:39:01.133 [info] fatal: not a git repository (or any parent up to mount point /)
Stopping at filesystem boundary (GIT_DISCOVERY_ACROSS_FILESYSTEM not set).
2025-04-10 07:39:02.044 [info] > git rev-parse --show-toplevel [1ms]
2025-04-10 07:39:02.044 [info] fatal: not a git repository (or any parent up to mount point /)
Stopping at filesystem boundary (GIT_DISCOVERY_ACROSS_FILESYSTEM not set).
2025-04-10 07:39:02.811 [info] > git rev-parse --show-toplevel [2ms]
2025-04-10 07:39:02.811 [info] fatal: not a git repository (or any parent up to mount point /)
Stopping at filesystem boundary (GIT_DISCOVERY_ACROSS_FILESYSTEM not set).
2025-04-10 07:39:06.593 [info] > git rev-parse --show-toplevel [2ms]
2025-04-10 07:39:06.594 [info] fatal: not a git repository (or any parent up to mount point /)
Stopping at filesystem boundary (GIT_DISCOVERY_ACROSS_FILESYSTEM not set).
2025-04-10 09:18:29.822 [info] > git rev-parse --show-toplevel [1ms]
2025-04-10 09:18:29.822 [info] fatal: not a git repository (or any parent up to mount point /)
Stopping at filesystem boundary (GIT_DISCOVERY_ACROSS_FILESYSTEM not set).
2025-04-10 09:18:30.216 [info] > git rev-parse --show-toplevel [1ms]
2025-04-10 09:18:30.216 [info] fatal: not a git repository (or any parent up to mount point /)
Stopping at filesystem boundary (GIT_DISCOVERY_ACROSS_FILESYSTEM not set).
2025-04-10 09:19:16.605 [info] > git rev-parse --show-toplevel [1ms]
2025-04-10 09:19:16.605 [info] fatal: not a git repository (or any parent up to mount point /)
Stopping at filesystem boundary (GIT_DISCOVERY_ACROSS_FILESYSTEM not set).
2025-04-10 09:19:28.704 [info] > git rev-parse --show-toplevel [1ms]
2025-04-10 09:19:28.704 [info] fatal: not a git repository (or any parent up to mount point /)
Stopping at filesystem boundary (GIT_DISCOVERY_ACROSS_FILESYSTEM not set).
2025-04-10 09:19:47.921 [info] > git rev-parse --show-toplevel [2ms]
2025-04-10 09:19:47.921 [info] fatal: not a git repository (or any parent up to mount point /)
Stopping at filesystem boundary (GIT_DISCOVERY_ACROSS_FILESYSTEM not set).
2025-04-10 09:21:22.395 [info] > git rev-parse --show-toplevel [1ms]
2025-04-10 09:21:22.395 [info] fatal: not a git repository (or any parent up to mount point /)
Stopping at filesystem boundary (GIT_DISCOVERY_ACROSS_FILESYSTEM not set).
2025-04-10 09:25:07.478 [info] > git rev-parse --show-toplevel [1ms]
2025-04-10 09:25:07.478 [info] fatal: not a git repository (or any parent up to mount point /)
Stopping at filesystem boundary (GIT_DISCOVERY_ACROSS_FILESYSTEM not set).
2025-04-10 09:25:10.021 [info] > git rev-parse --show-toplevel [2ms]
2025-04-10 09:25:10.021 [info] fatal: not a git repository (or any parent up to mount point /)
Stopping at filesystem boundary (GIT_DISCOVERY_ACROSS_FILESYSTEM not set).
2025-04-10 09:25:10.780 [info] > git rev-parse --show-toplevel [1ms]
2025-04-10 09:25:10.780 [info] fatal: not a git repository (or any parent up to mount point /)
Stopping at filesystem boundary (GIT_DISCOVERY_ACROSS_FILESYSTEM not set).
2025-04-10 09:25:51.804 [info] > git rev-parse --show-toplevel [1ms]
2025-04-10 09:25:51.804 [info] fatal: not a git repository (or any parent up to mount point /)
Stopping at filesystem boundary (GIT_DISCOVERY_ACROSS_FILESYSTEM not set).
2025-04-10 09:25:54.702 [info] > git rev-parse --show-toplevel [1ms]
2025-04-10 09:25:54.702 [info] fatal: not a git repository (or any parent up to mount point /)
Stopping at filesystem boundary (GIT_DISCOVERY_ACROSS_FILESYSTEM not set).
2025-04-10 09:26:20.664 [info] > git rev-parse --show-toplevel [2ms]
2025-04-10 09:26:20.664 [info] fatal: not a git repository (or any parent up to mount point /)
Stopping at filesystem boundary (GIT_DISCOVERY_ACROSS_FILESYSTEM not set).
2025-04-10 09:26:24.325 [info] > git rev-parse --show-toplevel [2ms]
2025-04-10 09:26:24.325 [info] fatal: not a git repository (or any parent up to mount point /)
Stopping at filesystem boundary (GIT_DISCOVERY_ACROSS_FILESYSTEM not set).
2025-04-10 09:26:26.638 [info] > git rev-parse --show-toplevel [1ms]
2025-04-10 09:26:26.638 [info] fatal: not a git repository (or any parent up to mount point /)
Stopping at filesystem boundary (GIT_DISCOVERY_ACROSS_FILESYSTEM not set).
2025-04-10 09:33:00.205 [info] > git rev-parse --show-toplevel [1ms]
2025-04-10 09:33:00.205 [info] fatal: not a git repository (or any parent up to mount point /)
Stopping at filesystem boundary (GIT_DISCOVERY_ACROSS_FILESYSTEM not set).
2025-04-10 09:33:00.750 [info] > git rev-parse --show-toplevel [2ms]
2025-04-10 09:33:00.750 [info] fatal: not a git repository (or any parent up to mount point /)
Stopping at filesystem boundary (GIT_DISCOVERY_ACROSS_FILESYSTEM not set).
2025-04-10 09:33:03.753 [info] > git rev-parse --show-toplevel [2ms]
2025-04-10 09:33:03.753 [info] fatal: not a git repository (or any parent up to mount point /)
Stopping at filesystem boundary (GIT_DISCOVERY_ACROSS_FILESYSTEM not set).
2025-04-10 09:33:29.224 [info] > git rev-parse --show-toplevel [1ms]
2025-04-10 09:33:29.224 [info] fatal: not a git repository (or any parent up to mount point /)
Stopping at filesystem boundary (GIT_DISCOVERY_ACROSS_FILESYSTEM not set).
2025-04-10 09:33:29.670 [info] > git rev-parse --show-toplevel [2ms]
2025-04-10 09:33:29.670 [info] fatal: not a git repository (or any parent up to mount point /)
Stopping at filesystem boundary (GIT_DISCOVERY_ACROSS_FILESYSTEM not set).
2025-04-10 09:39:25.754 [info] > git rev-parse --show-toplevel [2ms]
2025-04-10 09:39:25.754 [info] fatal: not a git repository (or any parent up to mount point /)
Stopping at filesystem boundary (GIT_DISCOVERY_ACROSS_FILESYSTEM not set).
2025-04-10 09:39:26.539 [info] > git rev-parse --show-toplevel [2ms]
2025-04-10 09:39:26.539 [info] fatal: not a git repository (or any parent up to mount point /)
Stopping at filesystem boundary (GIT_DISCOVERY_ACROSS_FILESYSTEM not set).
2025-04-10 09:41:36.009 [info] > git rev-parse --show-toplevel [1ms]
2025-04-10 09:41:36.009 [info] fatal: not a git repository (or any parent up to mount point /)
Stopping at filesystem boundary (GIT_DISCOVERY_ACROSS_FILESYSTEM not set).
2025-04-10 09:41:36.305 [info] > git rev-parse --show-toplevel [2ms]
2025-04-10 09:41:36.305 [info] fatal: not a git repository (or any parent up to mount point /)
Stopping at filesystem boundary (GIT_DISCOVERY_ACROSS_FILESYSTEM not set).
2025-04-10 09:43:19.119 [info] > git rev-parse --show-toplevel [1ms]
2025-04-10 09:43:19.119 [info] fatal: not a git repository (or any parent up to mount point /)
Stopping at filesystem boundary (GIT_DISCOVERY_ACROSS_FILESYSTEM not set).
2025-04-10 09:43:20.530 [info] > git rev-parse --show-toplevel [2ms]
2025-04-10 09:43:20.530 [info] fatal: not a git repository (or any parent up to mount point /)
Stopping at filesystem boundary (GIT_DISCOVERY_ACROSS_FILESYSTEM not set).
2025-04-10 09:43:32.938 [info] > git rev-parse --show-toplevel [1ms]
2025-04-10 09:43:32.938 [info] fatal: not a git repository (or any parent up to mount point /)
Stopping at filesystem boundary (GIT_DISCOVERY_ACROSS_FILESYSTEM not set).
2025-04-10 09:44:44.674 [info] > git rev-parse --show-toplevel [2ms]
2025-04-10 09:44:44.674 [info] fatal: not a git repository (or any parent up to mount point /)
Stopping at filesystem boundary (GIT_DISCOVERY_ACROSS_FILESYSTEM not set).
2025-04-10 09:44:49.823 [info] > git rev-parse --show-toplevel [1ms]
2025-04-10 09:44:49.823 [info] fatal: not a git repository (or any parent up to mount point /)
Stopping at filesystem boundary (GIT_DISCOVERY_ACROSS_FILESYSTEM not set).
2025-04-10 09:48:49.062 [info] > git rev-parse --show-toplevel [1ms]
2025-04-10 09:48:49.062 [info] fatal: not a git repository (or any parent up to mount point /)
Stopping at filesystem boundary (GIT_DISCOVERY_ACROSS_FILESYSTEM not set).
2025-04-10 09:48:49.588 [info] > git rev-parse --show-toplevel [1ms]
2025-04-10 09:48:49.589 [info] fatal: not a git repository (or any parent up to mount point /)
Stopping at filesystem boundary (GIT_DISCOVERY_ACROSS_FILESYSTEM not set).
2025-04-10 09:49:15.251 [info] > git rev-parse --show-toplevel [1ms]
2025-04-10 09:49:15.251 [info] fatal: not a git repository (or any parent up to mount point /)
Stopping at filesystem boundary (GIT_DISCOVERY_ACROSS_FILESYSTEM not set).
2025-04-10 09:53:36.055 [info] > git rev-parse --show-toplevel [2ms]
2025-04-10 09:53:36.055 [info] fatal: not a git repository (or any parent up to mount point /)
Stopping at filesystem boundary (GIT_DISCOVERY_ACROSS_FILESYSTEM not set).
2025-04-10 09:53:43.249 [info] > git rev-parse --show-toplevel [1ms]
2025-04-10 09:53:43.249 [info] fatal: not a git repository (or any parent up to mount point /)
Stopping at filesystem boundary (GIT_DISCOVERY_ACROSS_FILESYSTEM not set).
2025-04-10 09:53:45.801 [info] > git rev-parse --show-toplevel [1ms]
2025-04-10 09:53:45.801 [info] fatal: not a git repository (or any parent up to mount point /)
Stopping at filesystem boundary (GIT_DISCOVERY_ACROSS_FILESYSTEM not set).
2025-04-10 09:53:48.106 [info] > git rev-parse --show-toplevel [2ms]
2025-04-10 09:53:48.106 [info] fatal: not a git repository (or any parent up to mount point /)
Stopping at filesystem boundary (GIT_DISCOVERY_ACROSS_FILESYSTEM not set).
2025-04-10 09:54:10.606 [info] > git rev-parse --show-toplevel [2ms]
2025-04-10 09:54:10.606 [info] fatal: not a git repository (or any parent up to mount point /)
Stopping at filesystem boundary (GIT_DISCOVERY_ACROSS_FILESYSTEM not set).
2025-04-10 09:54:19.902 [info] > git rev-parse --show-toplevel [2ms]
2025-04-10 09:54:19.902 [info] fatal: not a git repository (or any parent up to mount point /)
Stopping at filesystem boundary (GIT_DISCOVERY_ACROSS_FILESYSTEM not set).
2025-04-10 09:54:24.517 [info] > git rev-parse --show-toplevel [2ms]
2025-04-10 09:54:24.517 [info] fatal: not a git repository (or any parent up to mount point /)
Stopping at filesystem boundary (GIT_DISCOVERY_ACROSS_FILESYSTEM not set).
2025-04-10 09:54:28.039 [info] > git rev-parse --show-toplevel [2ms]
2025-04-10 09:54:28.039 [info] fatal: not a git repository (or any parent up to mount point /)
Stopping at filesystem boundary (GIT_DISCOVERY_ACROSS_FILESYSTEM not set).
2025-04-10 09:55:05.889 [info] > git rev-parse --show-toplevel [1ms]
2025-04-10 09:55:05.889 [info] fatal: not a git repository (or any parent up to mount point /)
Stopping at filesystem boundary (GIT_DISCOVERY_ACROSS_FILESYSTEM not set).
2025-04-10 09:55:37.932 [info] > git rev-parse --show-toplevel [1ms]
2025-04-10 09:55:37.932 [info] fatal: not a git repository (or any parent up to mount point /)
Stopping at filesystem boundary (GIT_DISCOVERY_ACROSS_FILESYSTEM not set).
2025-04-10 09:55:48.911 [info] > git rev-parse --show-toplevel [2ms]
2025-04-10 09:55:48.911 [info] fatal: not a git repository (or any parent up to mount point /)
Stopping at filesystem boundary (GIT_DISCOVERY_ACROSS_FILESYSTEM not set).
2025-04-10 09:55:59.988 [info] > git rev-parse --show-toplevel [1ms]
2025-04-10 09:55:59.988 [info] fatal: not a git repository (or any parent up to mount point /)
Stopping at filesystem boundary (GIT_DISCOVERY_ACROSS_FILESYSTEM not set).
2025-04-10 09:56:24.696 [info] > git rev-parse --show-toplevel [2ms]
2025-04-10 09:56:24.696 [info] fatal: not a git repository (or any parent up to mount point /)
Stopping at filesystem boundary (GIT_DISCOVERY_ACROSS_FILESYSTEM not set).
2025-04-10 09:56:29.215 [info] > git rev-parse --show-toplevel [3ms]
2025-04-10 09:56:29.215 [info] fatal: not a git repository (or any parent up to mount point /)
Stopping at filesystem boundary (GIT_DISCOVERY_ACROSS_FILESYSTEM not set).
2025-04-10 09:56:35.013 [info] > git rev-parse --show-toplevel [2ms]
2025-04-10 09:56:35.013 [info] fatal: not a git repository (or any parent up to mount point /)
Stopping at filesystem boundary (GIT_DISCOVERY_ACROSS_FILESYSTEM not set).
2025-04-10 09:57:38.202 [info] > git rev-parse --show-toplevel [1ms]
2025-04-10 09:57:38.202 [info] fatal: not a git repository (or any parent up to mount point /)
Stopping at filesystem boundary (GIT_DISCOVERY_ACROSS_FILESYSTEM not set).
2025-04-10 09:58:03.880 [info] > git rev-parse --show-toplevel [2ms]
2025-04-10 09:58:03.880 [info] fatal: not a git repository (or any parent up to mount point /)
Stopping at filesystem boundary (GIT_DISCOVERY_ACROSS_FILESYSTEM not set).
2025-04-10 09:59:00.682 [info] > git rev-parse --show-toplevel [2ms]
2025-04-10 09:59:00.682 [info] fatal: not a git repository (or any parent up to mount point /)
Stopping at filesystem boundary (GIT_DISCOVERY_ACROSS_FILESYSTEM not set).
2025-04-10 09:59:45.578 [info] > git rev-parse --show-toplevel [1ms]
2025-04-10 09:59:45.578 [info] fatal: not a git repository (or any parent up to mount point /)
Stopping at filesystem boundary (GIT_DISCOVERY_ACROSS_FILESYSTEM not set).
2025-04-10 10:00:28.430 [info] > git rev-parse --show-toplevel [1ms]
2025-04-10 10:00:28.430 [info] fatal: not a git repository (or any parent up to mount point /)
Stopping at filesystem boundary (GIT_DISCOVERY_ACROSS_FILESYSTEM not set).
2025-04-10 10:02:31.451 [info] > git rev-parse --show-toplevel [2ms]
2025-04-10 10:02:31.451 [info] fatal: not a git repository (or any parent up to mount point /)
Stopping at filesystem boundary (GIT_DISCOVERY_ACROSS_FILESYSTEM not set).
2025-04-10 10:03:33.787 [info] > git rev-parse --show-toplevel [1ms]
2025-04-10 10:03:33.787 [info] fatal: not a git repository (or any parent up to mount point /)
Stopping at filesystem boundary (GIT_DISCOVERY_ACROSS_FILESYSTEM not set).
2025-04-10 10:03:41.154 [info] > git rev-parse --show-toplevel [1ms]
2025-04-10 10:03:41.154 [info] fatal: not a git repository (or any parent up to mount point /)
Stopping at filesystem boundary (GIT_DISCOVERY_ACROSS_FILESYSTEM not set).
2025-04-10 10:04:52.906 [info] > git rev-parse --show-toplevel [1ms]
2025-04-10 10:04:52.906 [info] fatal: not a git repository (or any parent up to mount point /)
Stopping at filesystem boundary (GIT_DISCOVERY_ACROSS_FILESYSTEM not set).
2025-04-10 10:04:53.235 [info] > git rev-parse --show-toplevel [1ms]
2025-04-10 10:04:53.235 [info] fatal: not a git repository (or any parent up to mount point /)
Stopping at filesystem boundary (GIT_DISCOVERY_ACROSS_FILESYSTEM not set).
2025-04-10 10:05:01.050 [info] > git rev-parse --show-toplevel [2ms]
2025-04-10 10:05:01.050 [info] fatal: not a git repository (or any parent up to mount point /)
Stopping at filesystem boundary (GIT_DISCOVERY_ACROSS_FILESYSTEM not set).
2025-04-10 10:05:15.200 [info] > git rev-parse --show-toplevel [2ms]
2025-04-10 10:05:15.200 [info] fatal: not a git repository (or any parent up to mount point /)
Stopping at filesystem boundary (GIT_DISCOVERY_ACROSS_FILESYSTEM not set).
2025-04-10 10:05:36.730 [info] > git rev-parse --show-toplevel [1ms]
2025-04-10 10:05:36.730 [info] fatal: not a git repository (or any parent up to mount point /)
Stopping at filesystem boundary (GIT_DISCOVERY_ACROSS_FILESYSTEM not set).
2025-04-10 10:05:37.132 [info] > git rev-parse --show-toplevel [2ms]
2025-04-10 10:05:37.132 [info] fatal: not a git repository (or any parent up to mount point /)
Stopping at filesystem boundary (GIT_DISCOVERY_ACROSS_FILESYSTEM not set).
2025-04-10 10:07:01.596 [info] > git rev-parse --show-toplevel [2ms]
2025-04-10 10:07:01.596 [info] fatal: not a git repository (or any parent up to mount point /)
Stopping at filesystem boundary (GIT_DISCOVERY_ACROSS_FILESYSTEM not set).
2025-04-10 10:07:08.949 [info] > git rev-parse --show-toplevel [1ms]
2025-04-10 10:07:08.949 [info] fatal: not a git repository (or any parent up to mount point /)
Stopping at filesystem boundary (GIT_DISCOVERY_ACROSS_FILESYSTEM not set).
2025-04-10 10:07:09.869 [info] > git rev-parse --show-toplevel [2ms]
2025-04-10 10:07:09.869 [info] fatal: not a git repository (or any parent up to mount point /)
Stopping at filesystem boundary (GIT_DISCOVERY_ACROSS_FILESYSTEM not set).
2025-04-10 10:08:32.670 [info] > git rev-parse --show-toplevel [1ms]
2025-04-10 10:08:32.670 [info] fatal: not a git repository (or any parent up to mount point /)
Stopping at filesystem boundary (GIT_DISCOVERY_ACROSS_FILESYSTEM not set).
2025-04-10 10:08:38.978 [info] > git rev-parse --show-toplevel [2ms]
2025-04-10 10:08:38.978 [info] fatal: not a git repository (or any parent up to mount point /)
Stopping at filesystem boundary (GIT_DISCOVERY_ACROSS_FILESYSTEM not set).
2025-04-10 10:09:15.393 [info] > git rev-parse --show-toplevel [2ms]
2025-04-10 10:09:15.393 [info] fatal: not a git repository (or any parent up to mount point /)
Stopping at filesystem boundary (GIT_DISCOVERY_ACROSS_FILESYSTEM not set).
2025-04-10 10:14:47.870 [info] > git rev-parse --show-toplevel [1ms]
2025-04-10 10:14:47.870 [info] fatal: not a git repository (or any parent up to mount point /)
Stopping at filesystem boundary (GIT_DISCOVERY_ACROSS_FILESYSTEM not set).
2025-04-10 10:14:48.355 [info] > git rev-parse --show-toplevel [2ms]
2025-04-10 10:14:48.355 [info] fatal: not a git repository (or any parent up to mount point /)
Stopping at filesystem boundary (GIT_DISCOVERY_ACROSS_FILESYSTEM not set).
2025-04-10 10:14:58.346 [info] > git rev-parse --show-toplevel [1ms]
2025-04-10 10:14:58.346 [info] fatal: not a git repository (or any parent up to mount point /)
Stopping at filesystem boundary (GIT_DISCOVERY_ACROSS_FILESYSTEM not set).
2025-04-10 10:15:12.741 [info] > git rev-parse --show-toplevel [1ms]
2025-04-10 10:15:12.741 [info] fatal: not a git repository (or any parent up to mount point /)
Stopping at filesystem boundary (GIT_DISCOVERY_ACROSS_FILESYSTEM not set).
2025-04-10 10:15:47.984 [info] > git rev-parse --show-toplevel [2ms]
2025-04-10 10:15:47.984 [info] fatal: not a git repository (or any parent up to mount point /)
Stopping at filesystem boundary (GIT_DISCOVERY_ACROSS_FILESYSTEM not set).
2025-04-10 10:18:08.127 [info] > git rev-parse --show-toplevel [1ms]
2025-04-10 10:18:08.127 [info] fatal: not a git repository (or any parent up to mount point /)
Stopping at filesystem boundary (GIT_DISCOVERY_ACROSS_FILESYSTEM not set).
2025-04-10 10:18:08.578 [info] > git rev-parse --show-toplevel [2ms]
2025-04-10 10:18:08.578 [info] fatal: not a git repository (or any parent up to mount point /)
Stopping at filesystem boundary (GIT_DISCOVERY_ACROSS_FILESYSTEM not set).
2025-04-10 10:26:52.936 [info] > git rev-parse --show-toplevel [1ms]
2025-04-10 10:26:52.937 [info] fatal: not a git repository (or any parent up to mount point /)
Stopping at filesystem boundary (GIT_DISCOVERY_ACROSS_FILESYSTEM not set).
2025-04-10 10:26:56.905 [info] > git rev-parse --show-toplevel [2ms]
2025-04-10 10:26:56.905 [info] fatal: not a git repository (or any parent up to mount point /)
Stopping at filesystem boundary (GIT_DISCOVERY_ACROSS_FILESYSTEM not set).
2025-04-10 10:27:00.717 [info] > git rev-parse --show-toplevel [1ms]
2025-04-10 10:27:00.717 [info] fatal: not a git repository (or any parent up to mount point /)
Stopping at filesystem boundary (GIT_DISCOVERY_ACROSS_FILESYSTEM not set).
2025-04-10 10:27:03.477 [info] > git rev-parse --show-toplevel [1ms]
2025-04-10 10:27:03.477 [info] fatal: not a git repository (or any parent up to mount point /)
Stopping at filesystem boundary (GIT_DISCOVERY_ACROSS_FILESYSTEM not set).
2025-04-10 10:28:23.714 [info] > git rev-parse --show-toplevel [1ms]
2025-04-10 10:28:23.714 [info] fatal: not a git repository (or any parent up to mount point /)
Stopping at filesystem boundary (GIT_DISCOVERY_ACROSS_FILESYSTEM not set).
2025-04-10 10:30:52.832 [info] > git rev-parse --show-toplevel [1ms]
2025-04-10 10:30:52.832 [info] fatal: not a git repository (or any parent up to mount point /)
Stopping at filesystem boundary (GIT_DISCOVERY_ACROSS_FILESYSTEM not set).
2025-04-10 10:30:54.412 [info] > git rev-parse --show-toplevel [1ms]
2025-04-10 10:30:54.412 [info] fatal: not a git repository (or any parent up to mount point /)
Stopping at filesystem boundary (GIT_DISCOVERY_ACROSS_FILESYSTEM not set).
2025-04-10 10:30:54.896 [info] > git rev-parse --show-toplevel [1ms]
2025-04-10 10:30:54.896 [info] fatal: not a git repository (or any parent up to mount point /)
Stopping at filesystem boundary (GIT_DISCOVERY_ACROSS_FILESYSTEM not set).
2025-04-10 10:31:09.765 [info] > git rev-parse --show-toplevel [2ms]
2025-04-10 10:31:09.765 [info] fatal: not a git repository (or any parent up to mount point /)
Stopping at filesystem boundary (GIT_DISCOVERY_ACROSS_FILESYSTEM not set).
2025-04-10 10:31:10.527 [info] > git rev-parse --show-toplevel [1ms]
2025-04-10 10:31:10.527 [info] fatal: not a git repository (or any parent up to mount point /)
Stopping at filesystem boundary (GIT_DISCOVERY_ACROSS_FILESYSTEM not set).
2025-04-10 10:31:50.188 [info] > git rev-parse --show-toplevel [1ms]
2025-04-10 10:31:50.188 [info] fatal: not a git repository (or any parent up to mount point /)
Stopping at filesystem boundary (GIT_DISCOVERY_ACROSS_FILESYSTEM not set).
2025-04-10 10:31:52.437 [info] > git rev-parse --show-toplevel [2ms]
2025-04-10 10:31:52.437 [info] fatal: not a git repository (or any parent up to mount point /)
Stopping at filesystem boundary (GIT_DISCOVERY_ACROSS_FILESYSTEM not set).
2025-04-10 10:32:02.686 [info] > git rev-parse --show-toplevel [2ms]
2025-04-10 10:32:02.686 [info] fatal: not a git repository (or any parent up to mount point /)
Stopping at filesystem boundary (GIT_DISCOVERY_ACROSS_FILESYSTEM not set).
2025-04-10 10:32:52.762 [info] > git rev-parse --show-toplevel [1ms]
2025-04-10 10:32:52.762 [info] fatal: not a git repository (or any parent up to mount point /)
Stopping at filesystem boundary (GIT_DISCOVERY_ACROSS_FILESYSTEM not set).
2025-04-10 10:33:30.297 [info] > git rev-parse --show-toplevel [2ms]
2025-04-10 10:33:30.297 [info] fatal: not a git repository (or any parent up to mount point /)
Stopping at filesystem boundary (GIT_DISCOVERY_ACROSS_FILESYSTEM not set).
2025-04-10 10:33:39.969 [info] > git rev-parse --show-toplevel [2ms]
2025-04-10 10:33:39.969 [info] fatal: not a git repository (or any parent up to mount point /)
Stopping at filesystem boundary (GIT_DISCOVERY_ACROSS_FILESYSTEM not set).
2025-04-10 10:33:47.825 [info] > git rev-parse --show-toplevel [2ms]
2025-04-10 10:33:47.825 [info] fatal: not a git repository (or any parent up to mount point /)
Stopping at filesystem boundary (GIT_DISCOVERY_ACROSS_FILESYSTEM not set).
2025-04-10 10:34:03.689 [info] > git rev-parse --show-toplevel [2ms]
2025-04-10 10:34:03.689 [info] fatal: not a git repository (or any parent up to mount point /)
Stopping at filesystem boundary (GIT_DISCOVERY_ACROSS_FILESYSTEM not set).
2025-04-10 10:34:56.572 [info] > git rev-parse --show-toplevel [1ms]
2025-04-10 10:34:56.572 [info] fatal: not a git repository (or any parent up to mount point /)
Stopping at filesystem boundary (GIT_DISCOVERY_ACROSS_FILESYSTEM not set).
2025-04-10 10:38:02.158 [info] > git rev-parse --show-toplevel [1ms]
2025-04-10 10:38:02.158 [info] fatal: not a git repository (or any parent up to mount point /)
Stopping at filesystem boundary (GIT_DISCOVERY_ACROSS_FILESYSTEM not set).
2025-04-10 10:38:06.930 [info] > git rev-parse --show-toplevel [1ms]
2025-04-10 10:38:06.930 [info] fatal: not a git repository (or any parent up to mount point /)
Stopping at filesystem boundary (GIT_DISCOVERY_ACROSS_FILESYSTEM not set).
2025-04-10 10:38:47.010 [info] > git rev-parse --show-toplevel [1ms]
2025-04-10 10:38:47.010 [info] fatal: not a git repository (or any parent up to mount point /)
Stopping at filesystem boundary (GIT_DISCOVERY_ACROSS_FILESYSTEM not set).
2025-04-10 10:40:18.793 [info] > git rev-parse --show-toplevel [1ms]
2025-04-10 10:40:18.793 [info] fatal: not a git repository (or any parent up to mount point /)
Stopping at filesystem boundary (GIT_DISCOVERY_ACROSS_FILESYSTEM not set).
2025-04-10 10:40:54.449 [info] > git rev-parse --show-toplevel [2ms]
2025-04-10 10:40:54.449 [info] fatal: not a git repository (or any parent up to mount point /)
Stopping at filesystem boundary (GIT_DISCOVERY_ACROSS_FILESYSTEM not set).
2025-04-10 10:40:55.994 [info] > git rev-parse --show-toplevel [1ms]
2025-04-10 10:40:55.994 [info] fatal: not a git repository (or any parent up to mount point /)
Stopping at filesystem boundary (GIT_DISCOVERY_ACROSS_FILESYSTEM not set).
2025-04-10 10:41:46.189 [info] > git rev-parse --show-toplevel [2ms]
2025-04-10 10:41:46.189 [info] fatal: not a git repository (or any parent up to mount point /)
Stopping at filesystem boundary (GIT_DISCOVERY_ACROSS_FILESYSTEM not set).
2025-04-10 10:42:11.014 [info] > git rev-parse --show-toplevel [1ms]
2025-04-10 10:42:11.014 [info] fatal: not a git repository (or any parent up to mount point /)
Stopping at filesystem boundary (GIT_DISCOVERY_ACROSS_FILESYSTEM not set).
2025-04-10 10:55:16.978 [info] > git rev-parse --show-toplevel [2ms]
2025-04-10 10:55:16.978 [info] fatal: not a git repository (or any parent up to mount point /)
Stopping at filesystem boundary (GIT_DISCOVERY_ACROSS_FILESYSTEM not set).
2025-04-10 10:56:55.572 [info] > git rev-parse --show-toplevel [1ms]
2025-04-10 10:56:55.572 [info] fatal: not a git repository (or any parent up to mount point /)
Stopping at filesystem boundary (GIT_DISCOVERY_ACROSS_FILESYSTEM not set).
2025-04-10 10:56:55.953 [info] > git rev-parse --show-toplevel [2ms]
2025-04-10 10:56:55.953 [info] fatal: not a git repository (or any parent up to mount point /)
Stopping at filesystem boundary (GIT_DISCOVERY_ACROSS_FILESYSTEM not set).
2025-04-10 10:56:59.496 [info] > git rev-parse --show-toplevel [2ms]
2025-04-10 10:56:59.496 [info] fatal: not a git repository (or any parent up to mount point /)
Stopping at filesystem boundary (GIT_DISCOVERY_ACROSS_FILESYSTEM not set).
2025-04-10 10:57:02.019 [info] > git rev-parse --show-toplevel [1ms]
2025-04-10 10:57:02.019 [info] fatal: not a git repository (or any parent up to mount point /)
Stopping at filesystem boundary (GIT_DISCOVERY_ACROSS_FILESYSTEM not set).
2025-04-10 10:57:03.485 [info] > git rev-parse --show-toplevel [1ms]
2025-04-10 10:57:03.485 [info] fatal: not a git repository (or any parent up to mount point /)
Stopping at filesystem boundary (GIT_DISCOVERY_ACROSS_FILESYSTEM not set).
2025-04-10 10:57:05.350 [info] > git rev-parse --show-toplevel [2ms]
2025-04-10 10:57:05.350 [info] fatal: not a git repository (or any parent up to mount point /)
Stopping at filesystem boundary (GIT_DISCOVERY_ACROSS_FILESYSTEM not set).
2025-04-10 10:58:33.755 [info] > git rev-parse --show-toplevel [1ms]
2025-04-10 10:58:33.755 [info] fatal: not a git repository (or any parent up to mount point /)
Stopping at filesystem boundary (GIT_DISCOVERY_ACROSS_FILESYSTEM not set).
2025-04-10 10:59:11.455 [info] > git rev-parse --show-toplevel [2ms]
2025-04-10 10:59:11.455 [info] fatal: not a git repository (or any parent up to mount point /)
Stopping at filesystem boundary (GIT_DISCOVERY_ACROSS_FILESYSTEM not set).
2025-04-10 11:03:31.312 [info] > git rev-parse --show-toplevel [3ms]
2025-04-10 11:03:31.312 [info] fatal: not a git repository (or any parent up to mount point /)
Stopping at filesystem boundary (GIT_DISCOVERY_ACROSS_FILESYSTEM not set).
2025-04-10 11:03:32.110 [info] > git rev-parse --show-toplevel [1ms]
2025-04-10 11:03:32.111 [info] fatal: not a git repository (or any parent up to mount point /)
Stopping at filesystem boundary (GIT_DISCOVERY_ACROSS_FILESYSTEM not set).
2025-04-10 11:03:34.264 [info] > git rev-parse --show-toplevel [2ms]
2025-04-10 11:03:34.264 [info] fatal: not a git repository (or any parent up to mount point /)
Stopping at filesystem boundary (GIT_DISCOVERY_ACROSS_FILESYSTEM not set).
2025-04-10 12:11:01.575 [info] > git rev-parse --show-toplevel [2ms]
2025-04-10 12:11:01.575 [info] fatal: not a git repository (or any parent up to mount point /)
Stopping at filesystem boundary (GIT_DISCOVERY_ACROSS_FILESYSTEM not set).
2025-04-10 12:11:07.375 [info] > git rev-parse --show-toplevel [2ms]
2025-04-10 12:11:07.375 [info] fatal: not a git repository (or any parent up to mount point /)
Stopping at filesystem boundary (GIT_DISCOVERY_ACROSS_FILESYSTEM not set).
2025-04-10 12:11:25.348 [info] > git rev-parse --show-toplevel [1ms]
2025-04-10 12:11:25.348 [info] fatal: not a git repository (or any parent up to mount point /)
Stopping at filesystem boundary (GIT_DISCOVERY_ACROSS_FILESYSTEM not set).
2025-04-10 13:01:13.663 [info] > git rev-parse --show-toplevel [1ms]
2025-04-10 13:01:13.663 [info] fatal: not a git repository (or any parent up to mount point /)
Stopping at filesystem boundary (GIT_DISCOVERY_ACROSS_FILESYSTEM not set).
2025-04-10 13:05:45.307 [info] > git rev-parse --show-toplevel [2ms]
2025-04-10 13:05:45.307 [info] fatal: not a git repository (or any parent up to mount point /)
Stopping at filesystem boundary (GIT_DISCOVERY_ACROSS_FILESYSTEM not set).
2025-04-10 13:05:48.298 [info] > git rev-parse --show-toplevel [1ms]
2025-04-10 13:05:48.298 [info] fatal: not a git repository (or any parent up to mount point /)
Stopping at filesystem boundary (GIT_DISCOVERY_ACROSS_FILESYSTEM not set).
2025-04-10 13:05:49.482 [info] > git rev-parse --show-toplevel [1ms]
2025-04-10 13:05:49.482 [info] fatal: not a git repository (or any parent up to mount point /)
Stopping at filesystem boundary (GIT_DISCOVERY_ACROSS_FILESYSTEM not set).
2025-04-10 13:05:50.644 [info] > git rev-parse --show-toplevel [1ms]
2025-04-10 13:05:50.644 [info] fatal: not a git repository (or any parent up to mount point /)
Stopping at filesystem boundary (GIT_DISCOVERY_ACROSS_FILESYSTEM not set).
2025-04-10 13:05:51.636 [info] > git rev-parse --show-toplevel [2ms]
2025-04-10 13:05:51.636 [info] fatal: not a git repository (or any parent up to mount point /)
Stopping at filesystem boundary (GIT_DISCOVERY_ACROSS_FILESYSTEM not set).
2025-04-10 13:05:54.273 [info] > git rev-parse --show-toplevel [2ms]
2025-04-10 13:05:54.273 [info] fatal: not a git repository (or any parent up to mount point /)
Stopping at filesystem boundary (GIT_DISCOVERY_ACROSS_FILESYSTEM not set).
2025-04-10 13:06:15.913 [info] > git rev-parse --show-toplevel [2ms]
2025-04-10 13:06:15.913 [info] fatal: not a git repository (or any parent up to mount point /)
Stopping at filesystem boundary (GIT_DISCOVERY_ACROSS_FILESYSTEM not set).
2025-04-10 13:06:38.574 [info] > git rev-parse --show-toplevel [2ms]
2025-04-10 13:06:38.574 [info] fatal: not a git repository (or any parent up to mount point /)
Stopping at filesystem boundary (GIT_DISCOVERY_ACROSS_FILESYSTEM not set).
2025-04-10 13:23:47.338 [info] > git rev-parse --show-toplevel [2ms]
2025-04-10 13:23:47.338 [info] fatal: not a git repository (or any parent up to mount point /)
Stopping at filesystem boundary (GIT_DISCOVERY_ACROSS_FILESYSTEM not set).
2025-04-10 13:44:36.993 [info] > git rev-parse --show-toplevel [1ms]
2025-04-10 13:44:36.994 [info] fatal: not a git repository (or any parent up to mount point /)
Stopping at filesystem boundary (GIT_DISCOVERY_ACROSS_FILESYSTEM not set).
2025-04-10 13:45:27.895 [info] > git rev-parse --show-toplevel [1ms]
2025-04-10 13:45:27.895 [info] fatal: not a git repository (or any parent up to mount point /)
Stopping at filesystem boundary (GIT_DISCOVERY_ACROSS_FILESYSTEM not set).
2025-04-10 13:45:28.250 [info] > git rev-parse --show-toplevel [2ms]
2025-04-10 13:45:28.250 [info] fatal: not a git repository (or any parent up to mount point /)
Stopping at filesystem boundary (GIT_DISCOVERY_ACROSS_FILESYSTEM not set).
2025-04-10 13:45:28.549 [info] > git rev-parse --show-toplevel [1ms]
2025-04-10 13:45:28.549 [info] fatal: not a git repository (or any parent up to mount point /)
Stopping at filesystem boundary (GIT_DISCOVERY_ACROSS_FILESYSTEM not set).
2025-04-10 13:45:28.854 [info] > git rev-parse --show-toplevel [2ms]
2025-04-10 13:45:28.854 [info] fatal: not a git repository (or any parent up to mount point /)
Stopping at filesystem boundary (GIT_DISCOVERY_ACROSS_FILESYSTEM not set).
2025-04-10 13:45:31.404 [info] > git rev-parse --show-toplevel [3ms]
2025-04-10 13:45:31.404 [info] fatal: not a git repository (or any parent up to mount point /)
Stopping at filesystem boundary (GIT_DISCOVERY_ACROSS_FILESYSTEM not set).
2025-04-10 13:45:35.307 [info] > git rev-parse --show-toplevel [3ms]
2025-04-10 13:45:35.307 [info] fatal: not a git repository (or any parent up to mount point /)
Stopping at filesystem boundary (GIT_DISCOVERY_ACROSS_FILESYSTEM not set).
2025-04-10 13:45:39.346 [info] > git rev-parse --show-toplevel [1ms]
2025-04-10 13:45:39.346 [info] fatal: not a git repository (or any parent up to mount point /)
Stopping at filesystem boundary (GIT_DISCOVERY_ACROSS_FILESYSTEM not set).
2025-04-10 13:45:39.801 [info] > git rev-parse --show-toplevel [1ms]
2025-04-10 13:45:39.801 [info] fatal: not a git repository (or any parent up to mount point /)
Stopping at filesystem boundary (GIT_DISCOVERY_ACROSS_FILESYSTEM not set).
2025-04-10 13:45:40.219 [info] > git rev-parse --show-toplevel [2ms]
2025-04-10 13:45:40.219 [info] fatal: not a git repository (or any parent up to mount point /)
Stopping at filesystem boundary (GIT_DISCOVERY_ACROSS_FILESYSTEM not set).
2025-04-10 13:45:40.967 [info] > git rev-parse --show-toplevel [1ms]
2025-04-10 13:45:40.967 [info] fatal: not a git repository (or any parent up to mount point /)
Stopping at filesystem boundary (GIT_DISCOVERY_ACROSS_FILESYSTEM not set).
2025-04-10 13:45:41.250 [info] > git rev-parse --show-toplevel [1ms]
2025-04-10 13:45:41.250 [info] fatal: not a git repository (or any parent up to mount point /)
Stopping at filesystem boundary (GIT_DISCOVERY_ACROSS_FILESYSTEM not set).
2025-04-10 13:45:41.851 [info] > git rev-parse --show-toplevel [1ms]
2025-04-10 13:45:41.851 [info] fatal: not a git repository (or any parent up to mount point /)
Stopping at filesystem boundary (GIT_DISCOVERY_ACROSS_FILESYSTEM not set).
