2025-04-15 12:20:35.666 [info] [main] Log level: Info
2025-04-15 12:20:35.666 [info] [main] Validating found git in: "git"
2025-04-15 12:20:35.666 [info] [main] Using git "2.49.0" from "git"
2025-04-15 12:20:35.666 [info] [Model][doInitialScan] Initial repository scan started
2025-04-15 12:20:35.666 [info] > git rev-parse --show-toplevel [8ms]
2025-04-15 12:20:35.666 [info] fatal: not a git repository (or any parent up to mount point /)
Stopping at filesystem boundary (GIT_DISCOVERY_ACROSS_FILESYSTEM not set).
2025-04-15 12:20:35.666 [info] > git rev-parse --show-toplevel [124ms]
2025-04-15 12:20:35.666 [info] fatal: not a git repository (or any parent up to mount point /)
Stopping at filesystem boundary (GIT_DISCOVERY_ACROSS_FILESYSTEM not set).
2025-04-15 12:20:35.679 [info] > git rev-parse --show-toplevel [165ms]
2025-04-15 12:20:35.679 [info] fatal: not a git repository (or any parent up to mount point /)
Stopping at filesystem boundary (GIT_DISCOVERY_ACROSS_FILESYSTEM not set).
2025-04-15 12:20:35.799 [info] > git rev-parse --show-toplevel [13ms]
2025-04-15 12:20:35.799 [info] fatal: not a git repository (or any parent up to mount point /)
Stopping at filesystem boundary (GIT_DISCOVERY_ACROSS_FILESYSTEM not set).
2025-04-15 12:20:35.841 [info] > git rev-parse --show-toplevel [1ms]
2025-04-15 12:20:35.841 [info] fatal: not a git repository (or any parent up to mount point /)
Stopping at filesystem boundary (GIT_DISCOVERY_ACROSS_FILESYSTEM not set).
2025-04-15 12:20:35.848 [info] > git rev-parse --show-toplevel [1ms]
2025-04-15 12:20:35.848 [info] fatal: not a git repository (or any parent up to mount point /)
Stopping at filesystem boundary (GIT_DISCOVERY_ACROSS_FILESYSTEM not set).
2025-04-15 12:20:35.855 [info] > git rev-parse --show-toplevel [1ms]
2025-04-15 12:20:35.855 [info] fatal: not a git repository (or any parent up to mount point /)
Stopping at filesystem boundary (GIT_DISCOVERY_ACROSS_FILESYSTEM not set).
2025-04-15 12:20:35.862 [info] > git rev-parse --show-toplevel [1ms]
2025-04-15 12:20:35.862 [info] fatal: not a git repository (or any parent up to mount point /)
Stopping at filesystem boundary (GIT_DISCOVERY_ACROSS_FILESYSTEM not set).
2025-04-15 12:20:35.869 [info] > git rev-parse --show-toplevel [1ms]
2025-04-15 12:20:35.869 [info] fatal: not a git repository (or any parent up to mount point /)
Stopping at filesystem boundary (GIT_DISCOVERY_ACROSS_FILESYSTEM not set).
2025-04-15 12:20:35.876 [info] > git rev-parse --show-toplevel [1ms]
2025-04-15 12:20:35.876 [info] fatal: not a git repository (or any parent up to mount point /)
Stopping at filesystem boundary (GIT_DISCOVERY_ACROSS_FILESYSTEM not set).
2025-04-15 12:20:35.882 [info] > git rev-parse --show-toplevel [1ms]
2025-04-15 12:20:35.882 [info] fatal: not a git repository (or any parent up to mount point /)
Stopping at filesystem boundary (GIT_DISCOVERY_ACROSS_FILESYSTEM not set).
2025-04-15 12:20:35.888 [info] > git rev-parse --show-toplevel [1ms]
2025-04-15 12:20:35.888 [info] fatal: not a git repository (or any parent up to mount point /)
Stopping at filesystem boundary (GIT_DISCOVERY_ACROSS_FILESYSTEM not set).
2025-04-15 12:20:35.894 [info] > git rev-parse --show-toplevel [1ms]
2025-04-15 12:20:35.894 [info] fatal: not a git repository (or any parent up to mount point /)
Stopping at filesystem boundary (GIT_DISCOVERY_ACROSS_FILESYSTEM not set).
2025-04-15 12:20:35.901 [info] > git rev-parse --show-toplevel [1ms]
2025-04-15 12:20:35.901 [info] fatal: not a git repository (or any parent up to mount point /)
Stopping at filesystem boundary (GIT_DISCOVERY_ACROSS_FILESYSTEM not set).
2025-04-15 12:20:35.907 [info] > git rev-parse --show-toplevel [1ms]
2025-04-15 12:20:35.907 [info] fatal: not a git repository (or any parent up to mount point /)
Stopping at filesystem boundary (GIT_DISCOVERY_ACROSS_FILESYSTEM not set).
2025-04-15 12:20:35.913 [info] > git rev-parse --show-toplevel [1ms]
2025-04-15 12:20:35.913 [info] fatal: not a git repository (or any parent up to mount point /)
Stopping at filesystem boundary (GIT_DISCOVERY_ACROSS_FILESYSTEM not set).
2025-04-15 12:20:35.919 [info] > git rev-parse --show-toplevel [1ms]
2025-04-15 12:20:35.919 [info] fatal: not a git repository (or any parent up to mount point /)
Stopping at filesystem boundary (GIT_DISCOVERY_ACROSS_FILESYSTEM not set).
2025-04-15 12:20:35.925 [info] > git rev-parse --show-toplevel [1ms]
2025-04-15 12:20:35.925 [info] fatal: not a git repository (or any parent up to mount point /)
Stopping at filesystem boundary (GIT_DISCOVERY_ACROSS_FILESYSTEM not set).
2025-04-15 12:20:35.932 [info] > git rev-parse --show-toplevel [1ms]
2025-04-15 12:20:35.932 [info] fatal: not a git repository (or any parent up to mount point /)
Stopping at filesystem boundary (GIT_DISCOVERY_ACROSS_FILESYSTEM not set).
2025-04-15 12:20:35.938 [info] > git rev-parse --show-toplevel [1ms]
2025-04-15 12:20:35.938 [info] fatal: not a git repository (or any parent up to mount point /)
Stopping at filesystem boundary (GIT_DISCOVERY_ACROSS_FILESYSTEM not set).
2025-04-15 12:20:35.945 [info] > git rev-parse --show-toplevel [1ms]
2025-04-15 12:20:35.945 [info] fatal: not a git repository (or any parent up to mount point /)
Stopping at filesystem boundary (GIT_DISCOVERY_ACROSS_FILESYSTEM not set).
2025-04-15 12:20:35.953 [info] > git rev-parse --show-toplevel [1ms]
2025-04-15 12:20:35.953 [info] fatal: not a git repository (or any parent up to mount point /)
Stopping at filesystem boundary (GIT_DISCOVERY_ACROSS_FILESYSTEM not set).
2025-04-15 12:20:35.959 [info] > git rev-parse --show-toplevel [1ms]
2025-04-15 12:20:35.959 [info] fatal: not a git repository (or any parent up to mount point /)
Stopping at filesystem boundary (GIT_DISCOVERY_ACROSS_FILESYSTEM not set).
2025-04-15 12:20:35.972 [info] > git rev-parse --show-toplevel [8ms]
2025-04-15 12:20:35.972 [info] fatal: not a git repository (or any parent up to mount point /)
Stopping at filesystem boundary (GIT_DISCOVERY_ACROSS_FILESYSTEM not set).
2025-04-15 12:20:35.980 [info] > git rev-parse --show-toplevel [2ms]
2025-04-15 12:20:35.980 [info] fatal: not a git repository (or any parent up to mount point /)
Stopping at filesystem boundary (GIT_DISCOVERY_ACROSS_FILESYSTEM not set).
2025-04-15 12:20:35.986 [info] > git rev-parse --show-toplevel [1ms]
2025-04-15 12:20:35.986 [info] fatal: not a git repository (or any parent up to mount point /)
Stopping at filesystem boundary (GIT_DISCOVERY_ACROSS_FILESYSTEM not set).
2025-04-15 12:20:35.993 [info] > git rev-parse --show-toplevel [1ms]
2025-04-15 12:20:35.993 [info] fatal: not a git repository (or any parent up to mount point /)
Stopping at filesystem boundary (GIT_DISCOVERY_ACROSS_FILESYSTEM not set).
2025-04-15 12:20:36.000 [info] > git rev-parse --show-toplevel [1ms]
2025-04-15 12:20:36.000 [info] fatal: not a git repository (or any parent up to mount point /)
Stopping at filesystem boundary (GIT_DISCOVERY_ACROSS_FILESYSTEM not set).
2025-04-15 12:20:36.007 [info] > git rev-parse --show-toplevel [1ms]
2025-04-15 12:20:36.007 [info] fatal: not a git repository (or any parent up to mount point /)
Stopping at filesystem boundary (GIT_DISCOVERY_ACROSS_FILESYSTEM not set).
2025-04-15 12:20:36.025 [info] > git rev-parse --show-toplevel [1ms]
2025-04-15 12:20:36.025 [info] fatal: not a git repository (or any parent up to mount point /)
Stopping at filesystem boundary (GIT_DISCOVERY_ACROSS_FILESYSTEM not set).
2025-04-15 12:20:36.032 [info] > git rev-parse --show-toplevel [2ms]
2025-04-15 12:20:36.032 [info] fatal: not a git repository (or any parent up to mount point /)
Stopping at filesystem boundary (GIT_DISCOVERY_ACROSS_FILESYSTEM not set).
2025-04-15 12:20:36.038 [info] > git rev-parse --show-toplevel [1ms]
2025-04-15 12:20:36.038 [info] fatal: not a git repository (or any parent up to mount point /)
Stopping at filesystem boundary (GIT_DISCOVERY_ACROSS_FILESYSTEM not set).
2025-04-15 12:20:36.044 [info] > git rev-parse --show-toplevel [1ms]
2025-04-15 12:20:36.044 [info] fatal: not a git repository (or any parent up to mount point /)
Stopping at filesystem boundary (GIT_DISCOVERY_ACROSS_FILESYSTEM not set).
2025-04-15 12:20:36.051 [info] > git rev-parse --show-toplevel [1ms]
2025-04-15 12:20:36.051 [info] fatal: not a git repository (or any parent up to mount point /)
Stopping at filesystem boundary (GIT_DISCOVERY_ACROSS_FILESYSTEM not set).
2025-04-15 12:20:36.051 [info] [Model][doInitialScan] Initial repository scan completed - repositories (0), closed repositories (0), parent repositories (0), unsafe repositories (0)
2025-04-15 12:20:36.940 [info] > git rev-parse --show-toplevel [1ms]
2025-04-15 12:20:36.940 [info] fatal: not a git repository (or any parent up to mount point /)
Stopping at filesystem boundary (GIT_DISCOVERY_ACROSS_FILESYSTEM not set).
2025-04-15 12:20:45.047 [info] > git rev-parse --show-toplevel [1ms]
2025-04-15 12:20:45.047 [info] fatal: not a git repository (or any parent up to mount point /)
Stopping at filesystem boundary (GIT_DISCOVERY_ACROSS_FILESYSTEM not set).
2025-04-15 12:20:45.579 [info] > git rev-parse --show-toplevel [37ms]
2025-04-15 12:20:45.579 [info] fatal: not a git repository (or any parent up to mount point /)
Stopping at filesystem boundary (GIT_DISCOVERY_ACROSS_FILESYSTEM not set).
2025-04-15 12:20:47.572 [info] > git rev-parse --show-toplevel [2ms]
2025-04-15 12:20:47.572 [info] fatal: not a git repository (or any parent up to mount point /)
Stopping at filesystem boundary (GIT_DISCOVERY_ACROSS_FILESYSTEM not set).
2025-04-15 12:24:29.281 [info] > git rev-parse --show-toplevel [2ms]
2025-04-15 12:24:29.281 [info] fatal: not a git repository (or any parent up to mount point /)
Stopping at filesystem boundary (GIT_DISCOVERY_ACROSS_FILESYSTEM not set).
2025-04-15 12:24:31.109 [info] > git rev-parse --show-toplevel [2ms]
2025-04-15 12:24:31.109 [info] fatal: not a git repository (or any parent up to mount point /)
Stopping at filesystem boundary (GIT_DISCOVERY_ACROSS_FILESYSTEM not set).
2025-04-15 12:24:31.526 [info] > git rev-parse --show-toplevel [1ms]
2025-04-15 12:24:31.526 [info] fatal: not a git repository (or any parent up to mount point /)
Stopping at filesystem boundary (GIT_DISCOVERY_ACROSS_FILESYSTEM not set).
2025-04-15 12:24:32.744 [info] > git rev-parse --show-toplevel [1ms]
2025-04-15 12:24:32.744 [info] fatal: not a git repository (or any parent up to mount point /)
Stopping at filesystem boundary (GIT_DISCOVERY_ACROSS_FILESYSTEM not set).
2025-04-15 12:24:33.983 [info] > git rev-parse --show-toplevel [2ms]
2025-04-15 12:24:33.983 [info] fatal: not a git repository (or any parent up to mount point /)
Stopping at filesystem boundary (GIT_DISCOVERY_ACROSS_FILESYSTEM not set).
2025-04-15 12:24:37.044 [info] > git rev-parse --show-toplevel [1ms]
2025-04-15 12:24:37.044 [info] fatal: not a git repository (or any parent up to mount point /)
Stopping at filesystem boundary (GIT_DISCOVERY_ACROSS_FILESYSTEM not set).
2025-04-15 12:24:40.962 [info] > git rev-parse --show-toplevel [1ms]
2025-04-15 12:24:40.962 [info] fatal: not a git repository (or any parent up to mount point /)
Stopping at filesystem boundary (GIT_DISCOVERY_ACROSS_FILESYSTEM not set).
2025-04-15 12:24:41.415 [info] > git rev-parse --show-toplevel [1ms]
2025-04-15 12:24:41.415 [info] fatal: not a git repository (or any parent up to mount point /)
Stopping at filesystem boundary (GIT_DISCOVERY_ACROSS_FILESYSTEM not set).
2025-04-15 12:24:44.173 [info] > git rev-parse --show-toplevel [2ms]
2025-04-15 12:24:44.173 [info] fatal: not a git repository (or any parent up to mount point /)
Stopping at filesystem boundary (GIT_DISCOVERY_ACROSS_FILESYSTEM not set).
2025-04-15 12:25:03.017 [info] > git rev-parse --show-toplevel [2ms]
2025-04-15 12:25:03.017 [info] fatal: not a git repository (or any parent up to mount point /)
Stopping at filesystem boundary (GIT_DISCOVERY_ACROSS_FILESYSTEM not set).
2025-04-15 12:25:11.662 [info] > git rev-parse --show-toplevel [1ms]
2025-04-15 12:25:11.662 [info] fatal: not a git repository (or any parent up to mount point /)
Stopping at filesystem boundary (GIT_DISCOVERY_ACROSS_FILESYSTEM not set).
2025-04-15 12:25:16.837 [info] > git rev-parse --show-toplevel [1ms]
2025-04-15 12:25:16.837 [info] fatal: not a git repository (or any parent up to mount point /)
Stopping at filesystem boundary (GIT_DISCOVERY_ACROSS_FILESYSTEM not set).
2025-04-15 12:27:44.466 [info] > git rev-parse --show-toplevel [2ms]
2025-04-15 12:27:44.466 [info] fatal: not a git repository (or any parent up to mount point /)
Stopping at filesystem boundary (GIT_DISCOVERY_ACROSS_FILESYSTEM not set).
2025-04-15 12:27:44.801 [info] > git rev-parse --show-toplevel [1ms]
2025-04-15 12:27:44.801 [info] fatal: not a git repository (or any parent up to mount point /)
Stopping at filesystem boundary (GIT_DISCOVERY_ACROSS_FILESYSTEM not set).
2025-04-15 12:27:46.131 [info] > git rev-parse --show-toplevel [2ms]
2025-04-15 12:27:46.131 [info] fatal: not a git repository (or any parent up to mount point /)
Stopping at filesystem boundary (GIT_DISCOVERY_ACROSS_FILESYSTEM not set).
2025-04-15 12:27:47.407 [info] > git rev-parse --show-toplevel [2ms]
2025-04-15 12:27:47.407 [info] fatal: not a git repository (or any parent up to mount point /)
Stopping at filesystem boundary (GIT_DISCOVERY_ACROSS_FILESYSTEM not set).
2025-04-15 12:27:50.282 [info] > git rev-parse --show-toplevel [1ms]
2025-04-15 12:27:50.282 [info] fatal: not a git repository (or any parent up to mount point /)
Stopping at filesystem boundary (GIT_DISCOVERY_ACROSS_FILESYSTEM not set).
2025-04-15 12:28:00.727 [info] > git rev-parse --show-toplevel [2ms]
2025-04-15 12:28:00.727 [info] fatal: not a git repository (or any parent up to mount point /)
Stopping at filesystem boundary (GIT_DISCOVERY_ACROSS_FILESYSTEM not set).
2025-04-15 12:28:06.679 [info] > git rev-parse --show-toplevel [2ms]
2025-04-15 12:28:06.679 [info] fatal: not a git repository (or any parent up to mount point /)
Stopping at filesystem boundary (GIT_DISCOVERY_ACROSS_FILESYSTEM not set).
2025-04-15 12:28:28.377 [info] > git rev-parse --show-toplevel [1ms]
2025-04-15 12:28:28.377 [info] fatal: not a git repository (or any parent up to mount point /)
Stopping at filesystem boundary (GIT_DISCOVERY_ACROSS_FILESYSTEM not set).
2025-04-15 12:28:29.062 [info] > git rev-parse --show-toplevel [2ms]
2025-04-15 12:28:29.062 [info] fatal: not a git repository (or any parent up to mount point /)
Stopping at filesystem boundary (GIT_DISCOVERY_ACROSS_FILESYSTEM not set).
2025-04-15 12:28:30.109 [info] > git rev-parse --show-toplevel [1ms]
2025-04-15 12:28:30.109 [info] fatal: not a git repository (or any parent up to mount point /)
Stopping at filesystem boundary (GIT_DISCOVERY_ACROSS_FILESYSTEM not set).
2025-04-15 12:29:58.966 [info] > git rev-parse --show-toplevel [2ms]
2025-04-15 12:29:58.966 [info] fatal: not a git repository (or any parent up to mount point /)
Stopping at filesystem boundary (GIT_DISCOVERY_ACROSS_FILESYSTEM not set).
2025-04-15 12:29:59.916 [info] > git rev-parse --show-toplevel [1ms]
2025-04-15 12:29:59.916 [info] fatal: not a git repository (or any parent up to mount point /)
Stopping at filesystem boundary (GIT_DISCOVERY_ACROSS_FILESYSTEM not set).
2025-04-15 12:30:00.619 [info] > git rev-parse --show-toplevel [2ms]
2025-04-15 12:30:00.619 [info] fatal: not a git repository (or any parent up to mount point /)
Stopping at filesystem boundary (GIT_DISCOVERY_ACROSS_FILESYSTEM not set).
2025-04-15 12:30:01.124 [info] > git rev-parse --show-toplevel [1ms]
2025-04-15 12:30:01.124 [info] fatal: not a git repository (or any parent up to mount point /)
Stopping at filesystem boundary (GIT_DISCOVERY_ACROSS_FILESYSTEM not set).
2025-04-15 12:30:10.177 [info] > git rev-parse --show-toplevel [1ms]
2025-04-15 12:30:10.177 [info] fatal: not a git repository (or any parent up to mount point /)
Stopping at filesystem boundary (GIT_DISCOVERY_ACROSS_FILESYSTEM not set).
2025-04-15 12:30:18.210 [info] > git rev-parse --show-toplevel [1ms]
2025-04-15 12:30:18.210 [info] fatal: not a git repository (or any parent up to mount point /)
Stopping at filesystem boundary (GIT_DISCOVERY_ACROSS_FILESYSTEM not set).
2025-04-15 12:30:18.997 [info] > git rev-parse --show-toplevel [1ms]
2025-04-15 12:30:18.997 [info] fatal: not a git repository (or any parent up to mount point /)
Stopping at filesystem boundary (GIT_DISCOVERY_ACROSS_FILESYSTEM not set).
2025-04-15 12:31:31.810 [info] > git rev-parse --show-toplevel [1ms]
2025-04-15 12:31:31.810 [info] fatal: not a git repository (or any parent up to mount point /)
Stopping at filesystem boundary (GIT_DISCOVERY_ACROSS_FILESYSTEM not set).
2025-04-15 12:32:36.117 [info] > git rev-parse --show-toplevel [1ms]
2025-04-15 12:32:36.117 [info] fatal: not a git repository (or any parent up to mount point /)
Stopping at filesystem boundary (GIT_DISCOVERY_ACROSS_FILESYSTEM not set).
2025-04-15 12:32:42.376 [info] > git rev-parse --show-toplevel [1ms]
2025-04-15 12:32:42.377 [info] fatal: not a git repository (or any parent up to mount point /)
Stopping at filesystem boundary (GIT_DISCOVERY_ACROSS_FILESYSTEM not set).
2025-04-15 12:32:44.222 [info] > git rev-parse --show-toplevel [1ms]
2025-04-15 12:32:44.222 [info] fatal: not a git repository (or any parent up to mount point /)
Stopping at filesystem boundary (GIT_DISCOVERY_ACROSS_FILESYSTEM not set).
2025-04-15 12:32:46.266 [info] > git rev-parse --show-toplevel [2ms]
2025-04-15 12:32:46.266 [info] fatal: not a git repository (or any parent up to mount point /)
Stopping at filesystem boundary (GIT_DISCOVERY_ACROSS_FILESYSTEM not set).
2025-04-15 12:32:48.025 [info] > git rev-parse --show-toplevel [1ms]
2025-04-15 12:32:48.025 [info] fatal: not a git repository (or any parent up to mount point /)
Stopping at filesystem boundary (GIT_DISCOVERY_ACROSS_FILESYSTEM not set).
2025-04-15 12:33:05.888 [info] > git rev-parse --show-toplevel [1ms]
2025-04-15 12:33:05.888 [info] fatal: not a git repository (or any parent up to mount point /)
Stopping at filesystem boundary (GIT_DISCOVERY_ACROSS_FILESYSTEM not set).
2025-04-15 12:33:07.887 [info] > git rev-parse --show-toplevel [2ms]
2025-04-15 12:33:07.887 [info] fatal: not a git repository (or any parent up to mount point /)
Stopping at filesystem boundary (GIT_DISCOVERY_ACROSS_FILESYSTEM not set).
2025-04-15 12:33:46.595 [info] > git rev-parse --show-toplevel [2ms]
2025-04-15 12:33:46.595 [info] fatal: not a git repository (or any parent up to mount point /)
Stopping at filesystem boundary (GIT_DISCOVERY_ACROSS_FILESYSTEM not set).
2025-04-15 12:34:39.700 [info] > git rev-parse --show-toplevel [1ms]
2025-04-15 12:34:39.700 [info] fatal: not a git repository (or any parent up to mount point /)
Stopping at filesystem boundary (GIT_DISCOVERY_ACROSS_FILESYSTEM not set).
2025-04-15 12:34:41.248 [info] > git rev-parse --show-toplevel [1ms]
2025-04-15 12:34:41.248 [info] fatal: not a git repository (or any parent up to mount point /)
Stopping at filesystem boundary (GIT_DISCOVERY_ACROSS_FILESYSTEM not set).
2025-04-15 12:36:03.321 [info] > git rev-parse --show-toplevel [1ms]
2025-04-15 12:36:03.321 [info] fatal: not a git repository (or any parent up to mount point /)
Stopping at filesystem boundary (GIT_DISCOVERY_ACROSS_FILESYSTEM not set).
2025-04-15 12:36:28.022 [info] > git rev-parse --show-toplevel [2ms]
2025-04-15 12:36:28.022 [info] fatal: not a git repository (or any parent up to mount point /)
Stopping at filesystem boundary (GIT_DISCOVERY_ACROSS_FILESYSTEM not set).
2025-04-15 12:36:29.294 [info] > git rev-parse --show-toplevel [2ms]
2025-04-15 12:36:29.294 [info] fatal: not a git repository (or any parent up to mount point /)
Stopping at filesystem boundary (GIT_DISCOVERY_ACROSS_FILESYSTEM not set).
2025-04-15 12:36:32.770 [info] > git rev-parse --show-toplevel [1ms]
2025-04-15 12:36:32.770 [info] fatal: not a git repository (or any parent up to mount point /)
Stopping at filesystem boundary (GIT_DISCOVERY_ACROSS_FILESYSTEM not set).
2025-04-15 12:36:36.646 [info] > git rev-parse --show-toplevel [1ms]
2025-04-15 12:36:36.646 [info] fatal: not a git repository (or any parent up to mount point /)
Stopping at filesystem boundary (GIT_DISCOVERY_ACROSS_FILESYSTEM not set).
2025-04-15 12:36:39.627 [info] > git rev-parse --show-toplevel [1ms]
2025-04-15 12:36:39.627 [info] fatal: not a git repository (or any parent up to mount point /)
Stopping at filesystem boundary (GIT_DISCOVERY_ACROSS_FILESYSTEM not set).
2025-04-15 12:36:45.959 [info] > git rev-parse --show-toplevel [1ms]
2025-04-15 12:36:45.959 [info] fatal: not a git repository (or any parent up to mount point /)
Stopping at filesystem boundary (GIT_DISCOVERY_ACROSS_FILESYSTEM not set).
2025-04-15 12:37:00.658 [info] > git rev-parse --show-toplevel [2ms]
2025-04-15 12:37:00.658 [info] fatal: not a git repository (or any parent up to mount point /)
Stopping at filesystem boundary (GIT_DISCOVERY_ACROSS_FILESYSTEM not set).
2025-04-15 12:37:04.654 [info] > git rev-parse --show-toplevel [1ms]
2025-04-15 12:37:04.654 [info] fatal: not a git repository (or any parent up to mount point /)
Stopping at filesystem boundary (GIT_DISCOVERY_ACROSS_FILESYSTEM not set).
2025-04-15 12:37:11.452 [info] > git rev-parse --show-toplevel [1ms]
2025-04-15 12:37:11.452 [info] fatal: not a git repository (or any parent up to mount point /)
Stopping at filesystem boundary (GIT_DISCOVERY_ACROSS_FILESYSTEM not set).
2025-04-15 12:37:14.868 [info] > git rev-parse --show-toplevel [2ms]
2025-04-15 12:37:14.868 [info] fatal: not a git repository (or any parent up to mount point /)
Stopping at filesystem boundary (GIT_DISCOVERY_ACROSS_FILESYSTEM not set).
2025-04-15 12:37:15.577 [info] > git rev-parse --show-toplevel [1ms]
2025-04-15 12:37:15.577 [info] fatal: not a git repository (or any parent up to mount point /)
Stopping at filesystem boundary (GIT_DISCOVERY_ACROSS_FILESYSTEM not set).
2025-04-15 12:37:16.089 [info] > git rev-parse --show-toplevel [2ms]
2025-04-15 12:37:16.089 [info] fatal: not a git repository (or any parent up to mount point /)
Stopping at filesystem boundary (GIT_DISCOVERY_ACROSS_FILESYSTEM not set).
2025-04-15 12:37:16.752 [info] > git rev-parse --show-toplevel [1ms]
2025-04-15 12:37:16.752 [info] fatal: not a git repository (or any parent up to mount point /)
Stopping at filesystem boundary (GIT_DISCOVERY_ACROSS_FILESYSTEM not set).
