2025-04-11 09:39:20.153 [info] [main] Log level: Info
2025-04-11 09:39:20.153 [info] [main] Validating found git in: "git"
2025-04-11 09:39:20.171 [info] [main] Using git "2.49.0" from "git"
2025-04-11 09:39:20.171 [info] [Model][doInitialScan] Initial repository scan started
2025-04-11 09:39:20.187 [info] > git rev-parse --show-toplevel [4ms]
2025-04-11 09:39:20.187 [info] fatal: not a git repository (or any parent up to mount point /)
Stopping at filesystem boundary (GIT_DISCOVERY_ACROSS_FILESYSTEM not set).
2025-04-11 09:39:20.670 [info] > git rev-parse --show-toplevel [268ms]
2025-04-11 09:39:20.670 [info] fatal: not a git repository (or any parent up to mount point /)
Stopping at filesystem boundary (GIT_DISCOVERY_ACROSS_FILESYSTEM not set).
2025-04-11 09:39:20.896 [info] > git rev-parse --show-toplevel [101ms]
2025-04-11 09:39:20.896 [info] fatal: not a git repository (or any parent up to mount point /)
Stopping at filesystem boundary (GIT_DISCOVERY_ACROSS_FILESYSTEM not set).
2025-04-11 09:39:20.915 [info] > git rev-parse --show-toplevel [5ms]
2025-04-11 09:39:20.915 [info] fatal: not a git repository (or any parent up to mount point /)
Stopping at filesystem boundary (GIT_DISCOVERY_ACROSS_FILESYSTEM not set).
2025-04-11 09:39:20.916 [info] [Model][doInitialScan] Initial repository scan completed - repositories (0), closed repositories (0), parent repositories (0), unsafe repositories (0)
2025-04-11 09:39:25.533 [info] > git rev-parse --show-toplevel [5ms]
2025-04-11 09:39:25.533 [info] fatal: not a git repository (or any parent up to mount point /)
Stopping at filesystem boundary (GIT_DISCOVERY_ACROSS_FILESYSTEM not set).
2025-04-11 10:15:05.858 [info] > git rev-parse --show-toplevel [2ms]
2025-04-11 10:15:05.858 [info] fatal: not a git repository (or any parent up to mount point /)
Stopping at filesystem boundary (GIT_DISCOVERY_ACROSS_FILESYSTEM not set).
2025-04-11 11:00:05.047 [info] > git rev-parse --show-toplevel [1ms]
2025-04-11 11:00:05.047 [info] fatal: not a git repository (or any parent up to mount point /)
Stopping at filesystem boundary (GIT_DISCOVERY_ACROSS_FILESYSTEM not set).
2025-04-11 12:55:52.610 [info] > git rev-parse --show-toplevel [1ms]
2025-04-11 12:55:52.610 [info] fatal: not a git repository (or any parent up to mount point /)
Stopping at filesystem boundary (GIT_DISCOVERY_ACROSS_FILESYSTEM not set).
2025-04-11 12:55:59.642 [info] > git rev-parse --show-toplevel [2ms]
2025-04-11 12:55:59.642 [info] fatal: not a git repository (or any parent up to mount point /)
Stopping at filesystem boundary (GIT_DISCOVERY_ACROSS_FILESYSTEM not set).
2025-04-11 13:57:48.281 [info] > git rev-parse --show-toplevel [2ms]
2025-04-11 13:57:48.281 [info] fatal: not a git repository (or any parent up to mount point /)
Stopping at filesystem boundary (GIT_DISCOVERY_ACROSS_FILESYSTEM not set).
2025-04-11 13:57:53.606 [info] > git rev-parse --show-toplevel [4ms]
2025-04-11 13:57:53.606 [info] fatal: not a git repository (or any parent up to mount point /)
Stopping at filesystem boundary (GIT_DISCOVERY_ACROSS_FILESYSTEM not set).
2025-04-11 13:57:54.555 [info] > git rev-parse --show-toplevel [2ms]
2025-04-11 13:57:54.555 [info] fatal: not a git repository (or any parent up to mount point /)
Stopping at filesystem boundary (GIT_DISCOVERY_ACROSS_FILESYSTEM not set).
2025-04-11 16:15:25.930 [info] > git rev-parse --show-toplevel [3ms]
2025-04-11 16:15:25.930 [info] fatal: not a git repository (or any parent up to mount point /)
Stopping at filesystem boundary (GIT_DISCOVERY_ACROSS_FILESYSTEM not set).
2025-04-11 16:15:26.408 [info] > git rev-parse --show-toplevel [3ms]
2025-04-11 16:15:26.408 [info] fatal: not a git repository (or any parent up to mount point /)
Stopping at filesystem boundary (GIT_DISCOVERY_ACROSS_FILESYSTEM not set).
2025-04-11 16:15:26.834 [info] > git rev-parse --show-toplevel [2ms]
2025-04-11 16:15:26.835 [info] fatal: not a git repository (or any parent up to mount point /)
Stopping at filesystem boundary (GIT_DISCOVERY_ACROSS_FILESYSTEM not set).
2025-04-11 16:15:27.279 [info] > git rev-parse --show-toplevel [2ms]
2025-04-11 16:15:27.279 [info] fatal: not a git repository (or any parent up to mount point /)
Stopping at filesystem boundary (GIT_DISCOVERY_ACROSS_FILESYSTEM not set).
2025-04-11 16:15:28.519 [info] > git rev-parse --show-toplevel [2ms]
2025-04-11 16:15:28.519 [info] fatal: not a git repository (or any parent up to mount point /)
Stopping at filesystem boundary (GIT_DISCOVERY_ACROSS_FILESYSTEM not set).
2025-04-11 16:15:56.776 [info] > git rev-parse --show-toplevel [1ms]
2025-04-11 16:15:56.776 [info] fatal: not a git repository (or any parent up to mount point /)
Stopping at filesystem boundary (GIT_DISCOVERY_ACROSS_FILESYSTEM not set).
