2025-04-15 12:39:29.178 [info] [main] Log level: Info
2025-04-15 12:39:29.178 [info] [main] Validating found git in: "git"
2025-04-15 12:39:29.178 [info] [main] Using git "2.49.0" from "git"
2025-04-15 12:39:29.178 [info] [Model][doInitialScan] Initial repository scan started
2025-04-15 12:39:29.178 [info] > git rev-parse --show-toplevel [7ms]
2025-04-15 12:39:29.178 [info] fatal: not a git repository (or any parent up to mount point /)
Stopping at filesystem boundary (GIT_DISCOVERY_ACROSS_FILESYSTEM not set).
2025-04-15 12:39:29.178 [info] > git rev-parse --show-toplevel [2ms]
2025-04-15 12:39:29.178 [info] fatal: not a git repository (or any parent up to mount point /)
Stopping at filesystem boundary (GIT_DISCOVERY_ACROSS_FILESYSTEM not set).
2025-04-15 12:39:29.179 [info] > git rev-parse --show-toplevel [1ms]
2025-04-15 12:39:29.179 [info] fatal: not a git repository (or any parent up to mount point /)
Stopping at filesystem boundary (GIT_DISCOVERY_ACROSS_FILESYSTEM not set).
2025-04-15 12:39:29.187 [info] > git rev-parse --show-toplevel [1ms]
2025-04-15 12:39:29.187 [info] fatal: not a git repository (or any parent up to mount point /)
Stopping at filesystem boundary (GIT_DISCOVERY_ACROSS_FILESYSTEM not set).
2025-04-15 12:39:29.400 [info] > git rev-parse --show-toplevel [209ms]
2025-04-15 12:39:29.400 [info] fatal: not a git repository (or any parent up to mount point /)
Stopping at filesystem boundary (GIT_DISCOVERY_ACROSS_FILESYSTEM not set).
2025-04-15 12:39:31.008 [info] > git rev-parse --show-toplevel [1520ms]
2025-04-15 12:39:31.008 [info] fatal: not a git repository (or any parent up to mount point /)
Stopping at filesystem boundary (GIT_DISCOVERY_ACROSS_FILESYSTEM not set).
2025-04-15 12:39:31.289 [info] > git rev-parse --show-toplevel [132ms]
2025-04-15 12:39:31.289 [info] fatal: not a git repository (or any parent up to mount point /)
Stopping at filesystem boundary (GIT_DISCOVERY_ACROSS_FILESYSTEM not set).
2025-04-15 12:39:31.376 [info] > git rev-parse --show-toplevel [28ms]
2025-04-15 12:39:31.376 [info] fatal: not a git repository (or any parent up to mount point /)
Stopping at filesystem boundary (GIT_DISCOVERY_ACROSS_FILESYSTEM not set).
2025-04-15 12:39:31.511 [info] > git rev-parse --show-toplevel [26ms]
2025-04-15 12:39:31.511 [info] fatal: not a git repository (or any parent up to mount point /)
Stopping at filesystem boundary (GIT_DISCOVERY_ACROSS_FILESYSTEM not set).
2025-04-15 12:39:31.611 [info] > git rev-parse --show-toplevel [32ms]
2025-04-15 12:39:31.611 [info] fatal: not a git repository (or any parent up to mount point /)
Stopping at filesystem boundary (GIT_DISCOVERY_ACROSS_FILESYSTEM not set).
2025-04-15 12:39:31.639 [info] > git rev-parse --show-toplevel [4ms]
2025-04-15 12:39:31.639 [info] fatal: not a git repository (or any parent up to mount point /)
Stopping at filesystem boundary (GIT_DISCOVERY_ACROSS_FILESYSTEM not set).
2025-04-15 12:39:31.666 [info] > git rev-parse --show-toplevel [2ms]
2025-04-15 12:39:31.666 [info] fatal: not a git repository (or any parent up to mount point /)
Stopping at filesystem boundary (GIT_DISCOVERY_ACROSS_FILESYSTEM not set).
2025-04-15 12:39:31.699 [info] > git rev-parse --show-toplevel [9ms]
2025-04-15 12:39:31.699 [info] fatal: not a git repository (or any parent up to mount point /)
Stopping at filesystem boundary (GIT_DISCOVERY_ACROSS_FILESYSTEM not set).
2025-04-15 12:39:31.723 [info] > git rev-parse --show-toplevel [2ms]
2025-04-15 12:39:31.723 [info] fatal: not a git repository (or any parent up to mount point /)
Stopping at filesystem boundary (GIT_DISCOVERY_ACROSS_FILESYSTEM not set).
2025-04-15 12:39:31.750 [info] > git rev-parse --show-toplevel [2ms]
2025-04-15 12:39:31.750 [info] fatal: not a git repository (or any parent up to mount point /)
Stopping at filesystem boundary (GIT_DISCOVERY_ACROSS_FILESYSTEM not set).
2025-04-15 12:39:31.776 [info] > git rev-parse --show-toplevel [2ms]
2025-04-15 12:39:31.776 [info] fatal: not a git repository (or any parent up to mount point /)
Stopping at filesystem boundary (GIT_DISCOVERY_ACROSS_FILESYSTEM not set).
2025-04-15 12:39:31.801 [info] > git rev-parse --show-toplevel [2ms]
2025-04-15 12:39:31.801 [info] fatal: not a git repository (or any parent up to mount point /)
Stopping at filesystem boundary (GIT_DISCOVERY_ACROSS_FILESYSTEM not set).
2025-04-15 12:39:31.825 [info] > git rev-parse --show-toplevel [1ms]
2025-04-15 12:39:31.825 [info] fatal: not a git repository (or any parent up to mount point /)
Stopping at filesystem boundary (GIT_DISCOVERY_ACROSS_FILESYSTEM not set).
2025-04-15 12:39:31.850 [info] > git rev-parse --show-toplevel [2ms]
2025-04-15 12:39:31.850 [info] fatal: not a git repository (or any parent up to mount point /)
Stopping at filesystem boundary (GIT_DISCOVERY_ACROSS_FILESYSTEM not set).
2025-04-15 12:39:31.874 [info] > git rev-parse --show-toplevel [2ms]
2025-04-15 12:39:31.874 [info] fatal: not a git repository (or any parent up to mount point /)
Stopping at filesystem boundary (GIT_DISCOVERY_ACROSS_FILESYSTEM not set).
2025-04-15 12:39:31.899 [info] > git rev-parse --show-toplevel [1ms]
2025-04-15 12:39:31.899 [info] fatal: not a git repository (or any parent up to mount point /)
Stopping at filesystem boundary (GIT_DISCOVERY_ACROSS_FILESYSTEM not set).
2025-04-15 12:39:31.923 [info] > git rev-parse --show-toplevel [1ms]
2025-04-15 12:39:31.923 [info] fatal: not a git repository (or any parent up to mount point /)
Stopping at filesystem boundary (GIT_DISCOVERY_ACROSS_FILESYSTEM not set).
2025-04-15 12:39:31.948 [info] > git rev-parse --show-toplevel [2ms]
2025-04-15 12:39:31.948 [info] fatal: not a git repository (or any parent up to mount point /)
Stopping at filesystem boundary (GIT_DISCOVERY_ACROSS_FILESYSTEM not set).
2025-04-15 12:39:31.971 [info] > git rev-parse --show-toplevel [1ms]
2025-04-15 12:39:31.971 [info] fatal: not a git repository (or any parent up to mount point /)
Stopping at filesystem boundary (GIT_DISCOVERY_ACROSS_FILESYSTEM not set).
2025-04-15 12:39:31.996 [info] > git rev-parse --show-toplevel [2ms]
2025-04-15 12:39:31.996 [info] fatal: not a git repository (or any parent up to mount point /)
Stopping at filesystem boundary (GIT_DISCOVERY_ACROSS_FILESYSTEM not set).
2025-04-15 12:39:32.022 [info] > git rev-parse --show-toplevel [4ms]
2025-04-15 12:39:32.022 [info] fatal: not a git repository (or any parent up to mount point /)
Stopping at filesystem boundary (GIT_DISCOVERY_ACROSS_FILESYSTEM not set).
2025-04-15 12:39:32.049 [info] > git rev-parse --show-toplevel [1ms]
2025-04-15 12:39:32.049 [info] fatal: not a git repository (or any parent up to mount point /)
Stopping at filesystem boundary (GIT_DISCOVERY_ACROSS_FILESYSTEM not set).
2025-04-15 12:39:32.073 [info] > git rev-parse --show-toplevel [1ms]
2025-04-15 12:39:32.073 [info] fatal: not a git repository (or any parent up to mount point /)
Stopping at filesystem boundary (GIT_DISCOVERY_ACROSS_FILESYSTEM not set).
2025-04-15 12:39:32.105 [info] > git rev-parse --show-toplevel [8ms]
2025-04-15 12:39:32.105 [info] fatal: not a git repository (or any parent up to mount point /)
Stopping at filesystem boundary (GIT_DISCOVERY_ACROSS_FILESYSTEM not set).
2025-04-15 12:39:32.129 [info] > git rev-parse --show-toplevel [1ms]
2025-04-15 12:39:32.129 [info] fatal: not a git repository (or any parent up to mount point /)
Stopping at filesystem boundary (GIT_DISCOVERY_ACROSS_FILESYSTEM not set).
2025-04-15 12:39:32.156 [info] > git rev-parse --show-toplevel [3ms]
2025-04-15 12:39:32.156 [info] fatal: not a git repository (or any parent up to mount point /)
Stopping at filesystem boundary (GIT_DISCOVERY_ACROSS_FILESYSTEM not set).
2025-04-15 12:39:32.180 [info] > git rev-parse --show-toplevel [1ms]
2025-04-15 12:39:32.180 [info] fatal: not a git repository (or any parent up to mount point /)
Stopping at filesystem boundary (GIT_DISCOVERY_ACROSS_FILESYSTEM not set).
2025-04-15 12:39:32.203 [info] > git rev-parse --show-toplevel [1ms]
2025-04-15 12:39:32.203 [info] fatal: not a git repository (or any parent up to mount point /)
Stopping at filesystem boundary (GIT_DISCOVERY_ACROSS_FILESYSTEM not set).
2025-04-15 12:39:32.204 [info] [Model][doInitialScan] Initial repository scan completed - repositories (0), closed repositories (0), parent repositories (0), unsafe repositories (0)
2025-04-15 12:39:32.228 [info] > git rev-parse --show-toplevel [1ms]
2025-04-15 12:39:32.228 [info] fatal: not a git repository (or any parent up to mount point /)
Stopping at filesystem boundary (GIT_DISCOVERY_ACROSS_FILESYSTEM not set).
2025-04-15 12:39:44.443 [info] > git rev-parse --show-toplevel [2ms]
2025-04-15 12:39:44.443 [info] fatal: not a git repository (or any parent up to mount point /)
Stopping at filesystem boundary (GIT_DISCOVERY_ACROSS_FILESYSTEM not set).
